{"C:\\Users\\nauna\\projects\\E-ctrl\\app\\layout.tsx": {"path":"C:\\Users\\nauna\\projects\\E-ctrl\\app\\layout.tsx","statementMap":{"0":{"start":{"line":56,"column":24},"end":{"line":56,"column":35}},"1":{"start":{"line":9,"column":13},"end":{"line":9,"column":21}},"2":{"start":{"line":2,"column":22},"end":{"line":2,"column":null}},"3":{"start":{"line":4,"column":26},"end":{"line":4,"column":null}},"4":{"start":{"line":5,"column":7},"end":{"line":5,"column":null}},"5":{"start":{"line":7,"column":14},"end":{"line":7,"column":null}},"6":{"start":{"line":9,"column":34},"end":{"line":54,"column":null}}},"fnMap":{"0":{"name":"RootLayout","decl":{"start":{"line":56,"column":24},"end":{"line":56,"column":35}},"loc":{"start":{"line":60,"column":1},"end":{"line":85,"column":1}}}},"branchMap":{"0":{"loc":{"start":{"line":81,"column":9},"end":{"line":81,"column":null}},"type":"binary-expr","locations":[{"start":{"line":81,"column":9},"end":{"line":81,"column":50}},{"start":{"line":81,"column":50},"end":{"line":81,"column":68}},{"start":{"line":81,"column":72},"end":{"line":81,"column":null}}]}},"s":{"0":0,"1":0,"2":0,"3":0,"4":0,"5":0,"6":0},"f":{"0":0},"b":{"0":[0,0,0]}}
,"C:\\Users\\nauna\\projects\\E-ctrl\\app\\page.tsx": {"path":"C:\\Users\\nauna\\projects\\E-ctrl\\app\\page.tsx","statementMap":{"0":{"start":{"line":28,"column":24},"end":{"line":28,"column":null}},"1":{"start":{"line":3,"column":45},"end":{"line":3,"column":null}},"2":{"start":{"line":4,"column":29},"end":{"line":4,"column":null}},"3":{"start":{"line":5,"column":17},"end":{"line":5,"column":null}},"4":{"start":{"line":6,"column":26},"end":{"line":6,"column":null}},"5":{"start":{"line":8,"column":23},"end":{"line":8,"column":null}},"6":{"start":{"line":9,"column":25},"end":{"line":9,"column":null}},"7":{"start":{"line":12,"column":30},"end":{"line":12,"column":null}},"8":{"start":{"line":13,"column":21},"end":{"line":13,"column":null}},"9":{"start":{"line":14,"column":30},"end":{"line":14,"column":null}},"10":{"start":{"line":15,"column":33},"end":{"line":15,"column":null}},"11":{"start":{"line":16,"column":25},"end":{"line":16,"column":null}},"12":{"start":{"line":18,"column":26},"end":{"line":18,"column":null}},"13":{"start":{"line":19,"column":35},"end":{"line":19,"column":null}},"14":{"start":{"line":20,"column":22},"end":{"line":20,"column":null}},"15":{"start":{"line":21,"column":31},"end":{"line":21,"column":null}},"16":{"start":{"line":22,"column":34},"end":{"line":22,"column":null}},"17":{"start":{"line":23,"column":26},"end":{"line":23,"column":null}},"18":{"start":{"line":24,"column":24},"end":{"line":24,"column":null}},"19":{"start":{"line":25,"column":23},"end":{"line":25,"column":null}},"20":{"start":{"line":26,"column":92},"end":{"line":26,"column":null}},"21":{"start":{"line":30,"column":2},"end":{"line":30,"column":null}},"22":{"start":{"line":33,"column":26},"end":{"line":33,"column":null}},"23":{"start":{"line":34,"column":36},"end":{"line":34,"column":null}},"24":{"start":{"line":35,"column":38},"end":{"line":35,"column":null}},"25":{"start":{"line":36,"column":40},"end":{"line":36,"column":null}},"26":{"start":{"line":37,"column":44},"end":{"line":37,"column":null}},"27":{"start":{"line":38,"column":46},"end":{"line":38,"column":null}},"28":{"start":{"line":39,"column":46},"end":{"line":39,"column":null}},"29":{"start":{"line":42,"column":52},"end":{"line":42,"column":null}},"30":{"start":{"line":43,"column":38},"end":{"line":43,"column":null}},"31":{"start":{"line":44,"column":36},"end":{"line":44,"column":null}},"32":{"start":{"line":45,"column":48},"end":{"line":45,"column":null}},"33":{"start":{"line":48,"column":34},"end":{"line":53,"column":null}},"34":{"start":{"line":54,"column":40},"end":{"line":54,"column":null}},"35":{"start":{"line":55,"column":42},"end":{"line":55,"column":null}},"36":{"start":{"line":56,"column":30},"end":{"line":56,"column":null}},"37":{"start":{"line":57,"column":52},"end":{"line":62,"column":null}},"38":{"start":{"line":65,"column":21},"end":{"line":69,"column":null}},"39":{"start":{"line":65,"column":36},"end":{"line":69,"column":6}},"40":{"start":{"line":75,"column":26},"end":{"line":86,"column":null}},"41":{"start":{"line":76,"column":4},"end":{"line":85,"column":null}},"42":{"start":{"line":77,"column":22},"end":{"line":77,"column":null}},"43":{"start":{"line":78,"column":6},"end":{"line":84,"column":null}},"44":{"start":{"line":79,"column":32},"end":{"line":79,"column":null}},"45":{"start":{"line":80,"column":8},"end":{"line":83,"column":null}},"46":{"start":{"line":89,"column":27},"end":{"line":94,"column":null}},"47":{"start":{"line":90,"column":4},"end":{"line":93,"column":null}},"48":{"start":{"line":97,"column":2},"end":{"line":104,"column":null}},"49":{"start":{"line":98,"column":4},"end":{"line":103,"column":null}},"50":{"start":{"line":108,"column":27},"end":{"line":179,"column":null}},"51":{"start":{"line":109,"column":4},"end":{"line":109,"column":null}},"52":{"start":{"line":110,"column":4},"end":{"line":110,"column":null}},"53":{"start":{"line":111,"column":4},"end":{"line":111,"column":null}},"54":{"start":{"line":112,"column":4},"end":{"line":112,"column":null}},"55":{"start":{"line":113,"column":4},"end":{"line":113,"column":null}},"56":{"start":{"line":116,"column":4},"end":{"line":116,"column":43}},"57":{"start":{"line":118,"column":4},"end":{"line":178,"column":null}},"58":{"start":{"line":120,"column":26},"end":{"line":128,"column":null}},"59":{"start":{"line":129,"column":6},"end":{"line":129,"column":null}},"60":{"start":{"line":131,"column":23},"end":{"line":135,"column":null}},"61":{"start":{"line":137,"column":6},"end":{"line":171,"column":null}},"62":{"start":{"line":138,"column":23},"end":{"line":138,"column":null}},"63":{"start":{"line":139,"column":8},"end":{"line":139,"column":null}},"64":{"start":{"line":140,"column":8},"end":{"line":145,"column":null}},"65":{"start":{"line":147,"column":8},"end":{"line":147,"column":null}},"66":{"start":{"line":150,"column":26},"end":{"line":150,"column":null}},"67":{"start":{"line":151,"column":8},"end":{"line":155,"column":null}},"68":{"start":{"line":158,"column":8},"end":{"line":170,"column":null}},"69":{"start":{"line":159,"column":10},"end":{"line":167,"column":null}},"70":{"start":{"line":169,"column":10},"end":{"line":169,"column":null}},"71":{"start":{"line":173,"column":6},"end":{"line":173,"column":null}},"72":{"start":{"line":175,"column":6},"end":{"line":175,"column":null}},"73":{"start":{"line":177,"column":6},"end":{"line":177,"column":null}},"74":{"start":{"line":182,"column":33},"end":{"line":307,"column":null}},"75":{"start":{"line":183,"column":4},"end":{"line":183,"column":null}},"76":{"start":{"line":184,"column":4},"end":{"line":184,"column":null}},"77":{"start":{"line":185,"column":4},"end":{"line":185,"column":null}},"78":{"start":{"line":186,"column":4},"end":{"line":186,"column":null}},"79":{"start":{"line":187,"column":4},"end":{"line":187,"column":26}},"80":{"start":{"line":190,"column":4},"end":{"line":190,"column":null}},"81":{"start":{"line":192,"column":4},"end":{"line":306,"column":null}},"82":{"start":{"line":194,"column":26},"end":{"line":206,"column":null}},"83":{"start":{"line":208,"column":23},"end":{"line":212,"column":null}},"84":{"start":{"line":214,"column":6},"end":{"line":299,"column":null}},"85":{"start":{"line":215,"column":23},"end":{"line":215,"column":null}},"86":{"start":{"line":216,"column":8},"end":{"line":216,"column":null}},"87":{"start":{"line":218,"column":6},"end":{"line":258,"column":null}},"88":{"start":{"line":220,"column":28},"end":{"line":220,"column":55}},"89":{"start":{"line":221,"column":24},"end":{"line":221,"column":47}},"90":{"start":{"line":223,"column":8},"end":{"line":223,"column":null}},"91":{"start":{"line":224,"column":8},"end":{"line":224,"column":null}},"92":{"start":{"line":225,"column":8},"end":{"line":225,"column":null}},"93":{"start":{"line":226,"column":8},"end":{"line":226,"column":null}},"94":{"start":{"line":229,"column":36},"end":{"line":229,"column":38}},"95":{"start":{"line":230,"column":8},"end":{"line":232,"column":null}},"96":{"start":{"line":231,"column":10},"end":{"line":231,"column":null}},"97":{"start":{"line":233,"column":8},"end":{"line":235,"column":null}},"98":{"start":{"line":234,"column":10},"end":{"line":234,"column":null}},"99":{"start":{"line":236,"column":8},"end":{"line":238,"column":null}},"100":{"start":{"line":237,"column":10},"end":{"line":237,"column":null}},"101":{"start":{"line":240,"column":8},"end":{"line":242,"column":null}},"102":{"start":{"line":241,"column":10},"end":{"line":241,"column":null}},"103":{"start":{"line":244,"column":8},"end":{"line":252,"column":null}},"104":{"start":{"line":254,"column":8},"end":{"line":254,"column":null}},"105":{"start":{"line":256,"column":8},"end":{"line":256,"column":null}},"106":{"start":{"line":257,"column":8},"end":{"line":257,"column":null}},"107":{"start":{"line":261,"column":26},"end":{"line":261,"column":null}},"108":{"start":{"line":262,"column":8},"end":{"line":266,"column":null}},"109":{"start":{"line":269,"column":8},"end":{"line":298,"column":null}},"110":{"start":{"line":270,"column":10},"end":{"line":270,"column":null}},"111":{"start":{"line":272,"column":10},"end":{"line":282,"column":null}},"112":{"start":{"line":285,"column":10},"end":{"line":297,"column":null}},"113":{"start":{"line":286,"column":12},"end":{"line":294,"column":null}},"114":{"start":{"line":296,"column":12},"end":{"line":296,"column":null}},"115":{"start":{"line":301,"column":4},"end":{"line":301,"column":null}},"116":{"start":{"line":303,"column":4},"end":{"line":303,"column":null}},"117":{"start":{"line":305,"column":4},"end":{"line":305,"column":null}},"118":{"start":{"line":310,"column":36},"end":{"line":442,"column":null}},"119":{"start":{"line":325,"column":4},"end":{"line":325,"column":null}},"120":{"start":{"line":327,"column":4},"end":{"line":327,"column":null}},"121":{"start":{"line":328,"column":4},"end":{"line":328,"column":null}},"122":{"start":{"line":329,"column":4},"end":{"line":329,"column":null}},"123":{"start":{"line":330,"column":4},"end":{"line":330,"column":26}},"124":{"start":{"line":333,"column":4},"end":{"line":333,"column":null}},"125":{"start":{"line":335,"column":4},"end":{"line":441,"column":null}},"126":{"start":{"line":337,"column":26},"end":{"line":363,"column":null}},"127":{"start":{"line":365,"column":23},"end":{"line":369,"column":null}},"128":{"start":{"line":371,"column":6},"end":{"line":434,"column":null}},"129":{"start":{"line":372,"column":23},"end":{"line":372,"column":null}},"130":{"start":{"line":373,"column":8},"end":{"line":373,"column":null}},"131":{"start":{"line":375,"column":8},"end":{"line":410,"column":null}},"132":{"start":{"line":377,"column":30},"end":{"line":377,"column":57}},"133":{"start":{"line":378,"column":26},"end":{"line":378,"column":49}},"134":{"start":{"line":381,"column":38},"end":{"line":381,"column":40}},"135":{"start":{"line":382,"column":10},"end":{"line":384,"column":null}},"136":{"start":{"line":383,"column":12},"end":{"line":383,"column":null}},"137":{"start":{"line":385,"column":10},"end":{"line":387,"column":null}},"138":{"start":{"line":386,"column":12},"end":{"line":386,"column":null}},"139":{"start":{"line":388,"column":10},"end":{"line":390,"column":null}},"140":{"start":{"line":389,"column":12},"end":{"line":389,"column":null}},"141":{"start":{"line":392,"column":10},"end":{"line":394,"column":null}},"142":{"start":{"line":393,"column":12},"end":{"line":393,"column":null}},"143":{"start":{"line":396,"column":10},"end":{"line":404,"column":null}},"144":{"start":{"line":406,"column":10},"end":{"line":406,"column":null}},"145":{"start":{"line":408,"column":10},"end":{"line":408,"column":null}},"146":{"start":{"line":409,"column":10},"end":{"line":409,"column":null}},"147":{"start":{"line":413,"column":26},"end":{"line":413,"column":null}},"148":{"start":{"line":414,"column":8},"end":{"line":418,"column":null}},"149":{"start":{"line":421,"column":8},"end":{"line":433,"column":null}},"150":{"start":{"line":422,"column":10},"end":{"line":430,"column":null}},"151":{"start":{"line":432,"column":10},"end":{"line":432,"column":null}},"152":{"start":{"line":436,"column":6},"end":{"line":436,"column":null}},"153":{"start":{"line":438,"column":6},"end":{"line":438,"column":null}},"154":{"start":{"line":440,"column":6},"end":{"line":440,"column":null}},"155":{"start":{"line":445,"column":23},"end":{"line":449,"column":null}},"156":{"start":{"line":446,"column":4},"end":{"line":446,"column":null}},"157":{"start":{"line":448,"column":4},"end":{"line":448,"column":null}},"158":{"start":{"line":452,"column":28},"end":{"line":534,"column":null}},"159":{"start":{"line":453,"column":4},"end":{"line":453,"column":null}},"160":{"start":{"line":454,"column":4},"end":{"line":454,"column":null}},"161":{"start":{"line":455,"column":4},"end":{"line":455,"column":null}},"162":{"start":{"line":456,"column":4},"end":{"line":456,"column":33}},"163":{"start":{"line":459,"column":4},"end":{"line":493,"column":null}},"164":{"start":{"line":460,"column":6},"end":{"line":492,"column":null}},"165":{"start":{"line":462,"column":28},"end":{"line":474,"column":null}},"166":{"start":{"line":476,"column":8},"end":{"line":476,"column":null}},"167":{"start":{"line":478,"column":25},"end":{"line":482,"column":null}},"168":{"start":{"line":484,"column":8},"end":{"line":489,"column":null}},"169":{"start":{"line":485,"column":25},"end":{"line":485,"column":null}},"170":{"start":{"line":486,"column":10},"end":{"line":486,"column":null}},"171":{"start":{"line":488,"column":10},"end":{"line":488,"column":null}},"172":{"start":{"line":491,"column":8},"end":{"line":491,"column":null}},"173":{"start":{"line":496,"column":4},"end":{"line":530,"column":null}},"174":{"start":{"line":498,"column":26},"end":{"line":509,"column":null}},"175":{"start":{"line":511,"column":23},"end":{"line":520,"column":null}},"176":{"start":{"line":522,"column":6},"end":{"line":527,"column":null}},"177":{"start":{"line":523,"column":23},"end":{"line":523,"column":null}},"178":{"start":{"line":524,"column":8},"end":{"line":524,"column":null}},"179":{"start":{"line":526,"column":8},"end":{"line":526,"column":null}},"180":{"start":{"line":529,"column":6},"end":{"line":529,"column":null}},"181":{"start":{"line":533,"column":4},"end":{"line":533,"column":null}},"182":{"start":{"line":537,"column":30},"end":{"line":620,"column":null}},"183":{"start":{"line":538,"column":4},"end":{"line":538,"column":null}},"184":{"start":{"line":539,"column":4},"end":{"line":539,"column":null}},"185":{"start":{"line":540,"column":4},"end":{"line":540,"column":30}},"186":{"start":{"line":541,"column":4},"end":{"line":541,"column":29}},"187":{"start":{"line":542,"column":4},"end":{"line":542,"column":33}},"188":{"start":{"line":545,"column":4},"end":{"line":579,"column":null}},"189":{"start":{"line":546,"column":6},"end":{"line":578,"column":null}},"190":{"start":{"line":548,"column":28},"end":{"line":560,"column":null}},"191":{"start":{"line":562,"column":8},"end":{"line":562,"column":null}},"192":{"start":{"line":564,"column":25},"end":{"line":568,"column":null}},"193":{"start":{"line":570,"column":8},"end":{"line":575,"column":null}},"194":{"start":{"line":571,"column":25},"end":{"line":571,"column":null}},"195":{"start":{"line":572,"column":10},"end":{"line":572,"column":null}},"196":{"start":{"line":574,"column":10},"end":{"line":574,"column":null}},"197":{"start":{"line":577,"column":8},"end":{"line":577,"column":null}},"198":{"start":{"line":582,"column":4},"end":{"line":616,"column":null}},"199":{"start":{"line":584,"column":26},"end":{"line":595,"column":null}},"200":{"start":{"line":597,"column":23},"end":{"line":606,"column":null}},"201":{"start":{"line":608,"column":6},"end":{"line":613,"column":null}},"202":{"start":{"line":609,"column":23},"end":{"line":609,"column":null}},"203":{"start":{"line":610,"column":8},"end":{"line":610,"column":null}},"204":{"start":{"line":612,"column":8},"end":{"line":612,"column":null}},"205":{"start":{"line":615,"column":6},"end":{"line":615,"column":null}},"206":{"start":{"line":619,"column":4},"end":{"line":619,"column":null}},"207":{"start":{"line":623,"column":28},"end":{"line":679,"column":null}},"208":{"start":{"line":624,"column":4},"end":{"line":624,"column":null}},"209":{"start":{"line":625,"column":4},"end":{"line":625,"column":null}},"210":{"start":{"line":628,"column":4},"end":{"line":628,"column":null}},"211":{"start":{"line":629,"column":4},"end":{"line":629,"column":null}},"212":{"start":{"line":631,"column":4},"end":{"line":678,"column":null}},"213":{"start":{"line":632,"column":6},"end":{"line":632,"column":null}},"214":{"start":{"line":635,"column":26},"end":{"line":646,"column":null}},"215":{"start":{"line":648,"column":6},"end":{"line":648,"column":null}},"216":{"start":{"line":651,"column":23},"end":{"line":660,"column":null}},"217":{"start":{"line":662,"column":6},"end":{"line":672,"column":null}},"218":{"start":{"line":663,"column":23},"end":{"line":663,"column":null}},"219":{"start":{"line":664,"column":8},"end":{"line":664,"column":null}},"220":{"start":{"line":667,"column":8},"end":{"line":667,"column":null}},"221":{"start":{"line":669,"column":26},"end":{"line":669,"column":null}},"222":{"start":{"line":670,"column":8},"end":{"line":670,"column":null}},"223":{"start":{"line":671,"column":8},"end":{"line":671,"column":null}},"224":{"start":{"line":674,"column":6},"end":{"line":674,"column":null}},"225":{"start":{"line":675,"column":6},"end":{"line":675,"column":null}},"226":{"start":{"line":677,"column":6},"end":{"line":677,"column":null}},"227":{"start":{"line":682,"column":24},"end":{"line":695,"column":null}},"228":{"start":{"line":683,"column":4},"end":{"line":683,"column":31}},"229":{"start":{"line":684,"column":4},"end":{"line":684,"column":32}},"230":{"start":{"line":686,"column":4},"end":{"line":694,"column":null}},"231":{"start":{"line":687,"column":35},"end":{"line":687,"column":null}},"232":{"start":{"line":688,"column":6},"end":{"line":693,"column":null}},"233":{"start":{"line":689,"column":8},"end":{"line":689,"column":null}},"234":{"start":{"line":692,"column":8},"end":{"line":692,"column":null}},"235":{"start":{"line":698,"column":25},"end":{"line":710,"column":null}},"236":{"start":{"line":700,"column":4},"end":{"line":700,"column":null}},"237":{"start":{"line":703,"column":4},"end":{"line":709,"column":13}},"238":{"start":{"line":704,"column":6},"end":{"line":708,"column":null}},"239":{"start":{"line":705,"column":8},"end":{"line":705,"column":null}},"240":{"start":{"line":707,"column":8},"end":{"line":707,"column":null}}},"fnMap":{"0":{"name":"HomePage","decl":{"start":{"line":28,"column":24},"end":{"line":28,"column":null}},"loc":{"start":{"line":28,"column":24},"end":{"line":844,"column":null}}},"1":{"name":"(anonymous_3)","decl":{"start":{"line":65,"column":29},"end":{"line":65,"column":36}},"loc":{"start":{"line":65,"column":36},"end":{"line":69,"column":6}}},"2":{"name":"(anonymous_4)","decl":{"start":{"line":75,"column":26},"end":{"line":75,"column":27}},"loc":{"start":{"line":75,"column":64},"end":{"line":86,"column":null}}},"3":{"name":"(anonymous_5)","decl":{"start":{"line":76,"column":15},"end":{"line":76,"column":null}},"loc":{"start":{"line":76,"column":15},"end":{"line":85,"column":7}}},"4":{"name":"(anonymous_6)","decl":{"start":{"line":89,"column":27},"end":{"line":89,"column":null}},"loc":{"start":{"line":89,"column":27},"end":{"line":94,"column":null}}},"5":{"name":"(anonymous_7)","decl":{"start":{"line":97,"column":12},"end":{"line":97,"column":null}},"loc":{"start":{"line":97,"column":12},"end":{"line":104,"column":5}}},"6":{"name":"(anonymous_8)","decl":{"start":{"line":108,"column":27},"end":{"line":108,"column":34}},"loc":{"start":{"line":108,"column":34},"end":{"line":179,"column":null}}},"7":{"name":"(anonymous_9)","decl":{"start":{"line":182,"column":33},"end":{"line":182,"column":40}},"loc":{"start":{"line":182,"column":40},"end":{"line":307,"column":null}}},"8":{"name":"(anonymous_10)","decl":{"start":{"line":310,"column":36},"end":{"line":310,"column":43}},"loc":{"start":{"line":310,"column":43},"end":{"line":442,"column":null}}},"9":{"name":"(anonymous_11)","decl":{"start":{"line":445,"column":23},"end":{"line":445,"column":null}},"loc":{"start":{"line":445,"column":23},"end":{"line":449,"column":null}}},"10":{"name":"(anonymous_12)","decl":{"start":{"line":452,"column":28},"end":{"line":452,"column":35}},"loc":{"start":{"line":452,"column":35},"end":{"line":534,"column":null}}},"11":{"name":"(anonymous_13)","decl":{"start":{"line":537,"column":30},"end":{"line":537,"column":37}},"loc":{"start":{"line":537,"column":52},"end":{"line":620,"column":null}}},"12":{"name":"(anonymous_14)","decl":{"start":{"line":623,"column":28},"end":{"line":623,"column":35}},"loc":{"start":{"line":623,"column":35},"end":{"line":679,"column":null}}},"13":{"name":"(anonymous_15)","decl":{"start":{"line":682,"column":24},"end":{"line":682,"column":null}},"loc":{"start":{"line":682,"column":24},"end":{"line":695,"column":null}}},"14":{"name":"(anonymous_16)","decl":{"start":{"line":686,"column":15},"end":{"line":686,"column":null}},"loc":{"start":{"line":686,"column":15},"end":{"line":694,"column":7}}},"15":{"name":"(anonymous_17)","decl":{"start":{"line":698,"column":25},"end":{"line":698,"column":null}},"loc":{"start":{"line":698,"column":25},"end":{"line":710,"column":null}}},"16":{"name":"(anonymous_18)","decl":{"start":{"line":703,"column":15},"end":{"line":703,"column":null}},"loc":{"start":{"line":703,"column":15},"end":{"line":709,"column":7}}}},"branchMap":{"0":{"loc":{"start":{"line":75,"column":46},"end":{"line":75,"column":64}},"type":"default-arg","locations":[{"start":{"line":75,"column":63},"end":{"line":75,"column":64}}]},"1":{"loc":{"start":{"line":78,"column":6},"end":{"line":84,"column":null}},"type":"if","locations":[{"start":{"line":78,"column":6},"end":{"line":84,"column":null}},{"start":{},"end":{}}]},"2":{"loc":{"start":{"line":102,"column":16},"end":{"line":102,"column":null}},"type":"cond-expr","locations":[{"start":{"line":102,"column":27},"end":{"line":102,"column":42}},{"start":{"line":102,"column":42},"end":{"line":102,"column":null}}]},"3":{"loc":{"start":{"line":137,"column":6},"end":{"line":171,"column":null}},"type":"if","locations":[{"start":{"line":137,"column":6},"end":{"line":171,"column":null}},{"start":{"line":148,"column":13},"end":{"line":171,"column":null}}]},"4":{"loc":{"start":{"line":141,"column":17},"end":{"line":141,"column":null}},"type":"binary-expr","locations":[{"start":{"line":141,"column":17},"end":{"line":141,"column":38}},{"start":{"line":141,"column":42},"end":{"line":141,"column":null}}]},"5":{"loc":{"start":{"line":142,"column":22},"end":{"line":142,"column":54}},"type":"binary-expr","locations":[{"start":{"line":142,"column":22},"end":{"line":142,"column":48}},{"start":{"line":142,"column":52},"end":{"line":142,"column":54}}]},"6":{"loc":{"start":{"line":143,"column":27},"end":{"line":143,"column":64}},"type":"binary-expr","locations":[{"start":{"line":143,"column":27},"end":{"line":143,"column":58}},{"start":{"line":143,"column":62},"end":{"line":143,"column":64}}]},"7":{"loc":{"start":{"line":144,"column":28},"end":{"line":144,"column":null}},"type":"binary-expr","locations":[{"start":{"line":144,"column":28},"end":{"line":144,"column":60}},{"start":{"line":144,"column":64},"end":{"line":144,"column":null}}]},"8":{"loc":{"start":{"line":158,"column":8},"end":{"line":170,"column":null}},"type":"if","locations":[{"start":{"line":158,"column":8},"end":{"line":170,"column":null}},{"start":{"line":168,"column":15},"end":{"line":170,"column":null}}]},"9":{"loc":{"start":{"line":214,"column":6},"end":{"line":299,"column":null}},"type":"if","locations":[{"start":{"line":214,"column":6},"end":{"line":299,"column":null}},{"start":{"line":259,"column":13},"end":{"line":299,"column":null}}]},"10":{"loc":{"start":{"line":218,"column":6},"end":{"line":258,"column":null}},"type":"if","locations":[{"start":{"line":218,"column":6},"end":{"line":258,"column":null}},{"start":{"line":255,"column":13},"end":{"line":258,"column":null}}]},"11":{"loc":{"start":{"line":218,"column":10},"end":{"line":218,"column":43}},"type":"binary-expr","locations":[{"start":{"line":218,"column":10},"end":{"line":218,"column":24}},{"start":{"line":218,"column":28},"end":{"line":218,"column":43}}]},"12":{"loc":{"start":{"line":230,"column":8},"end":{"line":232,"column":null}},"type":"if","locations":[{"start":{"line":230,"column":8},"end":{"line":232,"column":null}},{"start":{},"end":{}}]},"13":{"loc":{"start":{"line":233,"column":8},"end":{"line":235,"column":null}},"type":"if","locations":[{"start":{"line":233,"column":8},"end":{"line":235,"column":null}},{"start":{},"end":{}}]},"14":{"loc":{"start":{"line":236,"column":8},"end":{"line":238,"column":null}},"type":"if","locations":[{"start":{"line":236,"column":8},"end":{"line":238,"column":null}},{"start":{},"end":{}}]},"15":{"loc":{"start":{"line":240,"column":8},"end":{"line":242,"column":null}},"type":"if","locations":[{"start":{"line":240,"column":8},"end":{"line":242,"column":null}},{"start":{},"end":{}}]},"16":{"loc":{"start":{"line":247,"column":27},"end":{"line":247,"column":51}},"type":"binary-expr","locations":[{"start":{"line":247,"column":27},"end":{"line":247,"column":49}},{"start":{"line":247,"column":49},"end":{"line":247,"column":51}}]},"17":{"loc":{"start":{"line":269,"column":8},"end":{"line":298,"column":null}},"type":"if","locations":[{"start":{"line":269,"column":8},"end":{"line":298,"column":null}},{"start":{"line":283,"column":15},"end":{"line":298,"column":null}}]},"18":{"loc":{"start":{"line":285,"column":10},"end":{"line":297,"column":null}},"type":"if","locations":[{"start":{"line":285,"column":10},"end":{"line":297,"column":null}},{"start":{"line":295,"column":17},"end":{"line":297,"column":null}}]},"19":{"loc":{"start":{"line":371,"column":6},"end":{"line":434,"column":null}},"type":"if","locations":[{"start":{"line":371,"column":6},"end":{"line":434,"column":null}},{"start":{"line":411,"column":13},"end":{"line":434,"column":null}}]},"20":{"loc":{"start":{"line":375,"column":8},"end":{"line":410,"column":null}},"type":"if","locations":[{"start":{"line":375,"column":8},"end":{"line":410,"column":null}},{"start":{"line":407,"column":15},"end":{"line":410,"column":null}}]},"21":{"loc":{"start":{"line":375,"column":12},"end":{"line":375,"column":45}},"type":"binary-expr","locations":[{"start":{"line":375,"column":12},"end":{"line":375,"column":26}},{"start":{"line":375,"column":30},"end":{"line":375,"column":45}}]},"22":{"loc":{"start":{"line":382,"column":10},"end":{"line":384,"column":null}},"type":"if","locations":[{"start":{"line":382,"column":10},"end":{"line":384,"column":null}},{"start":{},"end":{}}]},"23":{"loc":{"start":{"line":385,"column":10},"end":{"line":387,"column":null}},"type":"if","locations":[{"start":{"line":385,"column":10},"end":{"line":387,"column":null}},{"start":{},"end":{}}]},"24":{"loc":{"start":{"line":388,"column":10},"end":{"line":390,"column":null}},"type":"if","locations":[{"start":{"line":388,"column":10},"end":{"line":390,"column":null}},{"start":{},"end":{}}]},"25":{"loc":{"start":{"line":392,"column":10},"end":{"line":394,"column":null}},"type":"if","locations":[{"start":{"line":392,"column":10},"end":{"line":394,"column":null}},{"start":{},"end":{}}]},"26":{"loc":{"start":{"line":399,"column":29},"end":{"line":399,"column":53}},"type":"binary-expr","locations":[{"start":{"line":399,"column":29},"end":{"line":399,"column":51}},{"start":{"line":399,"column":51},"end":{"line":399,"column":53}}]},"27":{"loc":{"start":{"line":421,"column":8},"end":{"line":433,"column":null}},"type":"if","locations":[{"start":{"line":421,"column":8},"end":{"line":433,"column":null}},{"start":{"line":431,"column":15},"end":{"line":433,"column":null}}]},"28":{"loc":{"start":{"line":459,"column":4},"end":{"line":493,"column":null}},"type":"if","locations":[{"start":{"line":459,"column":4},"end":{"line":493,"column":null}},{"start":{},"end":{}}]},"29":{"loc":{"start":{"line":459,"column":8},"end":{"line":459,"column":41}},"type":"binary-expr","locations":[{"start":{"line":459,"column":8},"end":{"line":459,"column":29}},{"start":{"line":459,"column":29},"end":{"line":459,"column":41}}]},"30":{"loc":{"start":{"line":484,"column":8},"end":{"line":489,"column":null}},"type":"if","locations":[{"start":{"line":484,"column":8},"end":{"line":489,"column":null}},{"start":{"line":487,"column":15},"end":{"line":489,"column":null}}]},"31":{"loc":{"start":{"line":499,"column":15},"end":{"line":499,"column":null}},"type":"binary-expr","locations":[{"start":{"line":499,"column":15},"end":{"line":499,"column":34}},{"start":{"line":499,"column":34},"end":{"line":499,"column":null}}]},"32":{"loc":{"start":{"line":500,"column":20},"end":{"line":500,"column":46}},"type":"binary-expr","locations":[{"start":{"line":500,"column":20},"end":{"line":500,"column":44}},{"start":{"line":500,"column":44},"end":{"line":500,"column":46}}]},"33":{"loc":{"start":{"line":501,"column":25},"end":{"line":501,"column":56}},"type":"binary-expr","locations":[{"start":{"line":501,"column":25},"end":{"line":501,"column":54}},{"start":{"line":501,"column":54},"end":{"line":501,"column":56}}]},"34":{"loc":{"start":{"line":502,"column":26},"end":{"line":502,"column":null}},"type":"binary-expr","locations":[{"start":{"line":502,"column":26},"end":{"line":502,"column":56}},{"start":{"line":502,"column":56},"end":{"line":502,"column":null}}]},"35":{"loc":{"start":{"line":503,"column":14},"end":{"line":503,"column":null}},"type":"cond-expr","locations":[{"start":{"line":503,"column":33},"end":{"line":503,"column":45}},{"start":{"line":503,"column":45},"end":{"line":503,"column":null}}]},"36":{"loc":{"start":{"line":504,"column":20},"end":{"line":504,"column":null}},"type":"cond-expr","locations":[{"start":{"line":504,"column":40},"end":{"line":504,"column":53}},{"start":{"line":504,"column":53},"end":{"line":504,"column":null}}]},"37":{"loc":{"start":{"line":505,"column":18},"end":{"line":505,"column":68}},"type":"binary-expr","locations":[{"start":{"line":505,"column":18},"end":{"line":505,"column":49}},{"start":{"line":505,"column":49},"end":{"line":505,"column":68}}]},"38":{"loc":{"start":{"line":506,"column":20},"end":{"line":506,"column":133}},"type":"cond-expr","locations":[{"start":{"line":506,"column":39},"end":{"line":506,"column":60}},{"start":{"line":506,"column":64},"end":{"line":506,"column":133}}]},"39":{"loc":{"start":{"line":506,"column":64},"end":{"line":506,"column":133}},"type":"binary-expr","locations":[{"start":{"line":506,"column":64},"end":{"line":506,"column":103}},{"start":{"line":506,"column":103},"end":{"line":506,"column":133}}]},"40":{"loc":{"start":{"line":507,"column":18},"end":{"line":507,"column":null}},"type":"cond-expr","locations":[{"start":{"line":507,"column":39},"end":{"line":507,"column":98}},{"start":{"line":507,"column":102},"end":{"line":507,"column":null}}]},"41":{"loc":{"start":{"line":507,"column":39},"end":{"line":507,"column":98}},"type":"binary-expr","locations":[{"start":{"line":507,"column":39},"end":{"line":507,"column":70}},{"start":{"line":507,"column":70},"end":{"line":507,"column":98}}]},"42":{"loc":{"start":{"line":508,"column":21},"end":{"line":508,"column":null}},"type":"cond-expr","locations":[{"start":{"line":508,"column":42},"end":{"line":508,"column":107}},{"start":{"line":508,"column":111},"end":{"line":508,"column":null}}]},"43":{"loc":{"start":{"line":508,"column":42},"end":{"line":508,"column":107}},"type":"binary-expr","locations":[{"start":{"line":508,"column":42},"end":{"line":508,"column":76}},{"start":{"line":508,"column":76},"end":{"line":508,"column":107}}]},"44":{"loc":{"start":{"line":522,"column":6},"end":{"line":527,"column":null}},"type":"if","locations":[{"start":{"line":522,"column":6},"end":{"line":527,"column":null}},{"start":{"line":525,"column":13},"end":{"line":527,"column":null}}]},"45":{"loc":{"start":{"line":545,"column":4},"end":{"line":579,"column":null}},"type":"if","locations":[{"start":{"line":545,"column":4},"end":{"line":579,"column":null}},{"start":{},"end":{}}]},"46":{"loc":{"start":{"line":545,"column":8},"end":{"line":545,"column":41}},"type":"binary-expr","locations":[{"start":{"line":545,"column":8},"end":{"line":545,"column":29}},{"start":{"line":545,"column":29},"end":{"line":545,"column":41}}]},"47":{"loc":{"start":{"line":570,"column":8},"end":{"line":575,"column":null}},"type":"if","locations":[{"start":{"line":570,"column":8},"end":{"line":575,"column":null}},{"start":{"line":573,"column":15},"end":{"line":575,"column":null}}]},"48":{"loc":{"start":{"line":585,"column":15},"end":{"line":585,"column":null}},"type":"binary-expr","locations":[{"start":{"line":585,"column":15},"end":{"line":585,"column":34}},{"start":{"line":585,"column":34},"end":{"line":585,"column":null}}]},"49":{"loc":{"start":{"line":586,"column":20},"end":{"line":586,"column":46}},"type":"binary-expr","locations":[{"start":{"line":586,"column":20},"end":{"line":586,"column":44}},{"start":{"line":586,"column":44},"end":{"line":586,"column":46}}]},"50":{"loc":{"start":{"line":587,"column":25},"end":{"line":587,"column":56}},"type":"binary-expr","locations":[{"start":{"line":587,"column":25},"end":{"line":587,"column":54}},{"start":{"line":587,"column":54},"end":{"line":587,"column":56}}]},"51":{"loc":{"start":{"line":588,"column":26},"end":{"line":588,"column":null}},"type":"binary-expr","locations":[{"start":{"line":588,"column":26},"end":{"line":588,"column":56}},{"start":{"line":588,"column":56},"end":{"line":588,"column":null}}]},"52":{"loc":{"start":{"line":589,"column":14},"end":{"line":589,"column":null}},"type":"cond-expr","locations":[{"start":{"line":589,"column":33},"end":{"line":589,"column":45}},{"start":{"line":589,"column":45},"end":{"line":589,"column":null}}]},"53":{"loc":{"start":{"line":590,"column":20},"end":{"line":590,"column":null}},"type":"cond-expr","locations":[{"start":{"line":590,"column":40},"end":{"line":590,"column":53}},{"start":{"line":590,"column":53},"end":{"line":590,"column":null}}]},"54":{"loc":{"start":{"line":591,"column":18},"end":{"line":591,"column":68}},"type":"binary-expr","locations":[{"start":{"line":591,"column":18},"end":{"line":591,"column":49}},{"start":{"line":591,"column":49},"end":{"line":591,"column":68}}]},"55":{"loc":{"start":{"line":592,"column":20},"end":{"line":592,"column":133}},"type":"cond-expr","locations":[{"start":{"line":592,"column":39},"end":{"line":592,"column":60}},{"start":{"line":592,"column":64},"end":{"line":592,"column":133}}]},"56":{"loc":{"start":{"line":592,"column":64},"end":{"line":592,"column":133}},"type":"binary-expr","locations":[{"start":{"line":592,"column":64},"end":{"line":592,"column":103}},{"start":{"line":592,"column":103},"end":{"line":592,"column":133}}]},"57":{"loc":{"start":{"line":593,"column":18},"end":{"line":593,"column":null}},"type":"cond-expr","locations":[{"start":{"line":593,"column":39},"end":{"line":593,"column":98}},{"start":{"line":593,"column":102},"end":{"line":593,"column":null}}]},"58":{"loc":{"start":{"line":593,"column":39},"end":{"line":593,"column":98}},"type":"binary-expr","locations":[{"start":{"line":593,"column":39},"end":{"line":593,"column":70}},{"start":{"line":593,"column":70},"end":{"line":593,"column":98}}]},"59":{"loc":{"start":{"line":594,"column":21},"end":{"line":594,"column":null}},"type":"cond-expr","locations":[{"start":{"line":594,"column":42},"end":{"line":594,"column":107}},{"start":{"line":594,"column":111},"end":{"line":594,"column":null}}]},"60":{"loc":{"start":{"line":594,"column":42},"end":{"line":594,"column":107}},"type":"binary-expr","locations":[{"start":{"line":594,"column":42},"end":{"line":594,"column":76}},{"start":{"line":594,"column":76},"end":{"line":594,"column":107}}]},"61":{"loc":{"start":{"line":608,"column":6},"end":{"line":613,"column":null}},"type":"if","locations":[{"start":{"line":608,"column":6},"end":{"line":613,"column":null}},{"start":{"line":611,"column":13},"end":{"line":613,"column":null}}]},"62":{"loc":{"start":{"line":636,"column":15},"end":{"line":636,"column":null}},"type":"binary-expr","locations":[{"start":{"line":636,"column":15},"end":{"line":636,"column":34}},{"start":{"line":636,"column":34},"end":{"line":636,"column":null}}]},"63":{"loc":{"start":{"line":637,"column":20},"end":{"line":637,"column":46}},"type":"binary-expr","locations":[{"start":{"line":637,"column":20},"end":{"line":637,"column":44}},{"start":{"line":637,"column":44},"end":{"line":637,"column":46}}]},"64":{"loc":{"start":{"line":638,"column":25},"end":{"line":638,"column":56}},"type":"binary-expr","locations":[{"start":{"line":638,"column":25},"end":{"line":638,"column":54}},{"start":{"line":638,"column":54},"end":{"line":638,"column":56}}]},"65":{"loc":{"start":{"line":639,"column":26},"end":{"line":639,"column":null}},"type":"binary-expr","locations":[{"start":{"line":639,"column":26},"end":{"line":639,"column":56}},{"start":{"line":639,"column":56},"end":{"line":639,"column":null}}]},"66":{"loc":{"start":{"line":640,"column":14},"end":{"line":640,"column":null}},"type":"cond-expr","locations":[{"start":{"line":640,"column":33},"end":{"line":640,"column":45}},{"start":{"line":640,"column":45},"end":{"line":640,"column":null}}]},"67":{"loc":{"start":{"line":641,"column":20},"end":{"line":641,"column":null}},"type":"cond-expr","locations":[{"start":{"line":641,"column":40},"end":{"line":641,"column":53}},{"start":{"line":641,"column":53},"end":{"line":641,"column":null}}]},"68":{"loc":{"start":{"line":642,"column":18},"end":{"line":642,"column":68}},"type":"binary-expr","locations":[{"start":{"line":642,"column":18},"end":{"line":642,"column":49}},{"start":{"line":642,"column":49},"end":{"line":642,"column":68}}]},"69":{"loc":{"start":{"line":643,"column":20},"end":{"line":643,"column":133}},"type":"cond-expr","locations":[{"start":{"line":643,"column":39},"end":{"line":643,"column":60}},{"start":{"line":643,"column":64},"end":{"line":643,"column":133}}]},"70":{"loc":{"start":{"line":643,"column":64},"end":{"line":643,"column":133}},"type":"binary-expr","locations":[{"start":{"line":643,"column":64},"end":{"line":643,"column":103}},{"start":{"line":643,"column":103},"end":{"line":643,"column":133}}]},"71":{"loc":{"start":{"line":644,"column":18},"end":{"line":644,"column":null}},"type":"cond-expr","locations":[{"start":{"line":644,"column":39},"end":{"line":644,"column":98}},{"start":{"line":644,"column":102},"end":{"line":644,"column":null}}]},"72":{"loc":{"start":{"line":644,"column":39},"end":{"line":644,"column":98}},"type":"binary-expr","locations":[{"start":{"line":644,"column":39},"end":{"line":644,"column":70}},{"start":{"line":644,"column":70},"end":{"line":644,"column":98}}]},"73":{"loc":{"start":{"line":645,"column":21},"end":{"line":645,"column":null}},"type":"cond-expr","locations":[{"start":{"line":645,"column":42},"end":{"line":645,"column":107}},{"start":{"line":645,"column":111},"end":{"line":645,"column":null}}]},"74":{"loc":{"start":{"line":645,"column":42},"end":{"line":645,"column":107}},"type":"binary-expr","locations":[{"start":{"line":645,"column":42},"end":{"line":645,"column":76}},{"start":{"line":645,"column":76},"end":{"line":645,"column":107}}]},"75":{"loc":{"start":{"line":662,"column":6},"end":{"line":672,"column":null}},"type":"if","locations":[{"start":{"line":662,"column":6},"end":{"line":672,"column":null}},{"start":{"line":668,"column":13},"end":{"line":672,"column":null}}]},"76":{"loc":{"start":{"line":688,"column":6},"end":{"line":693,"column":null}},"type":"if","locations":[{"start":{"line":688,"column":6},"end":{"line":693,"column":null}},{"start":{"line":690,"column":13},"end":{"line":693,"column":null}}]},"77":{"loc":{"start":{"line":704,"column":6},"end":{"line":708,"column":null}},"type":"if","locations":[{"start":{"line":704,"column":6},"end":{"line":708,"column":null}},{"start":{"line":706,"column":13},"end":{"line":708,"column":null}}]},"78":{"loc":{"start":{"line":720,"column":8},"end":{"line":722,"column":9}},"type":"cond-expr","locations":[{"start":{"line":720,"column":8},"end":{"line":722,"column":9}}]},"79":{"loc":{"start":{"line":740,"column":7},"end":{"line":743,"column":null}},"type":"cond-expr","locations":[{"start":{"line":741,"column":8},"end":{"line":741,"column":null}},{"start":{"line":743,"column":8},"end":{"line":743,"column":null}}]},"80":{"loc":{"start":{"line":760,"column":7},"end":{"line":760,"column":null}},"type":"binary-expr","locations":[{"start":{"line":760,"column":7},"end":{"line":760,"column":null}}]},"81":{"loc":{"start":{"line":763,"column":25},"end":{"line":779,"column":26}},"type":"cond-expr","locations":[{"start":{"line":763,"column":25},"end":{"line":779,"column":26}}]},"82":{"loc":{"start":{"line":764,"column":22},"end":{"line":764,"column":null}},"type":"cond-expr","locations":[{"start":{"line":764,"column":38},"end":{"line":764,"column":62}},{"start":{"line":764,"column":62},"end":{"line":764,"column":null}}]},"83":{"loc":{"start":{"line":764,"column":38},"end":{"line":764,"column":62}},"type":"binary-expr","locations":[{"start":{"line":764,"column":38},"end":{"line":764,"column":57}},{"start":{"line":764,"column":57},"end":{"line":764,"column":62}}]},"84":{"loc":{"start":{"line":765,"column":27},"end":{"line":773,"column":null}},"type":"cond-expr","locations":[{"start":{"line":765,"column":43},"end":{"line":769,"column":20}},{"start":{"line":769,"column":20},"end":{"line":773,"column":null}}]},"85":{"loc":{"start":{"line":765,"column":43},"end":{"line":769,"column":20}},"type":"binary-expr","locations":[{"start":{"line":765,"column":43},"end":{"line":765,"column":67}},{"start":{"line":765,"column":67},"end":{"line":769,"column":20}}]},"86":{"loc":{"start":{"line":781,"column":27},"end":{"line":781,"column":null}},"type":"binary-expr","locations":[{"start":{"line":781,"column":27},"end":{"line":781,"column":48}},{"start":{"line":781,"column":48},"end":{"line":781,"column":null}}]},"87":{"loc":{"start":{"line":783,"column":22},"end":{"line":783,"column":null}},"type":"cond-expr","locations":[{"start":{"line":783,"column":38},"end":{"line":783,"column":62}},{"start":{"line":783,"column":62},"end":{"line":783,"column":null}}]},"88":{"loc":{"start":{"line":783,"column":38},"end":{"line":783,"column":62}},"type":"binary-expr","locations":[{"start":{"line":783,"column":38},"end":{"line":783,"column":57}},{"start":{"line":783,"column":57},"end":{"line":783,"column":62}}]},"89":{"loc":{"start":{"line":784,"column":27},"end":{"line":788,"column":null}},"type":"cond-expr","locations":[{"start":{"line":784,"column":74},"end":{"line":784,"column":93}},{"start":{"line":784,"column":96},"end":{"line":788,"column":null}}]},"90":{"loc":{"start":{"line":784,"column":27},"end":{"line":784,"column":74}},"type":"binary-expr","locations":[{"start":{"line":784,"column":27},"end":{"line":784,"column":43}},{"start":{"line":784,"column":43},"end":{"line":784,"column":74}}]},"91":{"loc":{"start":{"line":785,"column":17},"end":{"line":785,"column":null}},"type":"cond-expr","locations":[{"start":{"line":785,"column":32},"end":{"line":785,"column":63}},{"start":{"line":785,"column":63},"end":{"line":785,"column":null}}]},"92":{"loc":{"start":{"line":786,"column":17},"end":{"line":786,"column":null}},"type":"cond-expr","locations":[{"start":{"line":786,"column":32},"end":{"line":786,"column":82}},{"start":{"line":786,"column":82},"end":{"line":786,"column":null}}]},"93":{"loc":{"start":{"line":787,"column":17},"end":{"line":787,"column":null}},"type":"cond-expr","locations":[{"start":{"line":787,"column":32},"end":{"line":787,"column":61}},{"start":{"line":787,"column":61},"end":{"line":787,"column":null}}]},"94":{"loc":{"start":{"line":796,"column":7},"end":{"line":796,"column":28}},"type":"binary-expr","locations":[{"start":{"line":796,"column":7},"end":{"line":796,"column":28}},{"start":{"line":796,"column":28},"end":{"line":796,"column":48}},{"start":{"line":796,"column":48},"end":{"line":796,"column":null}}]},"95":{"loc":{"start":{"line":807,"column":7},"end":{"line":807,"column":null}},"type":"binary-expr","locations":[{"start":{"line":807,"column":7},"end":{"line":807,"column":null}}]},"96":{"loc":{"start":{"line":818,"column":7},"end":{"line":818,"column":24}},"type":"binary-expr","locations":[{"start":{"line":818,"column":7},"end":{"line":818,"column":24}},{"start":{"line":818,"column":24},"end":{"line":818,"column":null}}]},"97":{"loc":{"start":{"line":829,"column":7},"end":{"line":829,"column":null}},"type":"binary-expr","locations":[{"start":{"line":829,"column":7},"end":{"line":829,"column":null}}]},"98":{"loc":{"start":{"line":832,"column":12},"end":{"line":834,"column":13}},"type":"cond-expr","locations":[{"start":{"line":832,"column":12},"end":{"line":834,"column":13}}]}},"s":{"0":0,"1":0,"2":0,"3":0,"4":0,"5":0,"6":0,"7":0,"8":0,"9":0,"10":0,"11":0,"12":0,"13":0,"14":0,"15":0,"16":0,"17":0,"18":0,"19":0,"20":0,"21":0,"22":0,"23":0,"24":0,"25":0,"26":0,"27":0,"28":0,"29":0,"30":0,"31":0,"32":0,"33":0,"34":0,"35":0,"36":0,"37":0,"38":0,"39":0,"40":0,"41":0,"42":0,"43":0,"44":0,"45":0,"46":0,"47":0,"48":0,"49":0,"50":0,"51":0,"52":0,"53":0,"54":0,"55":0,"56":0,"57":0,"58":0,"59":0,"60":0,"61":0,"62":0,"63":0,"64":0,"65":0,"66":0,"67":0,"68":0,"69":0,"70":0,"71":0,"72":0,"73":0,"74":0,"75":0,"76":0,"77":0,"78":0,"79":0,"80":0,"81":0,"82":0,"83":0,"84":0,"85":0,"86":0,"87":0,"88":0,"89":0,"90":0,"91":0,"92":0,"93":0,"94":0,"95":0,"96":0,"97":0,"98":0,"99":0,"100":0,"101":0,"102":0,"103":0,"104":0,"105":0,"106":0,"107":0,"108":0,"109":0,"110":0,"111":0,"112":0,"113":0,"114":0,"115":0,"116":0,"117":0,"118":0,"119":0,"120":0,"121":0,"122":0,"123":0,"124":0,"125":0,"126":0,"127":0,"128":0,"129":0,"130":0,"131":0,"132":0,"133":0,"134":0,"135":0,"136":0,"137":0,"138":0,"139":0,"140":0,"141":0,"142":0,"143":0,"144":0,"145":0,"146":0,"147":0,"148":0,"149":0,"150":0,"151":0,"152":0,"153":0,"154":0,"155":0,"156":0,"157":0,"158":0,"159":0,"160":0,"161":0,"162":0,"163":0,"164":0,"165":0,"166":0,"167":0,"168":0,"169":0,"170":0,"171":0,"172":0,"173":0,"174":0,"175":0,"176":0,"177":0,"178":0,"179":0,"180":0,"181":0,"182":0,"183":0,"184":0,"185":0,"186":0,"187":0,"188":0,"189":0,"190":0,"191":0,"192":0,"193":0,"194":0,"195":0,"196":0,"197":0,"198":0,"199":0,"200":0,"201":0,"202":0,"203":0,"204":0,"205":0,"206":0,"207":0,"208":0,"209":0,"210":0,"211":0,"212":0,"213":0,"214":0,"215":0,"216":0,"217":0,"218":0,"219":0,"220":0,"221":0,"222":0,"223":0,"224":0,"225":0,"226":0,"227":0,"228":0,"229":0,"230":0,"231":0,"232":0,"233":0,"234":0,"235":0,"236":0,"237":0,"238":0,"239":0,"240":0},"f":{"0":0,"1":0,"2":0,"3":0,"4":0,"5":0,"6":0,"7":0,"8":0,"9":0,"10":0,"11":0,"12":0,"13":0,"14":0,"15":0,"16":0},"b":{"0":[0],"1":[0,0],"2":[0,0],"3":[0,0],"4":[0,0],"5":[0,0],"6":[0,0],"7":[0,0],"8":[0,0],"9":[0,0],"10":[0,0],"11":[0,0],"12":[0,0],"13":[0,0],"14":[0,0],"15":[0,0],"16":[0,0],"17":[0,0],"18":[0,0],"19":[0,0],"20":[0,0],"21":[0,0],"22":[0,0],"23":[0,0],"24":[0,0],"25":[0,0],"26":[0,0],"27":[0,0],"28":[0,0],"29":[0,0],"30":[0,0],"31":[0,0],"32":[0,0],"33":[0,0],"34":[0,0],"35":[0,0],"36":[0,0],"37":[0,0],"38":[0,0],"39":[0,0],"40":[0,0],"41":[0,0],"42":[0,0],"43":[0,0],"44":[0,0],"45":[0,0],"46":[0,0],"47":[0,0],"48":[0,0],"49":[0,0],"50":[0,0],"51":[0,0],"52":[0,0],"53":[0,0],"54":[0,0],"55":[0,0],"56":[0,0],"57":[0,0],"58":[0,0],"59":[0,0],"60":[0,0],"61":[0,0],"62":[0,0],"63":[0,0],"64":[0,0],"65":[0,0],"66":[0,0],"67":[0,0],"68":[0,0],"69":[0,0],"70":[0,0],"71":[0,0],"72":[0,0],"73":[0,0],"74":[0,0],"75":[0,0],"76":[0,0],"77":[0,0],"78":[0],"79":[0,0],"80":[0],"81":[0],"82":[0,0],"83":[0,0],"84":[0,0],"85":[0,0],"86":[0,0],"87":[0,0],"88":[0,0],"89":[0,0],"90":[0,0],"91":[0,0],"92":[0,0],"93":[0,0],"94":[0,0,0],"95":[0],"96":[0,0],"97":[0],"98":[0]}}
,"C:\\Users\\nauna\\projects\\E-ctrl\\app\\about\\page.tsx": {"path":"C:\\Users\\nauna\\projects\\E-ctrl\\app\\about\\page.tsx","statementMap":{"0":{"start":{"line":12,"column":24},"end":{"line":12,"column":null}},"1":{"start":{"line":7,"column":13},"end":{"line":7,"column":21}},"2":{"start":{"line":1,"column":28},"end":{"line":1,"column":null}},"3":{"start":{"line":2,"column":22},"end":{"line":2,"column":null}},"4":{"start":{"line":3,"column":20},"end":{"line":3,"column":null}},"5":{"start":{"line":4,"column":17},"end":{"line":4,"column":null}},"6":{"start":{"line":5,"column":21},"end":{"line":5,"column":null}},"7":{"start":{"line":7,"column":24},"end":{"line":10,"column":null}},"8":{"start":{"line":55,"column":16},"end":{"line":55,"column":33}},"9":{"start":{"line":78,"column":16},"end":{"line":78,"column":34}}},"fnMap":{"0":{"name":"AboutPage","decl":{"start":{"line":12,"column":24},"end":{"line":12,"column":null}},"loc":{"start":{"line":12,"column":24},"end":{"line":123,"column":1}}},"1":{"name":"(anonymous_5)","decl":{"start":{"line":54,"column":45},"end":{"line":54,"column":46}},"loc":{"start":{"line":55,"column":16},"end":{"line":55,"column":33}}},"2":{"name":"(anonymous_6)","decl":{"start":{"line":77,"column":47},"end":{"line":77,"column":48}},"loc":{"start":{"line":78,"column":16},"end":{"line":78,"column":34}}}},"branchMap":{},"s":{"0":0,"1":0,"2":0,"3":0,"4":0,"5":0,"6":0,"7":0,"8":0,"9":0},"f":{"0":0,"1":0,"2":0},"b":{}}
,"C:\\Users\\nauna\\projects\\E-ctrl\\app\\api\\email\\route.ts": {"path":"C:\\Users\\nauna\\projects\\E-ctrl\\app\\api\\email\\route.ts","statementMap":{"0":{"start":{"line":21,"column":22},"end":{"line":21,"column":27}},"1":{"start":{"line":1,"column":42},"end":{"line":1,"column":null}},"2":{"start":{"line":2,"column":18},"end":{"line":2,"column":null}},"3":{"start":{"line":3,"column":51},"end":{"line":3,"column":null}},"4":{"start":{"line":4,"column":33},"end":{"line":4,"column":null}},"5":{"start":{"line":7,"column":20},"end":{"line":12,"column":null}},"6":{"start":{"line":11,"column":70},"end":{"line":11,"column":null}},"7":{"start":{"line":18,"column":2},"end":{"line":18,"column":null}},"8":{"start":{"line":22,"column":2},"end":{"line":127,"column":null}},"9":{"start":{"line":23,"column":17},"end":{"line":23,"column":null}},"10":{"start":{"line":24,"column":4},"end":{"line":24,"column":null}},"11":{"start":{"line":26,"column":43},"end":{"line":26,"column":null}},"12":{"start":{"line":27,"column":4},"end":{"line":27,"column":null}},"13":{"start":{"line":30,"column":20},"end":{"line":33,"column":null}},"14":{"start":{"line":36,"column":4},"end":{"line":36,"column":null}},"15":{"start":{"line":38,"column":4},"end":{"line":43,"column":null}},"16":{"start":{"line":39,"column":6},"end":{"line":41,"column":null}},"17":{"start":{"line":46,"column":18},"end":{"line":46,"column":null}},"18":{"start":{"line":48,"column":4},"end":{"line":48,"column":null}},"19":{"start":{"line":49,"column":20},"end":{"line":49,"column":null}},"20":{"start":{"line":51,"column":4},"end":{"line":87,"column":null}},"21":{"start":{"line":52,"column":43},"end":{"line":52,"column":53}},"22":{"start":{"line":53,"column":6},"end":{"line":53,"column":null}},"23":{"start":{"line":56,"column":6},"end":{"line":76,"column":null}},"24":{"start":{"line":78,"column":6},"end":{"line":83,"column":null}},"25":{"start":{"line":85,"column":6},"end":{"line":85,"column":null}},"26":{"start":{"line":86,"column":6},"end":{"line":86,"column":null}},"27":{"start":{"line":90,"column":24},"end":{"line":96,"column":null}},"28":{"start":{"line":98,"column":4},"end":{"line":104,"column":null}},"29":{"start":{"line":99,"column":6},"end":{"line":99,"column":null}},"30":{"start":{"line":101,"column":6},"end":{"line":101,"column":null}},"31":{"start":{"line":103,"column":6},"end":{"line":103,"column":null}},"32":{"start":{"line":106,"column":4},"end":{"line":111,"column":null}},"33":{"start":{"line":114,"column":4},"end":{"line":114,"column":null}},"34":{"start":{"line":116,"column":4},"end":{"line":121,"column":null}},"35":{"start":{"line":117,"column":6},"end":{"line":119,"column":null}},"36":{"start":{"line":123,"column":4},"end":{"line":125,"column":null}}},"fnMap":{"0":{"name":"(anonymous_1)","decl":{"start":{"line":11,"column":63},"end":{"line":11,"column":70}},"loc":{"start":{"line":11,"column":70},"end":{"line":11,"column":null}}},"1":{"name":"isValidMode","decl":{"start":{"line":17,"column":9},"end":{"line":17,"column":21}},"loc":{"start":{"line":17,"column":33},"end":{"line":19,"column":null}}},"2":{"name":"POST","decl":{"start":{"line":21,"column":22},"end":{"line":21,"column":27}},"loc":{"start":{"line":21,"column":47},"end":{"line":128,"column":null}}}},"branchMap":{"0":{"loc":{"start":{"line":18,"column":9},"end":{"line":18,"column":null}},"type":"binary-expr","locations":[{"start":{"line":18,"column":9},"end":{"line":18,"column":29}},{"start":{"line":18,"column":29},"end":{"line":18,"column":null}}]},"1":{"loc":{"start":{"line":38,"column":4},"end":{"line":43,"column":null}},"type":"if","locations":[{"start":{"line":38,"column":4},"end":{"line":43,"column":null}},{"start":{},"end":{}}]},"2":{"loc":{"start":{"line":51,"column":4},"end":{"line":87,"column":null}},"type":"if","locations":[{"start":{"line":51,"column":4},"end":{"line":87,"column":null}},{"start":{"line":84,"column":11},"end":{"line":87,"column":null}}]},"3":{"loc":{"start":{"line":51,"column":8},"end":{"line":51,"column":39}},"type":"binary-expr","locations":[{"start":{"line":51,"column":8},"end":{"line":51,"column":19}},{"start":{"line":51,"column":19},"end":{"line":51,"column":39}}]},"4":{"loc":{"start":{"line":57,"column":14},"end":{"line":57,"column":60}},"type":"binary-expr","locations":[{"start":{"line":57,"column":14},"end":{"line":57,"column":42}},{"start":{"line":57,"column":42},"end":{"line":57,"column":60}}]},"5":{"loc":{"start":{"line":59,"column":14},"end":{"line":59,"column":null}},"type":"cond-expr","locations":[{"start":{"line":59,"column":69},"end":{"line":59,"column":79}},{"start":{"line":59,"column":79},"end":{"line":59,"column":null}}]},"6":{"loc":{"start":{"line":61,"column":20},"end":{"line":61,"column":49}},"type":"binary-expr","locations":[{"start":{"line":61,"column":20},"end":{"line":61,"column":43}},{"start":{"line":61,"column":47},"end":{"line":61,"column":49}}]},"7":{"loc":{"start":{"line":62,"column":25},"end":{"line":62,"column":59}},"type":"binary-expr","locations":[{"start":{"line":62,"column":25},"end":{"line":62,"column":53}},{"start":{"line":62,"column":57},"end":{"line":62,"column":59}}]},"8":{"loc":{"start":{"line":63,"column":26},"end":{"line":63,"column":null}},"type":"binary-expr","locations":[{"start":{"line":63,"column":26},"end":{"line":63,"column":56}},{"start":{"line":63,"column":60},"end":{"line":63,"column":null}}]},"9":{"loc":{"start":{"line":70,"column":14},"end":{"line":70,"column":null}},"type":"binary-expr","locations":[{"start":{"line":70,"column":14},"end":{"line":70,"column":42}},{"start":{"line":70,"column":42},"end":{"line":70,"column":null}}]},"10":{"loc":{"start":{"line":71,"column":20},"end":{"line":71,"column":null}},"type":"binary-expr","locations":[{"start":{"line":71,"column":20},"end":{"line":71,"column":55}},{"start":{"line":71,"column":55},"end":{"line":71,"column":null}}]},"11":{"loc":{"start":{"line":72,"column":18},"end":{"line":72,"column":52}},"type":"binary-expr","locations":[{"start":{"line":72,"column":18},"end":{"line":72,"column":50}},{"start":{"line":72,"column":50},"end":{"line":72,"column":52}}]},"12":{"loc":{"start":{"line":73,"column":20},"end":{"line":73,"column":null}},"type":"binary-expr","locations":[{"start":{"line":73,"column":20},"end":{"line":73,"column":54}},{"start":{"line":73,"column":54},"end":{"line":73,"column":null}}]},"13":{"loc":{"start":{"line":74,"column":18},"end":{"line":74,"column":null}},"type":"binary-expr","locations":[{"start":{"line":74,"column":18},"end":{"line":74,"column":50}},{"start":{"line":74,"column":50},"end":{"line":74,"column":null}}]},"14":{"loc":{"start":{"line":75,"column":21},"end":{"line":75,"column":null}},"type":"binary-expr","locations":[{"start":{"line":75,"column":21},"end":{"line":75,"column":57}},{"start":{"line":75,"column":57},"end":{"line":75,"column":null}}]},"15":{"loc":{"start":{"line":94,"column":10},"end":{"line":94,"column":23}},"type":"binary-expr","locations":[{"start":{"line":94,"column":10},"end":{"line":94,"column":21}},{"start":{"line":94,"column":21},"end":{"line":94,"column":23}}]},"16":{"loc":{"start":{"line":98,"column":4},"end":{"line":104,"column":null}},"type":"if","locations":[{"start":{"line":98,"column":4},"end":{"line":104,"column":null}},{"start":{"line":102,"column":11},"end":{"line":104,"column":null}}]},"17":{"loc":{"start":{"line":109,"column":17},"end":{"line":109,"column":null}},"type":"cond-expr","locations":[{"start":{"line":109,"column":39},"end":{"line":109,"column":60}},{"start":{"line":109,"column":63},"end":{"line":109,"column":null}}]},"18":{"loc":{"start":{"line":116,"column":4},"end":{"line":121,"column":null}},"type":"if","locations":[{"start":{"line":116,"column":4},"end":{"line":121,"column":null}},{"start":{},"end":{}}]}},"s":{"0":0,"1":0,"2":0,"3":0,"4":0,"5":0,"6":0,"7":0,"8":0,"9":0,"10":0,"11":0,"12":0,"13":0,"14":0,"15":0,"16":0,"17":0,"18":0,"19":0,"20":0,"21":0,"22":0,"23":0,"24":0,"25":0,"26":0,"27":0,"28":0,"29":0,"30":0,"31":0,"32":0,"33":0,"34":0,"35":0,"36":0},"f":{"0":0,"1":0,"2":0},"b":{"0":[0,0],"1":[0,0],"2":[0,0],"3":[0,0],"4":[0,0],"5":[0,0],"6":[0,0],"7":[0,0],"8":[0,0],"9":[0,0],"10":[0,0],"11":[0,0],"12":[0,0],"13":[0,0],"14":[0,0],"15":[0,0],"16":[0,0],"17":[0,0],"18":[0,0]}}
,"C:\\Users\\nauna\\projects\\E-ctrl\\app\\api\\preview\\route.ts": {"path":"C:\\Users\\nauna\\projects\\E-ctrl\\app\\api\\preview\\route.ts","statementMap":{"0":{"start":{"line":8,"column":22},"end":{"line":8,"column":27}},"1":{"start":{"line":1,"column":42},"end":{"line":1,"column":null}},"2":{"start":{"line":2,"column":56},"end":{"line":2,"column":null}},"3":{"start":{"line":3,"column":34},"end":{"line":3,"column":null}},"4":{"start":{"line":4,"column":30},"end":{"line":4,"column":null}},"5":{"start":{"line":5,"column":54},"end":{"line":5,"column":null}},"6":{"start":{"line":6,"column":28},"end":{"line":6,"column":null}},"7":{"start":{"line":9,"column":2},"end":{"line":108,"column":null}},"8":{"start":{"line":10,"column":17},"end":{"line":10,"column":null}},"9":{"start":{"line":11,"column":27},"end":{"line":11,"column":null}},"10":{"start":{"line":13,"column":4},"end":{"line":18,"column":null}},"11":{"start":{"line":14,"column":6},"end":{"line":17,"column":null}},"12":{"start":{"line":22,"column":4},"end":{"line":26,"column":null}},"13":{"start":{"line":23,"column":6},"end":{"line":23,"column":null}},"14":{"start":{"line":25,"column":6},"end":{"line":25,"column":null}},"15":{"start":{"line":29,"column":22},"end":{"line":29,"column":null}},"16":{"start":{"line":31,"column":4},"end":{"line":80,"column":null}},"17":{"start":{"line":32,"column":6},"end":{"line":32,"column":null}},"18":{"start":{"line":33,"column":26},"end":{"line":33,"column":null}},"19":{"start":{"line":35,"column":6},"end":{"line":48,"column":null}},"20":{"start":{"line":36,"column":8},"end":{"line":36,"column":null}},"21":{"start":{"line":38,"column":8},"end":{"line":44,"column":null}},"22":{"start":{"line":46,"column":8},"end":{"line":46,"column":null}},"23":{"start":{"line":47,"column":8},"end":{"line":47,"column":null}},"24":{"start":{"line":49,"column":11},"end":{"line":80,"column":null}},"25":{"start":{"line":50,"column":6},"end":{"line":50,"column":null}},"26":{"start":{"line":51,"column":26},"end":{"line":51,"column":null}},"27":{"start":{"line":53,"column":6},"end":{"line":77,"column":null}},"28":{"start":{"line":54,"column":8},"end":{"line":54,"column":null}},"29":{"start":{"line":57,"column":8},"end":{"line":63,"column":null}},"30":{"start":{"line":58,"column":10},"end":{"line":62,"column":null}},"31":{"start":{"line":65,"column":8},"end":{"line":71,"column":null}},"32":{"start":{"line":66,"column":10},"end":{"line":70,"column":null}},"33":{"start":{"line":75,"column":8},"end":{"line":75,"column":null}},"34":{"start":{"line":76,"column":8},"end":{"line":76,"column":null}},"35":{"start":{"line":79,"column":6},"end":{"line":79,"column":null}},"36":{"start":{"line":84,"column":4},"end":{"line":88,"column":null}},"37":{"start":{"line":85,"column":6},"end":{"line":85,"column":null}},"38":{"start":{"line":87,"column":6},"end":{"line":87,"column":null}},"39":{"start":{"line":90,"column":4},"end":{"line":95,"column":null}},"40":{"start":{"line":91,"column":6},"end":{"line":94,"column":null}},"41":{"start":{"line":97,"column":4},"end":{"line":100,"column":null}},"42":{"start":{"line":103,"column":4},"end":{"line":103,"column":null}},"43":{"start":{"line":104,"column":4},"end":{"line":107,"column":null}}},"fnMap":{"0":{"name":"POST","decl":{"start":{"line":8,"column":22},"end":{"line":8,"column":27}},"loc":{"start":{"line":8,"column":47},"end":{"line":109,"column":null}}}},"branchMap":{"0":{"loc":{"start":{"line":13,"column":4},"end":{"line":18,"column":null}},"type":"if","locations":[{"start":{"line":13,"column":4},"end":{"line":18,"column":null}},{"start":{},"end":{}}]},"1":{"loc":{"start":{"line":13,"column":8},"end":{"line":13,"column":79}},"type":"binary-expr","locations":[{"start":{"line":13,"column":8},"end":{"line":13,"column":39}},{"start":{"line":13,"column":43},"end":{"line":13,"column":79}}]},"2":{"loc":{"start":{"line":22,"column":4},"end":{"line":26,"column":null}},"type":"if","locations":[{"start":{"line":22,"column":4},"end":{"line":26,"column":null}},{"start":{"line":24,"column":11},"end":{"line":26,"column":null}}]},"3":{"loc":{"start":{"line":31,"column":4},"end":{"line":80,"column":null}},"type":"if","locations":[{"start":{"line":31,"column":4},"end":{"line":80,"column":null}},{"start":{"line":49,"column":11},"end":{"line":80,"column":null}}]},"4":{"loc":{"start":{"line":31,"column":8},"end":{"line":31,"column":100}},"type":"binary-expr","locations":[{"start":{"line":31,"column":8},"end":{"line":31,"column":39}},{"start":{"line":31,"column":43},"end":{"line":31,"column":76}},{"start":{"line":31,"column":76},"end":{"line":31,"column":100}}]},"5":{"loc":{"start":{"line":35,"column":6},"end":{"line":48,"column":null}},"type":"if","locations":[{"start":{"line":35,"column":6},"end":{"line":48,"column":null}},{"start":{"line":45,"column":13},"end":{"line":48,"column":null}}]},"6":{"loc":{"start":{"line":49,"column":11},"end":{"line":80,"column":null}},"type":"if","locations":[{"start":{"line":49,"column":11},"end":{"line":80,"column":null}},{"start":{"line":78,"column":11},"end":{"line":80,"column":null}}]},"7":{"loc":{"start":{"line":49,"column":15},"end":{"line":49,"column":100}},"type":"binary-expr","locations":[{"start":{"line":49,"column":15},"end":{"line":49,"column":51}},{"start":{"line":49,"column":55},"end":{"line":49,"column":82}},{"start":{"line":49,"column":82},"end":{"line":49,"column":100}}]},"8":{"loc":{"start":{"line":53,"column":6},"end":{"line":77,"column":null}},"type":"if","locations":[{"start":{"line":53,"column":6},"end":{"line":77,"column":null}},{"start":{"line":74,"column":13},"end":{"line":77,"column":null}}]},"9":{"loc":{"start":{"line":57,"column":8},"end":{"line":63,"column":null}},"type":"if","locations":[{"start":{"line":57,"column":8},"end":{"line":63,"column":null}},{"start":{},"end":{}}]},"10":{"loc":{"start":{"line":57,"column":12},"end":{"line":57,"column":89}},"type":"binary-expr","locations":[{"start":{"line":57,"column":12},"end":{"line":57,"column":52}},{"start":{"line":57,"column":52},"end":{"line":57,"column":89}}]},"11":{"loc":{"start":{"line":65,"column":8},"end":{"line":71,"column":null}},"type":"if","locations":[{"start":{"line":65,"column":8},"end":{"line":71,"column":null}},{"start":{},"end":{}}]},"12":{"loc":{"start":{"line":84,"column":4},"end":{"line":88,"column":null}},"type":"if","locations":[{"start":{"line":84,"column":4},"end":{"line":88,"column":null}},{"start":{"line":86,"column":11},"end":{"line":88,"column":null}}]},"13":{"loc":{"start":{"line":90,"column":4},"end":{"line":95,"column":null}},"type":"if","locations":[{"start":{"line":90,"column":4},"end":{"line":95,"column":null}},{"start":{},"end":{}}]}},"s":{"0":0,"1":0,"2":0,"3":0,"4":0,"5":0,"6":0,"7":0,"8":0,"9":0,"10":0,"11":0,"12":0,"13":0,"14":0,"15":0,"16":0,"17":0,"18":0,"19":0,"20":0,"21":0,"22":0,"23":0,"24":0,"25":0,"26":0,"27":0,"28":0,"29":0,"30":0,"31":0,"32":0,"33":0,"34":0,"35":0,"36":0,"37":0,"38":0,"39":0,"40":0,"41":0,"42":0,"43":0},"f":{"0":0},"b":{"0":[0,0],"1":[0,0],"2":[0,0],"3":[0,0],"4":[0,0,0],"5":[0,0],"6":[0,0],"7":[0,0,0],"8":[0,0],"9":[0,0],"10":[0,0],"11":[0,0],"12":[0,0],"13":[0,0]}}
,"C:\\Users\\nauna\\projects\\E-ctrl\\app\\api\\register\\route.ts": {"path":"C:\\Users\\nauna\\projects\\E-ctrl\\app\\api\\register\\route.ts","statementMap":{"0":{"start":{"line":31,"column":22},"end":{"line":31,"column":27}},"1":{"start":{"line":1,"column":42},"end":{"line":1,"column":null}},"2":{"start":{"line":2,"column":29},"end":{"line":2,"column":null}},"3":{"start":{"line":3,"column":19},"end":{"line":3,"column":null}},"4":{"start":{"line":6,"column":20},"end":{"line":6,"column":null}},"5":{"start":{"line":9,"column":2},"end":{"line":9,"column":null}},"6":{"start":{"line":9,"column":16},"end":{"line":9,"column":null}},"7":{"start":{"line":11,"column":22},"end":{"line":11,"column":86}},"8":{"start":{"line":12,"column":29},"end":{"line":12,"column":66}},"9":{"start":{"line":14,"column":2},"end":{"line":20,"column":null}},"10":{"start":{"line":15,"column":4},"end":{"line":18,"column":null}},"11":{"start":{"line":19,"column":4},"end":{"line":19,"column":null}},"12":{"start":{"line":22,"column":2},"end":{"line":28,"column":null}},"13":{"start":{"line":23,"column":4},"end":{"line":23,"column":null}},"14":{"start":{"line":24,"column":4},"end":{"line":24,"column":null}},"15":{"start":{"line":26,"column":4},"end":{"line":26,"column":null}},"16":{"start":{"line":27,"column":4},"end":{"line":27,"column":null}},"17":{"start":{"line":32,"column":2},"end":{"line":133,"column":null}},"18":{"start":{"line":34,"column":27},"end":{"line":34,"column":null}},"19":{"start":{"line":35,"column":4},"end":{"line":41,"column":null}},"20":{"start":{"line":36,"column":6},"end":{"line":36,"column":null}},"21":{"start":{"line":37,"column":6},"end":{"line":39,"column":null}},"22":{"start":{"line":43,"column":38},"end":{"line":43,"column":null}},"23":{"start":{"line":46,"column":4},"end":{"line":51,"column":null}},"24":{"start":{"line":47,"column":6},"end":{"line":49,"column":null}},"25":{"start":{"line":53,"column":4},"end":{"line":58,"column":null}},"26":{"start":{"line":54,"column":6},"end":{"line":56,"column":null}},"27":{"start":{"line":61,"column":54},"end":{"line":65,"column":null}},"28":{"start":{"line":67,"column":4},"end":{"line":73,"column":null}},"29":{"start":{"line":68,"column":6},"end":{"line":68,"column":null}},"30":{"start":{"line":69,"column":6},"end":{"line":71,"column":null}},"31":{"start":{"line":75,"column":4},"end":{"line":80,"column":null}},"32":{"start":{"line":76,"column":6},"end":{"line":78,"column":null}},"33":{"start":{"line":83,"column":23},"end":{"line":83,"column":null}},"34":{"start":{"line":84,"column":25},"end":{"line":84,"column":null}},"35":{"start":{"line":87,"column":50},"end":{"line":97,"column":null}},"36":{"start":{"line":99,"column":4},"end":{"line":105,"column":null}},"37":{"start":{"line":100,"column":6},"end":{"line":100,"column":null}},"38":{"start":{"line":101,"column":6},"end":{"line":103,"column":null}},"39":{"start":{"line":107,"column":4},"end":{"line":107,"column":null}},"40":{"start":{"line":110,"column":4},"end":{"line":121,"column":null}},"41":{"start":{"line":125,"column":4},"end":{"line":125,"column":null}},"42":{"start":{"line":127,"column":4},"end":{"line":131,"column":null}}},"fnMap":{"0":{"name":"initializeSupabase","decl":{"start":{"line":8,"column":9},"end":{"line":8,"column":null}},"loc":{"start":{"line":8,"column":9},"end":{"line":29,"column":null}}},"1":{"name":"POST","decl":{"start":{"line":31,"column":22},"end":{"line":31,"column":27}},"loc":{"start":{"line":31,"column":47},"end":{"line":134,"column":null}}}},"branchMap":{"0":{"loc":{"start":{"line":9,"column":2},"end":{"line":9,"column":null}},"type":"if","locations":[{"start":{"line":9,"column":2},"end":{"line":9,"column":null}},{"start":{},"end":{}}]},"1":{"loc":{"start":{"line":11,"column":22},"end":{"line":11,"column":86}},"type":"binary-expr","locations":[{"start":{"line":11,"column":22},"end":{"line":11,"column":46}},{"start":{"line":11,"column":50},"end":{"line":11,"column":86}}]},"2":{"loc":{"start":{"line":14,"column":2},"end":{"line":20,"column":null}},"type":"if","locations":[{"start":{"line":14,"column":2},"end":{"line":20,"column":null}},{"start":{},"end":{}}]},"3":{"loc":{"start":{"line":14,"column":6},"end":{"line":14,"column":43}},"type":"binary-expr","locations":[{"start":{"line":14,"column":6},"end":{"line":14,"column":22}},{"start":{"line":14,"column":22},"end":{"line":14,"column":43}}]},"4":{"loc":{"start":{"line":35,"column":4},"end":{"line":41,"column":null}},"type":"if","locations":[{"start":{"line":35,"column":4},"end":{"line":41,"column":null}},{"start":{},"end":{}}]},"5":{"loc":{"start":{"line":46,"column":4},"end":{"line":51,"column":null}},"type":"if","locations":[{"start":{"line":46,"column":4},"end":{"line":51,"column":null}},{"start":{},"end":{}}]},"6":{"loc":{"start":{"line":46,"column":8},"end":{"line":46,"column":38}},"type":"binary-expr","locations":[{"start":{"line":46,"column":8},"end":{"line":46,"column":18}},{"start":{"line":46,"column":18},"end":{"line":46,"column":31}},{"start":{"line":46,"column":31},"end":{"line":46,"column":38}}]},"7":{"loc":{"start":{"line":53,"column":4},"end":{"line":58,"column":null}},"type":"if","locations":[{"start":{"line":53,"column":4},"end":{"line":58,"column":null}},{"start":{},"end":{}}]},"8":{"loc":{"start":{"line":67,"column":4},"end":{"line":73,"column":null}},"type":"if","locations":[{"start":{"line":67,"column":4},"end":{"line":73,"column":null}},{"start":{},"end":{}}]},"9":{"loc":{"start":{"line":67,"column":8},"end":{"line":67,"column":54}},"type":"binary-expr","locations":[{"start":{"line":67,"column":8},"end":{"line":67,"column":22}},{"start":{"line":67,"column":22},"end":{"line":67,"column":54}}]},"10":{"loc":{"start":{"line":75,"column":4},"end":{"line":80,"column":null}},"type":"if","locations":[{"start":{"line":75,"column":4},"end":{"line":80,"column":null}},{"start":{},"end":{}}]},"11":{"loc":{"start":{"line":99,"column":4},"end":{"line":105,"column":null}},"type":"if","locations":[{"start":{"line":99,"column":4},"end":{"line":105,"column":null}},{"start":{},"end":{}}]}},"s":{"0":0,"1":0,"2":0,"3":0,"4":0,"5":0,"6":0,"7":0,"8":0,"9":0,"10":0,"11":0,"12":0,"13":0,"14":0,"15":0,"16":0,"17":0,"18":0,"19":0,"20":0,"21":0,"22":0,"23":0,"24":0,"25":0,"26":0,"27":0,"28":0,"29":0,"30":0,"31":0,"32":0,"33":0,"34":0,"35":0,"36":0,"37":0,"38":0,"39":0,"40":0,"41":0,"42":0},"f":{"0":0,"1":0},"b":{"0":[0,0],"1":[0,0],"2":[0,0],"3":[0,0],"4":[0,0],"5":[0,0],"6":[0,0,0],"7":[0,0],"8":[0,0],"9":[0,0],"10":[0,0],"11":[0,0]}}
,"C:\\Users\\nauna\\projects\\E-ctrl\\app\\api\\report\\route.ts": {"path":"C:\\Users\\nauna\\projects\\E-ctrl\\app\\api\\report\\route.ts","statementMap":{"0":{"start":{"line":21,"column":22},"end":{"line":21,"column":27}},"1":{"start":{"line":1,"column":42},"end":{"line":1,"column":null}},"2":{"start":{"line":2,"column":18},"end":{"line":2,"column":null}},"3":{"start":{"line":8,"column":7},"end":{"line":8,"column":null}},"4":{"start":{"line":14,"column":7},"end":{"line":14,"column":null}},"5":{"start":{"line":15,"column":56},"end":{"line":15,"column":null}},"6":{"start":{"line":16,"column":33},"end":{"line":16,"column":null}},"7":{"start":{"line":17,"column":30},"end":{"line":17,"column":null}},"8":{"start":{"line":18,"column":59},"end":{"line":18,"column":null}},"9":{"start":{"line":19,"column":28},"end":{"line":19,"column":null}},"10":{"start":{"line":22,"column":2},"end":{"line":229,"column":null}},"11":{"start":{"line":23,"column":17},"end":{"line":23,"column":null}},"12":{"start":{"line":24,"column":27},"end":{"line":24,"column":null}},"13":{"start":{"line":27,"column":4},"end":{"line":32,"column":null}},"14":{"start":{"line":28,"column":6},"end":{"line":30,"column":null}},"15":{"start":{"line":46,"column":4},"end":{"line":55,"column":null}},"16":{"start":{"line":47,"column":6},"end":{"line":47,"column":null}},"17":{"start":{"line":48,"column":11},"end":{"line":55,"column":null}},"18":{"start":{"line":49,"column":6},"end":{"line":49,"column":null}},"19":{"start":{"line":51,"column":6},"end":{"line":53,"column":null}},"20":{"start":{"line":58,"column":17},"end":{"line":58,"column":null}},"21":{"start":{"line":59,"column":4},"end":{"line":64,"column":null}},"22":{"start":{"line":60,"column":6},"end":{"line":62,"column":null}},"23":{"start":{"line":67,"column":4},"end":{"line":67,"column":null}},"24":{"start":{"line":70,"column":4},"end":{"line":70,"column":null}},"25":{"start":{"line":71,"column":4},"end":{"line":71,"column":null}},"26":{"start":{"line":74,"column":4},"end":{"line":109,"column":null}},"27":{"start":{"line":76,"column":6},"end":{"line":76,"column":null}},"28":{"start":{"line":77,"column":26},"end":{"line":77,"column":null}},"29":{"start":{"line":80,"column":25},"end":{"line":80,"column":94}},"30":{"start":{"line":82,"column":6},"end":{"line":88,"column":null}},"31":{"start":{"line":83,"column":8},"end":{"line":83,"column":null}},"32":{"start":{"line":84,"column":8},"end":{"line":84,"column":null}},"33":{"start":{"line":86,"column":8},"end":{"line":86,"column":null}},"34":{"start":{"line":87,"column":8},"end":{"line":87,"column":null}},"35":{"start":{"line":91,"column":56},"end":{"line":91,"column":null}},"36":{"start":{"line":92,"column":28},"end":{"line":92,"column":null}},"37":{"start":{"line":94,"column":6},"end":{"line":106,"column":null}},"38":{"start":{"line":95,"column":8},"end":{"line":95,"column":null}},"39":{"start":{"line":96,"column":28},"end":{"line":96,"column":null}},"40":{"start":{"line":98,"column":8},"end":{"line":103,"column":null}},"41":{"start":{"line":99,"column":10},"end":{"line":99,"column":null}},"42":{"start":{"line":101,"column":10},"end":{"line":101,"column":null}},"43":{"start":{"line":102,"column":10},"end":{"line":102,"column":null}},"44":{"start":{"line":105,"column":8},"end":{"line":105,"column":null}},"45":{"start":{"line":108,"column":6},"end":{"line":108,"column":null}},"46":{"start":{"line":111,"column":4},"end":{"line":111,"column":null}},"47":{"start":{"line":112,"column":4},"end":{"line":112,"column":null}},"48":{"start":{"line":113,"column":4},"end":{"line":113,"column":null}},"49":{"start":{"line":116,"column":4},"end":{"line":122,"column":null}},"50":{"start":{"line":117,"column":6},"end":{"line":117,"column":null}},"51":{"start":{"line":118,"column":6},"end":{"line":120,"column":null}},"52":{"start":{"line":125,"column":19},"end":{"line":130,"column":null}},"53":{"start":{"line":133,"column":4},"end":{"line":138,"column":null}},"54":{"start":{"line":134,"column":6},"end":{"line":136,"column":null}},"55":{"start":{"line":141,"column":4},"end":{"line":141,"column":null}},"56":{"start":{"line":144,"column":4},"end":{"line":205,"column":null}},"57":{"start":{"line":147,"column":8},"end":{"line":192,"column":null}},"58":{"start":{"line":149,"column":10},"end":{"line":169,"column":null}},"59":{"start":{"line":172,"column":10},"end":{"line":191,"column":null}},"60":{"start":{"line":195,"column":26},"end":{"line":195,"column":null}},"61":{"start":{"line":197,"column":6},"end":{"line":201,"column":null}},"62":{"start":{"line":198,"column":8},"end":{"line":198,"column":null}},"63":{"start":{"line":200,"column":8},"end":{"line":200,"column":null}},"64":{"start":{"line":203,"column":6},"end":{"line":203,"column":null}},"65":{"start":{"line":208,"column":4},"end":{"line":213,"column":null}},"66":{"start":{"line":216,"column":4},"end":{"line":216,"column":null}},"67":{"start":{"line":218,"column":4},"end":{"line":223,"column":null}},"68":{"start":{"line":219,"column":6},"end":{"line":221,"column":null}},"69":{"start":{"line":225,"column":4},"end":{"line":227,"column":null}}},"fnMap":{"0":{"name":"POST","decl":{"start":{"line":21,"column":22},"end":{"line":21,"column":27}},"loc":{"start":{"line":21,"column":47},"end":{"line":230,"column":null}}}},"branchMap":{"0":{"loc":{"start":{"line":27,"column":4},"end":{"line":32,"column":null}},"type":"if","locations":[{"start":{"line":27,"column":4},"end":{"line":32,"column":null}},{"start":{},"end":{}}]},"1":{"loc":{"start":{"line":27,"column":8},"end":{"line":27,"column":24}},"type":"binary-expr","locations":[{"start":{"line":27,"column":8},"end":{"line":27,"column":17}},{"start":{"line":27,"column":17},"end":{"line":27,"column":24}}]},"2":{"loc":{"start":{"line":46,"column":4},"end":{"line":55,"column":null}},"type":"if","locations":[{"start":{"line":46,"column":4},"end":{"line":55,"column":null}},{"start":{"line":48,"column":11},"end":{"line":55,"column":null}}]},"3":{"loc":{"start":{"line":48,"column":11},"end":{"line":55,"column":null}},"type":"if","locations":[{"start":{"line":48,"column":11},"end":{"line":55,"column":null}},{"start":{"line":50,"column":11},"end":{"line":55,"column":null}}]},"4":{"loc":{"start":{"line":59,"column":4},"end":{"line":64,"column":null}},"type":"if","locations":[{"start":{"line":59,"column":4},"end":{"line":64,"column":null}},{"start":{},"end":{}}]},"5":{"loc":{"start":{"line":74,"column":4},"end":{"line":109,"column":null}},"type":"if","locations":[{"start":{"line":74,"column":4},"end":{"line":109,"column":null}},{"start":{"line":89,"column":11},"end":{"line":109,"column":null}}]},"6":{"loc":{"start":{"line":80,"column":25},"end":{"line":80,"column":94}},"type":"cond-expr","locations":[{"start":{"line":80,"column":75},"end":{"line":80,"column":85}},{"start":{"line":80,"column":85},"end":{"line":80,"column":94}}]},"7":{"loc":{"start":{"line":82,"column":6},"end":{"line":88,"column":null}},"type":"if","locations":[{"start":{"line":82,"column":6},"end":{"line":88,"column":null}},{"start":{"line":85,"column":13},"end":{"line":88,"column":null}}]},"8":{"loc":{"start":{"line":94,"column":6},"end":{"line":106,"column":null}},"type":"if","locations":[{"start":{"line":94,"column":6},"end":{"line":106,"column":null}},{"start":{"line":104,"column":13},"end":{"line":106,"column":null}}]},"9":{"loc":{"start":{"line":98,"column":8},"end":{"line":103,"column":null}},"type":"if","locations":[{"start":{"line":98,"column":8},"end":{"line":103,"column":null}},{"start":{"line":100,"column":15},"end":{"line":103,"column":null}}]},"10":{"loc":{"start":{"line":113,"column":35},"end":{"line":113,"column":null}},"type":"cond-expr","locations":[{"start":{"line":113,"column":46},"end":{"line":113,"column":70}},{"start":{"line":113,"column":70},"end":{"line":113,"column":null}}]},"11":{"loc":{"start":{"line":116,"column":4},"end":{"line":122,"column":null}},"type":"if","locations":[{"start":{"line":116,"column":4},"end":{"line":122,"column":null}},{"start":{},"end":{}}]},"12":{"loc":{"start":{"line":133,"column":4},"end":{"line":138,"column":null}},"type":"if","locations":[{"start":{"line":133,"column":4},"end":{"line":138,"column":null}},{"start":{},"end":{}}]},"13":{"loc":{"start":{"line":147,"column":8},"end":{"line":192,"column":null}},"type":"if","locations":[{"start":{"line":147,"column":8},"end":{"line":192,"column":null}},{"start":{"line":170,"column":15},"end":{"line":192,"col
[...]
,"column":null}},"89":{"start":{"line":302,"column":4},"end":{"line":304,"column":null}},"90":{"start":{"line":303,"column":6},"end":{"line":303,"column":null}},"91":{"start":{"line":306,"column":2},"end":{"line":306,"column":null}},"92":{"start":{"line":310,"column":19},"end":{"line":316,"column":null}},"93":{"start":{"line":318,"column":2},"end":{"line":323,"column":null}},"94":{"start":{"line":319,"column":18},"end":{"line":319,"column":null}},"95":{"start":{"line":320,"column":4},"end":{"line":322,"column":null}},"96":{"start":{"line":321,"column":6},"end":{"line":321,"column":null}},"97":{"start":{"line":324,"column":2},"end":{"line":324,"column":null}},"98":{"start":{"line":328,"column":19},"end":{"line":332,"column":null}},"99":{"start":{"line":334,"column":2},"end":{"line":339,"column":null}},"100":{"start":{"line":335,"column":18},"end":{"line":335,"column":null}},"101":{"start":{"line":336,"column":4},"end":{"line":338,"column":null}},"102":{"start":{"line":337,"column":6},"end":{"line":337,"column":null}},"103":{"start":{"line":340,"column":2},"end":{"line":340,"column":null}},"104":{"start":{"line":344,"column":19},"end":{"line":348,"column":null}},"105":{"start":{"line":350,"column":2},"end":{"line":355,"column":null}},"106":{"start":{"line":351,"column":18},"end":{"line":351,"column":null}},"107":{"start":{"line":352,"column":4},"end":{"line":354,"column":null}},"108":{"start":{"line":353,"column":6},"end":{"line":353,"column":null}},"109":{"start":{"line":356,"column":2},"end":{"line":356,"column":null}}},"fnMap":{"0":{"name":"scrapeProductPage","decl":{"start":{"line":28,"column":22},"end":{"line":28,"column":40}},"loc":{"start":{"line":28,"column":51},"end":{"line":108,"column":null}}},"1":{"name":"(anonymous_2)","decl":{"start":{"line":37,"column":46},"end":{"line":37,"column":47}},"loc":{"start":{"line":37,"column":50},"end":{"line":39,"column":null}}},"2":{"name":"(anonymous_3)","decl":{"start":{"line":38,"column":17},"end":{"line":38,"column":23}},"loc":{"start":{"line":38,"column":23},"end":{"line":38,"column":61}}},"3":{"name":"extractRawContent","decl":{"start":{"line":111,"column":9},"end":{"line":111,"column":27}},"loc":{"start":{"line":111,"column":39},"end":{"line":124,"column":null}}},"4":{"name":"extractHeadings","decl":{"start":{"line":126,"column":9},"end":{"line":126,"column":25}},"loc":{"start":{"line":126,"column":37},"end":{"line":139,"column":null}}},"5":{"name":"extractParagraphs","decl":{"start":{"line":141,"column":9},"end":{"line":141,"column":27}},"loc":{"start":{"line":141,"column":39},"end":{"line":154,"column":null}}},"6":{"name":"extractTitle","decl":{"start":{"line":157,"column":9},"end":{"line":157,"column":22}},"loc":{"start":{"line":157,"column":34},"end":{"line":174,"column":null}}},"7":{"name":"extractDescription","decl":{"start":{"line":176,"column":9},"end":{"line":176,"column":28}},"loc":{"start":{"line":176,"column":40},"end":{"line":193,"column":null}}},"8":{"name":"extractPrice","decl":{"start":{"line":195,"column":9},"end":{"line":195,"column":22}},"loc":{"start":{"line":195,"column":34},"end":{"line":214,"column":null}}},"9":{"name":"extractImages","decl":{"start":{"line":216,"column":9},"end":{"line":216,"column":23}},"loc":{"start":{"line":216,"column":52},"end":{"line":252,"column":null}}},"10":{"name":"extractFeatures","decl":{"start":{"line":254,"column":9},"end":{"line":254,"column":25}},"loc":{"start":{"line":254,"column":37},"end":{"line":275,"column":null}}},"11":{"name":"extractCategory","decl":{"start":{"line":277,"column":9},"end":{"line":277,"column":25}},"loc":{"start":{"line":277,"column":37},"end":{"line":291,"column":null}}},"12":{"name":"extractBrand","decl":{"start":{"line":293,"column":9},"end":{"line":293,"column":22}},"loc":{"start":{"line":293,"column":34},"end":{"line":307,"column":null}}},"13":{"name":"extractAvailability","decl":{"start":{"line":309,"column":9},"end":{"line":309,"column":29}},"loc":{"start":{"line":309,"column":41},"end":{"line":325,"column":null}}},"14":{"name":"extractRating","decl":{"start":{"line":327,"column":9},"end":{"line":327,"column":23}},"loc":{"start":{"line":327,"column":35},"end":{"line":341,"column":null}}},"15":{"name":"extractReviewCount","decl":{"start":{"line":343,"column":9},"end":{"line":343,"column":28}},"loc":{"start":{"line":343,"column":40},"end":{"line":357,"column":null}}}},"branchMap":{"0":{"loc":{"start":{"line":54,"column":4},"end":{"line":59,"column":null}},"type":"if","locations":[{"start":{"line":54,"column":4},"end":{"line":59,"column":null}},{"start":{},"end":{}}]},"1":{"loc":{"start":{"line":92,"column":13},"end":{"line":92,"column":null}},"type":"cond-expr","locations":[{"start":{"line":92,"column":33},"end":{"line":92,"column":43}},{"start":{"line":92,"column":43},"end":{"line":92,"column":null}}]},"2":{"loc":{"start":{"line":93,"column":19},"end":{"line":93,"column":null}},"type":"cond-expr","locations":[{"start":{"line":93,"column":45},"end":{"line":93,"column":55}},{"start":{"line":93,"column":55},"end":{"line":93,"column":null}}]},"3":{"loc":{"start":{"line":94,"column":13},"end":{"line":94,"column":null}},"type":"cond-expr","locations":[{"start":{"line":94,"column":33},"end":{"line":94,"column":43}},{"start":{"line":94,"column":43},"end":{"line":94,"column":null}}]},"4":{"loc":{"start":{"line":95,"column":14},"end":{"line":95,"column":null}},"type":"binary-expr","locations":[{"start":{"line":95,"column":14},"end":{"line":95,"column":44}},{"start":{"line":95,"column":44},"end":{"line":95,"column":null}}]},"5":{"loc":{"start":{"line":96,"column":16},"end":{"line":96,"column":null}},"type":"binary-expr","locations":[{"start":{"line":96,"column":16},"end":{"line":96,"column":48}},{"start":{"line":96,"column":48},"end":{"line":96,"column":null}}]},"6":{"loc":{"start":{"line":105,"column":15},"end":{"line":105,"column":null}},"type":"cond-expr","locations":[{"start":{"line":105,"column":40},"end":{"line":105,"column":53}},{"start":{"line":105,"column":56},"end":{"line":105,"column":null}}]},"7":{"loc":{"start":{"line":133,"column":4},"end":{"line":135,"column":null}},"type":"if","locations":[{"start":{"line":133,"column":4},"end":{"line":135,"column":null}},{"start":{},"end":{}}]},"8":{"loc":{"start":{"line":133,"column":8},"end":{"line":133,"column":63}},"type":"binary-expr","locations":[{"start":{"line":133,"column":8},"end":{"line":133,"column":19}},{"start":{"line":133,"column":19},"end":{"line":133,"column":41}},{"start":{"line":133,"column":41},"end":{"line":133,"column":63}}]},"9":{"loc":{"start":{"line":148,"column":4},"end":{"line":150,"column":null}},"type":"if","locations":[{"start":{"line":148,"column":4},"end":{"line":150,"column":null}},{"start":{},"end":{}}]},"10":{"loc":{"start":{"line":148,"column":8},"end":{"line":148,"column":70}},"type":"binary-expr","locations":[{"start":{"line":148,"column":8},"end":{"line":148,"column":21}},{"start":{"line":148,"column":21},"end":{"line":148,"column":46}},{"start":{"line":148,"column":46},"end":{"line":148,"column":70}}]},"11":{"loc":{"start":{"line":169,"column":4},"end":{"line":171,"column":null}},"type":"if","locations":[{"start":{"line":169,"column":4},"end":{"line":171,"column":null}},{"start":{},"end":{}}]},"12":{"loc":{"start":{"line":169,"column":8},"end":{"line":169,"column":25}},"type":"binary-expr","locations":[{"start":{"line":169,"column":8},"end":{"line":169,"column":17}},{"start":{"line":169,"column":17},"end":{"line":169,"column":25}}]},"13":{"loc":{"start":{"line":188,"column":4},"end":{"line":190,"column":null}},"type":"if","locations":[{"start":{"line":188,"column":4},"end":{"line":190,"column":null}},{"start":{},"end":{}}]},"14":{"loc":{"start":{"line":188,"column":8},"end":{"line":188,"column":25}},"type":"binary-expr","locations":[{"start":{"line":188,"column":8},"end":{"line":188,"column":17}},{"start":{"line":188,"column":17},"end":{"line":188,"column":25}}]},"15":{"loc":{"start":{"line":209,"column":4},"end":{"line":211,"column":null}},"type":"if","locations":[{"start":{"line":209,"column":4},"end":{"line":211,"column":null}},{"start":{},"end":{}}]},"16":{"loc":{"start":{"line":209,"column":8},"end":{"line":209,"column":25}},"type":"binary-expr","locations":[{"start":{"line":209,"column":8},"end":{"line":209,"column":17}},{"start":{"line":209,"column":17},"end":{"line":209,"column":25}}]},"17":{"loc":{"start":{"line":232,"column":6},"end":{"line":237,"column":null}},"type":"if","locations":[{"start":{"line":232,"column":6},"end":{"line":237,"column":null}},{"start":{"line":234,"column":13},"end":{"line":237,"column":null}}]},"18":{"loc":{"start":{"line":234,"column":13},"end":{"line":237,"column":null}},"type":"if","locations":[{"start":{"line":234,"column":13},"end":{"line":237,"column":null}},{"start":{},"end":{}}]},"19":{"loc":{"start":{"line":240,"column":6},"end":{"line":247,"column":null}},"type":"if","locations":[{"start":{"line":240,"column":6},"end":{"line":247,"column":null}},{"start":{},"end":{}}]},"20":{"loc":{"start":{"line":240,"column":10},"end":{"line":245,"column":30}},"type":"binary-expr","locations":[{"start":{"line":240,"column":10},"end":{"line":240,"column":null}},{"start":{"line":241,"column":10},"end":{"line":241,"column":null}},{"start":{"line":242,"column":10},"end":{"line":242,"column":null}},{"start":{"line":243,"column":10},"end":{"line":243,"column":null}},{"start":{"line":244,"column":10},"end":{"line":244,"column":null}},{"start":{"line":245,"column":10},"end":{"line":245,"column":30}}]},"21":{"loc":{"start":{"line":268,"column":6},"end":{"line":270,"column":null}},"type":"if","locations":[{"start":{"line":268,"column":6},"end":{"line":270,"column":null}},{"start":{},"end":{}}]},"22":{"loc":{"start":{"line":268,"column":10},"end":{"line":268,"column":81}},"type":"binary-expr","locations":[{"start":{"line":268,"column":10},"end":{"line":268,"column":18}},{"start":{"line":268,"column":18},"end":{"line":268,"column":38}},{"start":{"line":268,"column":38},"end":{"line":268,"column":59}},{"start":{"line":268,"column":59},"end":{"line":268,"column":81}}]},"23":{"loc":{"start":{"line":286,"column":4},"end":{"line":288,"column":null}},"type":"if","locations":[{"start":{"line":286,"column":4},"end":{"line":288,"column":null}},{"start":{},"end":{}}]},"24":{"loc":{"start":{"line":286,"column":8},"end":{"line":286,"column":25}},"type":"binary-expr","locations":[{"start":{"line":286,"column":8},"end":{"line":286,"column":17}},{"start":{"line":286,"column":17},"end":{"line":286,"column":25}}]},"25":{"loc":{"start":{"line":302,"column":4},"end":{"line":304,"column":null}},"type":"if","locations":[{"start":{"line":302,"column":4},"end":{"line":304,"column":null}},{"start":{},"end":{}}]},"26":{"loc":{"start":{"line":302,"column":8},"end":{"line":302,"column":25}},"type":"binary-expr","locations":[{"start":{"line":302,"column":8},"end":{"line":302,"column":17}},{"start":{"line":302,"column":17},"end":{"line":302,"column":25}}]},"27":{"loc":{"start":{"line":320,"column":4},"end":{"line":322,"column":null}},"type":"if","locations":[{"start":{"line":320,"column":4},"end":{"line":322,"column":null}},{"start":{},"end":{}}]},"28":{"loc":{"start":{"line":320,"column":8},"end":{"line":320,"column":25}},"type":"binary-expr","locations":[{"start":{"line":320,"column":8},"end":{"line":320,"column":17}},{"start":{"line":320,"column":17},"end":{"line":320,"column":25}}]},"29":{"loc":{"start":{"line":336,"column":4},"end":{"line":338,"column":null}},"type":"if","locations":[{"start":{"line":336,"column":4},"end":{"line":338,"column":null}},{"start":{},"end":{}}]},"30":{"loc":{"start":{"line":336,"column":8},"end":{"line":336,"column":25}},"type":"binary-expr","locations":[{"start":{"line":336,"column":8},"end":{"line":336,"column":17}},{"start":{"line":336,"column":17},"end":{"line":336,"column":25}}]},"31":{"loc":{"start":{"line":352,"column":4},"end":{"line":354,"column":null}},"type":"if","locations":[{"start":{"line":352,"column":4},"end":{"line":354,"column":null}},{"start":{},"end":{}}]},"32":{"loc":{"start":{"line":352,"column":8},"end":{"line":352,"column":25}},"type":"binary-expr","locations":[{"start":{"line":352,"column":8},"end":{"line":352,"column":17}},{"start":{"line":352,"column":17},"end":{"line":352,"column":25}}]}},"s":{"0":0,"1":0,"2":0,"3":0,"4":0,"5":0,"6":0,"7":0,"8":0,"9":0,"10":0,"11":0,"12":0,"13":0,"14":0,"15":0,"16":0,"17":0,"18":0,"19":0,"20":0,"21":0,"22":0,"23":0,"24":0,"25":0,"26":0,"27":0,"28":0,"29":0,"30":0,"31":0,"32":0,"33":0,"34":0,"35":0,"36":0,"37":0,"38":0,"39":0,"40":0,"41":0,"42":0,"43":0,"44":0,"45":0,"46":0,"47":0,"48":0,"49":0,"50":0,"51":0,"52":0,"53":0,"54":0,"55":0,"56":0,"57":0,"58":0,"59":0,"60":0,"61":0,"62":0,"63":0,"64":0,"65":0,"66":0,"67":0,"68":0,"69":0,"70":0,"71":0,"72":0,"73":0,"74":0,"75":0,"76":0,"77":0,"78":0,"79":0,"80":0,"81":0,"82":0,"83":0,"84":0,"85":0,"86":0,"87":0,"88":0,"89":0,"90":0,"91":0,"92":0,"93":0,"94":0,"95":0,"96":0,"97":0,"98":0,"99":0,"100":0,"101":0,"102":0,"103":0,"104":0,"105":0,"106":0,"107":0,"108":0,"109":0},"f":{"0":0,"1":0,"2":0,"3":0,"4":0,"5":0,"6":0,"7":0,"8":0,"9":0,"10":0,"11":0,"12":0,"13":0,"14":0,"15":0},"b":{"0":[0,0],"1":[0,0],"2":[0,0],"3":[0,0],"4":[0,0],"5":[0,0],"6":[0,0],"7":[0,0],"8":[0,0,0],"9":[0,0],"10":[0,0,0],"11":[0,0],"12":[0,0],"13":[0,0],"14":[0,0],"15":[0,0],"16":[0,0],"17":[0,0],"18":[0,0],"19":[0,0],"20":[0,0,0,0,0,0],"21":[0,0],"22":[0,0,0,0],"23":[0,0],"24":[0,0],"25":[0,0],"26":[0,0],"27":[0,0],"28":[0,0],"29":[0,0],"30":[0,0],"31":[0,0],"32":[0,0]}}
,"C:\\Users\\nauna\\projects\\E-ctrl\\lib\\supabase.ts": {"path":"C:\\Users\\nauna\\projects\\E-ctrl\\lib\\supabase.ts","statementMap":{"0":{"start":{"line":143,"column":13},"end":{"line":143,"column":19}},"1":{"start":{"line":13,"column":13},"end":{"line":13,"column":21}},"2":{"start":{"line":16,"column":13},"end":{"line":16,"column":26}},"3":{"start":{"line":1,"column":29},"end":{"line":1,"column":null}},"4":{"start":{"line":2,"column":20},"end":{"line":2,"column":null}},"5":{"start":{"line":4,"column":20},"end":{"line":4,"column":null}},"6":{"start":{"line":5,"column":24},"end":{"line":5,"column":null}},"7":{"start":{"line":6,"column":27},"end":{"line":6,"column":null}},"8":{"start":{"line":8,"column":0},"end":{"line":10,"column":null}},"9":{"start":{"line":9,"column":2},"end":{"line":9,"column":null}},"10":{"start":{"line":13,"column":24},"end":{"line":13,"column":null}},"11":{"start":{"line":16,"column":29},"end":{"line":23,"column":14}},"12":{"start":{"line":143,"column":22},"end":{"line":150,"column":null}}},"fnMap":{},"branchMap":{"0":{"loc":{"start":{"line":8,"column":0},"end":{"line":10,"column":null}},"type":"if","locations":[{"start":{"line":8,"column":0},"end":{"line":10,"column":null}},{"start":{},"end":{}}]},"1":{"loc":{"start":{"line":8,"column":4},"end":{"line":8,"column":38}},"type":"binary-expr","locations":[{"start":{"line":8,"column":4},"end":{"line":8,"column":20}},{"start":{"line":8,"column":20},"end":{"line":8,"column":38}}]},"2":{"loc":{"start":{"line":16,"column":29},"end":{"line":23,"column":14}},"type":"cond-expr","locations":[{"start":{"line":17,"column":4},"end":{"line":22,"column":null}},{"start":{"line":23,"column":4},"end":{"line":23,"column":14}}]}},"s":{"0":0,"1":0,"2":0,"3":0,"4":0,"5":0,"6":0,"7":0,"8":0,"9":0,"10":0,"11":0,"12":0},"f":{},"b":{"0":[0,0],"1":[0,0],"2":[0,0]}}
,"C:\\Users\\nauna\\projects\\E-ctrl\\lib\\utils.ts": {"path":"C:\\Users\\nauna\\projects\\E-ctrl\\lib\\utils.ts","statementMap":{"0":{"start":{"line":4,"column":16},"end":{"line":4,"column":19}},"1":{"start":{"line":1,"column":38},"end":{"line":1,"column":null}},"2":{"start":{"line":2,"column":24},"end":{"line":2,"column":null}},"3":{"start":{"line":5,"column":2},"end":{"line":5,"column":null}}},"fnMap":{"0":{"name":"cn","decl":{"start":{"line":4,"column":16},"end":{"line":4,"column":19}},"loc":{"start":{"line":4,"column":42},"end":{"line":6,"column":null}}}},"branchMap":{},"s":{"0":9,"1":1,"2":1,"3":9},"f":{"0":9},"b":{}}
,"C:\\Users\\nauna\\projects\\E-ctrl\\lib\\validation.ts": {"path":"C:\\Users\\nauna\\projects\\E-ctrl\\lib\\validation.ts","statementMap":{"0":{"start":{"line":9,"column":13},"end":{"line":9,"column":17}},"1":{"start":{"line":44,"column":13},"end":{"line":44,"column":21}},"2":{"start":{"line":4,"column":13},"end":{"line":4,"column":18}},"3":{"start":{"line":54,"column":13},"end":{"line":54,"column":33}},"4":{"start":{"line":33,"column":13},"end":{"line":33,"column":23}},"5":{"start":{"line":34,"column":13},"end":{"line":34,"column":29}},"6":{"start":{"line":27,"column":13},"end":{"line":27,"column":21}},"7":{"start":{"line":5,"column":13},"end":{"line":5,"column":17}},"8":{"start":{"line":63,"column":13},"end":{"line":63,"column":28}},"9":{"start":{"line":6,"column":13},"end":{"line":6,"column":18}},"10":{"start":{"line":37,"column":13},"end":{"line":37,"column":23}},"11":{"start":{"line":47,"column":13},"end":{"line":47,"column":29}},"12":{"start":{"line":39,"column":13},"end":{"line":39,"column":22}},"13":{"start":{"line":1,"column":18},"end":{"line":1,"column":null}},"14":{"start":{"line":4,"column":21},"end":{"line":4,"column":null}},"15":{"start":{"line":5,"column":20},"end":{"line":5,"column":null}},"16":{"start":{"line":6,"column":21},"end":{"line":6,"column":44}},"17":{"start":{"line":9,"column":20},"end":{"line":24,"column":null}},"18":{"start":{"line":14,"column":22},"end":{"line":14,"column":null}},"19":{"start":{"line":15,"column":4},"end":{"line":15,"column":null}},"20":{"start":{"line":15,"column":31},"end":{"line":15,"column":null}},"21":{"start":{"line":18,"column":4},"end":{"line":23,"column":null}},"22":{"start":{"line":19,"column":18},"end":{"line":19,"column":null}},"23":{"start":{"line":20,"column":6},"end":{"line":20,"column":null}},"24":{"start":{"line":22,"column":6},"end":{"line":22,"column":null}},"25":{"start":{"line":27,"column":24},"end":{"line":30,"column":null}},"26":{"start":{"line":33,"column":26},"end":{"line":33,"column":null}},"27":{"start":{"line":34,"column":32},"end":{"line":34,"column":66}},"28":{"start":{"line":37,"column":26},"end":{"line":37,"column":null}},"29":{"start":{"line":39,"column":25},"end":{"line":42,"column":null}},"30":{"start":{"line":44,"column":24},"end":{"line":44,"column":null}},"31":{"start":{"line":47,"column":32},"end":{"line":50,"column":null}},"32":{"start":{"line":54,"column":36},"end":{"line":61,"column":null}},"33":{"start":{"line":63,"column":31},"end":{"line":88,"column":null}},"34":{"start":{"line":84,"column":12},"end":{"line":84,"column":75}}},"fnMap":{"0":{"name":"(anonymous_14)","decl":{"start":{"line":12,"column":10},"end":{"line":12,"column":11}},"loc":{"start":{"line":12,"column":11},"end":{"line":24,"column":5}}},"1":{"name":"(anonymous_15)","decl":{"start":{"line":84,"column":2},"end":{"line":84,"column":3}},"loc":{"start":{"line":84,"column":12},"end":{"line":84,"column":75}}}},"branchMap":{"0":{"loc":{"start":{"line":15,"column":4},"end":{"line":15,"column":null}},"type":"if","locations":[{"start":{"line":15,"column":4},"end":{"line":15,"column":null}},{"start":{},"end":{}}]},"1":{"loc":{"start":{"line":20,"column":13},"end":{"line":20,"column":null}},"type":"binary-expr","locations":[{"start":{"line":20,"column":13},"end":{"line":20,"column":48}},{"start":{"line":20,"column":48},"end":{"line":20,"column":null}}]},"2":{"loc":{"start":{"line":84,"column":12},"end":{"line":84,"column":75}},"type":"binary-expr","locations":[{"start":{"line":84,"column":12},"end":{"line":84,"column":29}},{"start":{"line":84,"column":33},"end":{"line":84,"column":53}},{"start":{"line":84,"column":57},"end":{"line":84,"column":75}}]}},"s":{"0":20,"1":7,"2":10,"3":17,"4":0,"5":0,"6":5,"7":6,"8":11,"9":0,"10":7,"11":4,"12":7,"13":2,"14":2,"15":2,"16":2,"17":2,"18":37,"19":37,"20":19,"21":18,"22":18,"23":9,"24":9,"25":2,"26":2,"27":2,"28":2,"29":2,"30":2,"31":2,"32":2,"33":2,"34":11},"f":{"0":37,"1":11},"b":{"0":[19,18],"1":[9,8],"2":[11,8,7]}}
}
