TN:
SF:app\layout.tsx
FN:56,RootLayout
FNF:1
FNH:0
FNDA:0,RootLayout
DA:2,0
DA:4,0
DA:5,0
DA:7,0
DA:9,0
DA:56,0
LF:6
LH:0
BRDA:81,0,0,0
BRDA:81,0,1,0
BRDA:81,0,2,0
BRF:3
BRH:0
end_of_record
TN:
SF:app\page.tsx
FN:28,HomePage
FN:65,(anonymous_3)
FN:75,(anonymous_4)
FN:76,(anonymous_5)
FN:89,(anonymous_6)
FN:97,(anonymous_7)
FN:108,(anonymous_8)
FN:182,(anonymous_9)
FN:310,(anonymous_10)
FN:445,(anonymous_11)
FN:452,(anonymous_12)
FN:537,(anonymous_13)
FN:623,(anonymous_14)
FN:682,(anonymous_15)
FN:686,(anonymous_16)
FN:698,(anonymous_17)
FN:703,(anonymous_18)
FNF:17
FNH:0
FNDA:0,HomePage
FNDA:0,(anonymous_3)
FNDA:0,(anonymous_4)
FNDA:0,(anonymous_5)
FNDA:0,(anonymous_6)
FNDA:0,(anonymous_7)
FNDA:0,(anonymous_8)
FNDA:0,(anonymous_9)
FNDA:0,(anonymous_10)
FNDA:0,(anonymous_11)
FNDA:0,(anonymous_12)
FNDA:0,(anonymous_13)
FNDA:0,(anonymous_14)
FNDA:0,(anonymous_15)
FNDA:0,(anonymous_16)
FNDA:0,(anonymous_17)
FNDA:0,(anonymous_18)
DA:3,0
DA:4,0
DA:5,0
DA:6,0
DA:8,0
DA:9,0
DA:12,0
DA:13,0
DA:14,0
DA:15,0
DA:16,0
DA:18,0
DA:19,0
DA:20,0
DA:21,0
DA:22,0
DA:23,0
DA:24,0
DA:25,0
DA:26,0
DA:28,0
DA:30,0
DA:33,0
DA:34,0
DA:35,0
DA:36,0
DA:37,0
DA:38,0
DA:39,0
DA:42,0
DA:43,0
DA:44,0
DA:45,0
DA:48,0
DA:54,0
DA:55,0
DA:56,0
DA:57,0
DA:65,0
DA:75,0
DA:76,0
DA:77,0
DA:78,0
DA:79,0
DA:80,0
DA:89,0
DA:90,0
DA:97,0
DA:98,0
DA:108,0
DA:109,0
DA:110,0
DA:111,0
DA:112,0
DA:113,0
DA:116,0
DA:118,0
DA:120,0
DA:129,0
DA:131,0
DA:137,0
DA:138,0
DA:139,0
DA:140,0
DA:147,0
DA:150,0
DA:151,0
DA:158,0
DA:159,0
DA:169,0
DA:173,0
DA:175,0
DA:177,0
DA:182,0
DA:183,0
DA:184,0
DA:185,0
DA:186,0
DA:187,0
DA:190,0
DA:192,0
DA:194,0
DA:208,0
DA:214,0
DA:215,0
DA:216,0
DA:218,0
DA:220,0
DA:221,0
DA:223,0
DA:224,0
DA:225,0
DA:226,0
DA:229,0
DA:230,0
DA:231,0
DA:233,0
DA:234,0
DA:236,0
DA:237,0
DA:240,0
DA:241,0
DA:244,0
DA:254,0
DA:256,0
DA:257,0
DA:261,0
DA:262,0
DA:269,0
DA:270,0
DA:272,0
DA:285,0
DA:286,0
DA:296,0
DA:301,0
DA:303,0
DA:305,0
DA:310,0
DA:325,0
DA:327,0
DA:328,0
DA:329,0
DA:330,0
DA:333,0
DA:335,0
DA:337,0
DA:365,0
DA:371,0
DA:372,0
DA:373,0
DA:375,0
DA:377,0
DA:378,0
DA:381,0
DA:382,0
DA:383,0
DA:385,0
DA:386,0
DA:388,0
DA:389,0
DA:392,0
DA:393,0
DA:396,0
DA:406,0
DA:408,0
DA:409,0
DA:413,0
DA:414,0
DA:421,0
DA:422,0
DA:432,0
DA:436,0
DA:438,0
DA:440,0
DA:445,0
DA:446,0
DA:448,0
DA:452,0
DA:453,0
DA:454,0
DA:455,0
DA:456,0
DA:459,0
DA:460,0
DA:462,0
DA:476,0
DA:478,0
DA:484,0
DA:485,0
DA:486,0
DA:488,0
DA:491,0
DA:496,0
DA:498,0
DA:511,0
DA:522,0
DA:523,0
DA:524,0
DA:526,0
DA:529,0
DA:533,0
DA:537,0
DA:538,0
DA:539,0
DA:540,0
DA:541,0
DA:542,0
DA:545,0
DA:546,0
DA:548,0
DA:562,0
DA:564,0
DA:570,0
DA:571,0
DA:572,0
DA:574,0
DA:577,0
DA:582,0
DA:584,0
DA:597,0
DA:608,0
DA:609,0
DA:610,0
DA:612,0
DA:615,0
DA:619,0
DA:623,0
DA:624,0
DA:625,0
DA:628,0
DA:629,0
DA:631,0
DA:632,0
DA:635,0
DA:648,0
DA:651,0
DA:662,0
DA:663,0
DA:664,0
DA:667,0
DA:669,0
DA:670,0
DA:671,0
DA:674,0
DA:675,0
DA:677,0
DA:682,0
DA:683,0
DA:684,0
DA:686,0
DA:687,0
DA:688,0
DA:689,0
DA:692,0
DA:698,0
DA:700,0
DA:703,0
DA:704,0
DA:705,0
DA:707,0
LF:240
LH:0
BRDA:75,0,0,0
BRDA:78,1,0,0
BRDA:78,1,1,0
BRDA:102,2,0,0
BRDA:102,2,1,0
BRDA:137,3,0,0
BRDA:137,3,1,0
BRDA:141,4,0,0
BRDA:141,4,1,0
BRDA:142,5,0,0
BRDA:142,5,1,0
BRDA:143,6,0,0
BRDA:143,6,1,0
BRDA:144,7,0,0
BRDA:144,7,1,0
BRDA:158,8,0,0
BRDA:158,8,1,0
BRDA:214,9,0,0
BRDA:214,9,1,0
BRDA:218,10,0,0
BRDA:218,10,1,0
BRDA:218,11,0,0
BRDA:218,11,1,0
BRDA:230,12,0,0
BRDA:230,12,1,0
BRDA:233,13,0,0
BRDA:233,13,1,0
BRDA:236,14,0,0
BRDA:236,14,1,0
BRDA:240,15,0,0
BRDA:240,15,1,0
BRDA:247,16,0,0
BRDA:247,16,1,0
BRDA:269,17,0,0
BRDA:269,17,1,0
BRDA:285,18,0,0
BRDA:285,18,1,0
BRDA:371,19,0,0
BRDA:371,19,1,0
BRDA:375,20,0,0
BRDA:375,20,1,0
BRDA:375,21,0,0
BRDA:375,21,1,0
BRDA:382,22,0,0
BRDA:382,22,1,0
BRDA:385,23,0,0
BRDA:385,23,1,0
BRDA:388,24,0,0
BRDA:388,24,1,0
BRDA:392,25,0,0
BRDA:392,25,1,0
BRDA:399,26,0,0
BRDA:399,26,1,0
BRDA:421,27,0,0
BRDA:421,27,1,0
BRDA:459,28,0,0
BRDA:459,28,1,0
BRDA:459,29,0,0
BRDA:459,29,1,0
BRDA:484,30,0,0
BRDA:484,30,1,0
BRDA:499,31,0,0
BRDA:499,31,1,0
BRDA:500,32,0,0
BRDA:500,32,1,0
BRDA:501,33,0,0
BRDA:501,33,1,0
BRDA:502,34,0,0
BRDA:502,34,1,0
BRDA:503,35,0,0
BRDA:503,35,1,0
BRDA:504,36,0,0
BRDA:504,36,1,0
BRDA:505,37,0,0
BRDA:505,37,1,0
BRDA:506,38,0,0
BRDA:506,38,1,0
BRDA:506,39,0,0
BRDA:506,39,1,0
BRDA:507,40,0,0
BRDA:507,40,1,0
BRDA:507,41,0,0
BRDA:507,41,1,0
BRDA:508,42,0,0
BRDA:508,42,1,0
BRDA:508,43,0,0
BRDA:508,43,1,0
BRDA:522,44,0,0
BRDA:522,44,1,0
BRDA:545,45,0,0
BRDA:545,45,1,0
BRDA:545,46,0,0
BRDA:545,46,1,0
BRDA:570,47,0,0
BRDA:570,47,1,0
BRDA:585,48,0,0
BRDA:585,48,1,0
BRDA:586,49,0,0
BRDA:586,49,1,0
BRDA:587,50,0,0
BRDA:587,50,1,0
BRDA:588,51,0,0
BRDA:588,51,1,0
BRDA:589,52,0,0
BRDA:589,52,1,0
BRDA:590,53,0,0
BRDA:590,53,1,0
BRDA:591,54,0,0
BRDA:591,54,1,0
BRDA:592,55,0,0
BRDA:592,55,1,0
BRDA:592,56,0,0
BRDA:592,56,1,0
BRDA:593,57,0,0
BRDA:593,57,1,0
BRDA:593,58,0,0
BRDA:593,58,1,0
BRDA:594,59,0,0
BRDA:594,59,1,0
BRDA:594,60,0,0
BRDA:594,60,1,0
BRDA:608,61,0,0
BRDA:608,61,1,0
BRDA:636,62,0,0
BRDA:636,62,1,0
BRDA:637,63,0,0
BRDA:637,63,1,0
BRDA:638,64,0,0
BRDA:638,64,1,0
BRDA:639,65,0,0
BRDA:639,65,1,0
BRDA:640,66,0,0
BRDA:640,66,1,0
BRDA:641,67,0,0
BRDA:641,67,1,0
BRDA:642,68,0,0
BRDA:642,68,1,0
BRDA:643,69,0,0
BRDA:643,69,1,0
BRDA:643,70,0,0
BRDA:643,70,1,0
BRDA:644,71,0,0
BRDA:644,71,1,0
BRDA:644,72,0,0
BRDA:644,72,1,0
BRDA:645,73,0,0
BRDA:645,73,1,0
BRDA:645,74,0,0
BRDA:645,74,1,0
BRDA:662,75,0,0
BRDA:662,75,1,0
BRDA:688,76,0,0
BRDA:688,76,1,0
BRDA:704,77,0,0
BRDA:704,77,1,0
BRDA:720,78,0,0
BRDA:740,79,0,0
BRDA:740,79,1,0
BRDA:760,80,0,0
BRDA:763,81,0,0
BRDA:764,82,0,0
BRDA:764,82,1,0
BRDA:764,83,0,0
BRDA:764,83,1,0
BRDA:765,84,0,0
BRDA:765,84,1,0
BRDA:765,85,0,0
BRDA:765,85,1,0
BRDA:781,86,0,0
BRDA:781,86,1,0
BRDA:783,87,0,0
BRDA:783,87,1,0
BRDA:783,88,0,0
BRDA:783,88,1,0
BRDA:784,89,0,0
BRDA:784,89,1,0
BRDA:784,90,0,0
BRDA:784,90,1,0
BRDA:785,91,0,0
BRDA:785,91,1,0
BRDA:786,92,0,0
BRDA:786,92,1,0
BRDA:787,93,0,0
BRDA:787,93,1,0
BRDA:796,94,0,0
BRDA:796,94,1,0
BRDA:796,94,2,0
BRDA:807,95,0,0
BRDA:818,96,0,0
BRDA:818,96,1,0
BRDA:829,97,0,0
BRDA:832,98,0,0
BRF:192
BRH:0
end_of_record
TN:
SF:app\about\page.tsx
FN:12,AboutPage
FN:54,(anonymous_5)
FN:77,(anonymous_6)
FNF:3
FNH:0
FNDA:0,AboutPage
FNDA:0,(anonymous_5)
FNDA:0,(anonymous_6)
DA:1,0
DA:2,0
DA:3,0
DA:4,0
DA:5,0
DA:7,0
DA:12,0
DA:55,0
DA:78,0
LF:9
LH:0
BRF:0
BRH:0
end_of_record
TN:
SF:app\api\email\route.ts
FN:11,(anonymous_1)
FN:17,isValidMode
FN:21,POST
FNF:3
FNH:0
FNDA:0,(anonymous_1)
FNDA:0,isValidMode
FNDA:0,POST
DA:1,0
DA:2,0
DA:3,0
DA:4,0
DA:7,0
DA:11,0
DA:18,0
DA:21,0
DA:22,0
DA:23,0
DA:24,0
DA:26,0
DA:27,0
DA:30,0
DA:36,0
DA:38,0
DA:39,0
DA:46,0
DA:48,0
DA:49,0
DA:51,0
DA:52,0
DA:53,0
DA:56,0
DA:78,0
DA:85,0
DA:86,0
DA:90,0
DA:98,0
DA:99,0
DA:101,0
DA:103,0
DA:106,0
DA:114,0
DA:116,0
DA:117,0
DA:123,0
LF:37
LH:0
BRDA:18,0,0,0
BRDA:18,0,1,0
BRDA:38,1,0,0
BRDA:38,1,1,0
BRDA:51,2,0,0
BRDA:51,2,1,0
BRDA:51,3,0,0
BRDA:51,3,1,0
BRDA:57,4,0,0
BRDA:57,4,1,0
BRDA:59,5,0,0
BRDA:59,5,1,0
BRDA:61,6,0,0
BRDA:61,6,1,0
BRDA:62,7,0,0
BRDA:62,7,1,0
BRDA:63,8,0,0
BRDA:63,8,1,0
BRDA:70,9,0,0
BRDA:70,9,1,0
BRDA:71,10,0,0
BRDA:71,10,1,0
BRDA:72,11,0,0
BRDA:72,11,1,0
BRDA:73,12,0,0
BRDA:73,12,1,0
BRDA:74,13,0,0
BRDA:74,13,1,0
BRDA:75,14,0,0
BRDA:75,14,1,0
BRDA:94,15,0,0
BRDA:94,15,1,0
BRDA:98,16,0,0
BRDA:98,16,1,0
BRDA:109,17,0,0
BRDA:109,17,1,0
BRDA:116,18,0,0
BRDA:116,18,1,0
BRF:38
BRH:0
end_of_record
TN:
SF:app\api\preview\route.ts
FN:8,POST
FNF:1
FNH:0
FNDA:0,POST
DA:1,0
DA:2,0
DA:3,0
DA:4,0
DA:5,0
DA:6,0
DA:8,0
DA:9,0
DA:10,0
DA:11,0
DA:13,0
DA:14,0
DA:22,0
DA:23,0
DA:25,0
DA:29,0
DA:31,0
DA:32,0
DA:33,0
DA:35,0
DA:36,0
DA:38,0
DA:46,0
DA:47,0
DA:49,0
DA:50,0
DA:51,0
DA:53,0
DA:54,0
DA:57,0
DA:58,0
DA:65,0
DA:66,0
DA:75,0
DA:76,0
DA:79,0
DA:84,0
DA:85,0
DA:87,0
DA:90,0
DA:91,0
DA:97,0
DA:103,0
DA:104,0
LF:44
LH:0
BRDA:13,0,0,0
BRDA:13,0,1,0
BRDA:13,1,0,0
BRDA:13,1,1,0
BRDA:22,2,0,0
BRDA:22,2,1,0
BRDA:31,3,0,0
BRDA:31,3,1,0
BRDA:31,4,0,0
BRDA:31,4,1,0
BRDA:31,4,2,0
BRDA:35,5,0,0
BRDA:35,5,1,0
BRDA:49,6,0,0
BRDA:49,6,1,0
BRDA:49,7,0,0
BRDA:49,7,1,0
BRDA:49,7,2,0
BRDA:53,8,0,0
BRDA:53,8,1,0
BRDA:57,9,0,0
BRDA:57,9,1,0
BRDA:57,10,0,0
BRDA:57,10,1,0
BRDA:65,11,0,0
BRDA:65,11,1,0
BRDA:84,12,0,0
BRDA:84,12,1,0
BRDA:90,13,0,0
BRDA:90,13,1,0
BRF:30
BRH:0
end_of_record
TN:
SF:app\api\register\route.ts
FN:8,initializeSupabase
FN:31,POST
FNF:2
FNH:0
FNDA:0,initializeSupabase
FNDA:0,POST
DA:1,0
DA:2,0
DA:3,0
DA:6,0
DA:9,0
DA:11,0
DA:12,0
DA:14,0
DA:15,0
DA:19,0
DA:22,0
DA:23,0
DA:24,0
DA:26,0
DA:27,0
DA:31,0
DA:32,0
DA:34,0
DA:35,0
DA:36,0
DA:37,0
DA:43,0
DA:46,0
DA:47,0
DA:53,0
DA:54,0
DA:61,0
DA:67,0
DA:68,0
DA:69,0
DA:75,0
DA:76,0
DA:83,0
DA:84,0
DA:87,0
DA:99,0
DA:100,0
DA:101,0
DA:107,0
DA:110,0
DA:125,0
DA:127,0
LF:42
LH:0
BRDA:9,0,0,0
BRDA:9,0,1,0
BRDA:11,1,0,0
BRDA:11,1,1,0
BRDA:14,2,0,0
BRDA:14,2,1,0
BRDA:14,3,0,0
BRDA:14,3,1,0
BRDA:35,4,0,0
BRDA:35,4,1,0
BRDA:46,5,0,0
BRDA:46,5,1,0
BRDA:46,6,0,0
BRDA:46,6,1,0
BRDA:46,6,2,0
BRDA:53,7,0,0
BRDA:53,7,1,0
BRDA:67,8,0,0
BRDA:67,8,1,0
BRDA:67,9,0,0
BRDA:67,9,1,0
BRDA:75,10,0,0
BRDA:75,10,1,0
BRDA:99,11,0,0
BRDA:99,11,1,0
BRF:25
BRH:0
end_of_record
TN:
SF:app\api\report\route.ts
FN:21,POST
FNF:1
FNH:0
FNDA:0,POST
DA:1,0
DA:2,0
DA:8,0
DA:14,0
DA:15,0
DA:16,0
DA:17,0
DA:18,0
DA:19,0
DA:21,0
DA:22,0
DA:23,0
DA:24,0
DA:27,0
DA:28,0
DA:46,0
DA:47,0
DA:48,0
DA:49,0
DA:51,0
DA:58,0
DA:59,0
DA:60,0
DA:67,0
DA:70,0
DA:71,0
DA:74,0
DA:76,0
DA:77,0
DA:80,0
DA:82,0
DA:83,0
DA:84,0
DA:86,0
DA:87,0
DA:91,0
DA:92,0
DA:94,0
DA:95,0
DA:96,0
DA:98,0
DA:99,0
DA:101,0
DA:102,0
DA:105,0
DA:108,0
DA:111,0
DA:112,0
DA:113,0
DA:116,0
DA:117,0
DA:118,0
DA:125,0
DA:133,0
DA:134,0
DA:141,0
DA:144,0
DA:147,0
DA:149,0
DA:172,0
DA:195,0
DA:197,0
DA:198,0
DA:200,0
DA:203,0
DA:208,0
DA:216,0
DA:218,0
DA:219,0
DA:225,0
LF:70
LH:0
BRDA:27,0,0,0
BRDA:27,0,1,0
BRDA:27,1,0,0
BRDA:27,1,1,0
BRDA:46,2,0,0
BRDA:46,2,1,0
BRDA:48,3,0,0
BRDA:48,3,1,0
BRDA:59,4,0,0
BRDA:59,4,1,0
BRDA:74,5,0,0
BRDA:74,5,1,0
BRDA:80,6,0,0
BRDA:80,6,1,0
BRDA:82,7,0,0
BRDA:82,7,1,0
BRDA:94,8,0,0
BRDA:94,8,1,0
BRDA:98,9,0,0
BRDA:98,9,1,0
BRDA:113,10,0,0
BRDA:113,10,1,0
BRDA:116,11,0,0
BRDA:116,11,1,0
BRDA:133,12,0,0
BRDA:133,12,1,0
BRDA:147,13,0,0
BRDA:147,13,1,0
BRDA:151,14,0,0
BRDA:151,14,1,0
BRDA:152,15,0,0
BRDA:152,15,1,0
BRDA:154,16,0,0
BRDA:154,16,1,0
BRDA:155,17,0,0
BRDA:155,17,1,0
BRDA:156,18,0,0
BRDA:156,18,1,0
BRDA:163,19,0,0
BRDA:163,19,1,0
BRDA:164,20,0,0
BRDA:164,20,1,0
BRDA:166,21,0,0
BRDA:166,21,1,0
BRDA:167,22,0,0
BRDA:167,22,1,0
BRDA:168,23,0,0
BRDA:168,23,1,0
BRDA:174,24,0,0
BRDA:174,24,1,0
BRDA:175,25,0,0
BRDA:175,25,1,0
BRDA:177,26,0,0
BRDA:177,26,1,0
BRDA:185,27,0,0
BRDA:185,27,1,0
BRDA:186,28,0,0
BRDA:186,28,1,0
BRDA:188,29,0,0
BRDA:188,29,1,0
BRDA:189,30,0,0
BRDA:189,30,1,0
BRDA:190,31,0,0
BRDA:190,31,1,0
BRDA:197,32,0,0
BRDA:197,32,1,0
BRDA:218,33,0,0
BRDA:218,33,1,0
BRF:68
BRH:0
end_of_record
TN:
SF:app\api\submit-email\route.ts
FN:6,POST
FNF:1
FNH:0
FNDA:0,POST
DA:1,0
DA:2,0
DA:3,0
DA:6,0
DA:7,0
DA:8,0
DA:11,0
DA:12,0
DA:18,0
DA:21,0
DA:22,0
DA:23,0
DA:24,0
DA:25,0
DA:27,0
DA:30,0
DA:34,0
DA:37,0
DA:38,0
DA:39,0
DA:61,0
DA:71,0
DA:72,0
DA:74,0
DA:75,0
DA:76,0
DA:79,0
DA:101,0
DA:108,0
DA:109,0
DA:114,0
DA:115,0
DA:122,0
DA:124,0
DA:125,0
DA:127,0
DA:138,0
DA:141,0
DA:154,0
DA:155,0
DA:158,0
DA:159,0
DA:161,0
DA:162,0
DA:164,0
LF:45
LH:0
BRDA:11,0,0,0
BRDA:11,0,1,0
BRDA:11,1,0,0
BRDA:11,1,1,0
BRDA:21,2,0,0
BRDA:21,2,1,0
BRDA:23,3,0,0
BRDA:23,3,1,0
BRDA:24,4,0,0
BRDA:24,4,1,0
BRDA:37,5,0,0
BRDA:37,5,1,0
BRDA:40,6,0,0
BRDA:40,6,1,0
BRDA:42,7,0,0
BRDA:42,7,1,0
BRDA:43,8,0,0
BRDA:43,8,1,0
BRDA:44,9,0,0
BRDA:44,9,1,0
BRDA:45,10,0,0
BRDA:45,10,1,0
BRDA:46,11,0,0
BRDA:46,11,1,0
BRDA:53,12,0,0
BRDA:53,12,1,0
BRDA:54,13,0,0
BRDA:54,13,1,0
BRDA:55,14,0,0
BRDA:55,14,1,0
BRDA:56,15,0,0
BRDA:56,15,1,0
BRDA:57,16,0,0
BRDA:57,16,1,0
BRDA:58,17,0,0
BRDA:58,17,1,0
BRDA:74,18,0,0
BRDA:74,18,1,0
BRDA:74,19,0,0
BRDA:74,19,1,0
BRDA:80,20,0,0
BRDA:80,20,1,0
BRDA:80,20,2,0
BRDA:82,21,0,0
BRDA:82,21,1,0
BRDA:84,22,0,0
BRDA:84,22,1,0
BRDA:85,23,0,0
BRDA:85,23,1,0
BRDA:86,24,0,0
BRDA:86,24,1,0
BRDA:93,25,0,0
BRDA:93,25,1,0
BRDA:94,26,0,0
BRDA:94,26,1,0
BRDA:95,27,0,0
BRDA:95,27,1,0
BRDA:96,28,0,0
BRDA:96,28,1,0
BRDA:97,29,0,0
BRDA:97,29,1,0
BRDA:98,30,0,0
BRDA:98,30,1,0
BRDA:117,31,0,0
BRDA:117,31,1,0
BRDA:118,32,0,0
BRDA:118,32,1,0
BRDA:120,33,0,0
BRDA:120,33,1,0
BRDA:124,34,0,0
BRDA:124,34,1,0
BRDA:158,35,0,0
BRDA:158,35,1,0
BRDA:159,36,0,0
BRDA:159,36,1,0
BRF:75
BRH:0
end_of_record
TN:
SF:app\api\suggestions\route.ts
FN:4,POST
FNF:1
FNH:0
FNDA:0,POST
DA:1,0
DA:2,0
DA:4,0
DA:5,0
DA:6,0
DA:7,0
DA:9,0
DA:10,0
DA:18,0
DA:19,0
DA:20,0
DA:21,0
DA:27,0
DA:28,0
DA:29,0
DA:30,0
DA:31,0
DA:37,0
DA:39,0
DA:45,0
DA:51,0
DA:52,0
LF:22
LH:0
BRDA:9,0,0,0
BRDA:9,0,1,0
BRDA:9,1,0,0
BRDA:9,1,1,0
BRDA:18,2,0,0
BRDA:18,2,1,0
BRDA:20,3,0,0
BRDA:20,3,1,0
BRDA:20,4,0,0
BRDA:20,4,1,0
BRDA:28,5,0,0
BRDA:28,5,1,0
BRDA:30,6,0,0
BRDA:30,6,1,0
BRDA:30,7,0,0
BRDA:30,7,1,0
BRDA:37,8,0,0
BRDA:37,8,1,0
BRF:18
BRH:0
end_of_record
TN:
SF:app\components\AccessControl.tsx
FN:12,AccessControl
FN:20,(anonymous_3)
FN:116,(anonymous_4)
FN:164,(anonymous_5)
FN:229,(anonymous_6)
FN:245,(anonymous_7)
FN:261,(anonymous_8)
FNF:7
FNH:0
FNDA:0,AccessControl
FNDA:0,(anonymous_3)
FNDA:0,(anonymous_4)
FNDA:0,(anonymous_5)
FNDA:0,(anonymous_6)
FNDA:0,(anonymous_7)
FNDA:0,(anonymous_8)
DA:3,0
DA:4,0
DA:12,0
DA:13,0
DA:14,0
DA:15,0
DA:16,0
DA:17,0
DA:18,0
DA:20,0
DA:21,0
DA:22,0
DA:23,0
DA:26,0
DA:27,0
DA:28,0
DA:29,0
DA:32,0
DA:33,0
DA:34,0
DA:35,0
DA:38,0
DA:39,0
DA:40,0
DA:41,0
DA:45,0
DA:46,0
DA:53,0
DA:54,0
DA:55,0
DA:58,0
DA:64,0
DA:65,0
DA:66,0
DA:67,0
DA:69,0
DA:70,0
DA:74,0
DA:75,0
DA:77,0
DA:81,0
DA:82,0
DA:83,0
DA:116,0
DA:164,0
DA:229,0
DA:245,0
DA:261,0
LF:48
LH:0
BRDA:26,0,0,0
BRDA:26,0,1,0
BRDA:32,1,0,0
BRDA:32,1,1,0
BRDA:32,2,0,0
BRDA:32,2,1,0
BRDA:38,3,0,0
BRDA:38,3,1,0
BRDA:38,4,0,0
BRDA:38,4,1,0
BRDA:45,5,0,0
BRDA:45,5,1,0
BRDA:45,6,0,0
BRDA:45,6,1,0
BRDA:49,7,0,0
BRDA:49,7,1,0
BRDA:54,8,0,0
BRDA:54,8,1,0
BRDA:64,9,0,0
BRDA:64,9,1,0
BRDA:70,10,0,0
BRDA:70,10,1,0
BRDA:82,11,0,0
BRDA:82,11,1,0
BRDA:83,12,0,0
BRDA:83,12,1,0
BRDA:118,13,0,0
BRDA:118,13,1,0
BRDA:125,14,0,0
BRDA:125,14,1,0
BRDA:127,15,0,0
BRDA:166,16,0,0
BRDA:166,16,1,0
BRDA:173,17,0,0
BRDA:173,17,1,0
BRDA:175,18,0,0
BRDA:220,19,0,0
BRDA:252,20,0,0
BRDA:272,21,0,0
BRDA:284,22,0,0
BRDA:284,22,1,0
BRDA:285,23,0,0
BRDA:285,23,1,0
BRDA:286,24,0,0
BRDA:286,24,1,0
BRDA:294,25,0,0
BRDA:294,25,1,0
BRF:47
BRH:0
end_of_record
TN:
SF:app\components\Benefits.tsx
FN:5,Benefits
FN:59,(anonymous_2)
FNF:2
FNH:0
FNDA:0,Benefits
FNDA:0,(anonymous_2)
DA:3,0
DA:5,0
DA:6,0
DA:60,0
LF:4
LH:0
BRDA:63,0,0,0
BRDA:63,0,1,0
BRDA:65,1,0,0
BRDA:65,1,1,0
BRF:4
BRH:0
end_of_record
TN:
SF:app\components\EmailCapture.tsx
FN:10,EmailCapture
FN:14,(anonymous_2)
FN:81,(anonymous_3)
FNF:3
FNH:0
FNDA:0,EmailCapture
FNDA:0,(anonymous_2)
FNDA:0,(anonymous_3)
DA:3,0
DA:10,0
DA:11,0
DA:12,0
DA:14,0
DA:15,0
DA:16,0
DA:17,0
DA:18,0
DA:22,0
DA:81,0
LF:11
LH:0
BRDA:10,0,0,0
BRDA:16,1,0,0
BRDA:16,1,1,0
BRDA:22,2,0,0
BRDA:22,2,1,0
BRDA:91,3,0,0
BRDA:91,3,1,0
BRDA:94,4,0,0
BRDA:94,4,1,0
BRF:9
BRH:0
end_of_record
TN:
SF:app\components\EmailGate.tsx
FN:13,EmailGate
FN:18,(anonymous_3)
FN:60,(anonymous_4)
FN:106,(anonymous_5)
FNF:4
FNH:0
FNDA:0,EmailGate
FNDA:0,(anonymous_3)
FNDA:0,(anonymous_4)
FNDA:0,(anonymous_5)
DA:3,0
DA:4,0
DA:5,0
DA:13,0
DA:14,0
DA:15,0
DA:16,0
DA:18,0
DA:19,0
DA:20,0
DA:21,0
DA:23,0
DA:25,0
DA:26,0
DA:27,0
DA:28,0
DA:32,0
DA:33,0
DA:39,0
DA:41,0
DA:53,0
DA:55,0
DA:56,0
DA:60,0
DA:62,0
DA:64,0
DA:65,0
DA:67,0
DA:107,0
DA:108,0
LF:30
LH:0
BRDA:13,0,0,0
BRDA:13,1,0,0
BRDA:25,2,0,0
BRDA:25,2,1,0
BRDA:26,3,0,0
BRDA:26,3,1,0
BRDA:32,4,0,0
BRDA:32,4,1,0
BRDA:32,5,0,0
BRDA:32,5,1,0
BRDA:55,6,0,0
BRDA:55,6,1,0
BRDA:56,7,0,0
BRDA:56,7,1,0
BRDA:65,8,0,0
BRDA:65,8,1,0
BRDA:84,9,0,0
BRDA:84,9,1,0
BRDA:108,10,0,0
BRDA:108,10,1,0
BRDA:112,11,0,0
BRDA:112,11,1,0
BRDA:117,12,0,0
BRDA:117,12,1,0
BRDA:121,13,0,0
BRDA:175,14,0,0
BRDA:175,14,1,0
BRDA:178,15,0,0
BRDA:178,15,1,0
BRF:29
BRH:0
end_of_record
TN:
SF:app\components\FAQ.tsx
FN:6,FAQ
FN:40,(anonymous_3)
FN:48,(anonymous_4)
FN:77,(anonymous_5)
FN:81,(anonymous_6)
FNF:5
FNH:0
FNDA:0,FAQ
FNDA:0,(anonymous_3)
FNDA:0,(anonymous_4)
FNDA:0,(anonymous_5)
FNDA:0,(anonymous_6)
DA:3,0
DA:4,0
DA:6,0
DA:7,0
DA:9,0
DA:40,0
DA:41,0
DA:45,0
DA:48,0
DA:78,0
DA:81,0
LF:11
LH:0
BRDA:41,0,0,0
BRDA:41,0,1,0
BRDA:91,1,0,0
BRDA:102,2,0,0
BRF:4
BRH:0
end_of_record
TN:
SF:app\components\Guarantees.tsx
FN:5,Guarantees
FN:55,(anonymous_2)
FNF:2
FNH:0
FNDA:0,Guarantees
FNDA:0,(anonymous_2)
DA:3,0
DA:5,0
DA:6,0
DA:56,0
LF:4
LH:0
BRDA:59,0,0,0
BRDA:59,0,1,0
BRDA:61,1,0,0
BRDA:61,1,1,0
BRF:4
BRH:0
end_of_record
TN:
SF:app\components\GuestResult.tsx
FN:11,GuestResult
FN:60,(anonymous_3)
FN:80,(anonymous_4)
FN:121,(anonymous_5)
FNF:4
FNH:0
FNDA:0,GuestResult
FNDA:0,(anonymous_3)
FNDA:0,(anonymous_4)
FNDA:0,(anonymous_5)
DA:3,0
DA:11,0
DA:12,0
DA:15,0
DA:61,0
DA:81,0
DA:122,0
LF:7
LH:0
BRDA:41,0,0,0
BRDA:41,0,1,0
BRDA:70,1,0,0
BRDA:70,1,1,0
BRDA:111,2,0,0
BRDA:111,2,1,0
BRDA:124,3,0,0
BRDA:124,3,1,0
BRDA:124,4,0,0
BRDA:124,4,1,0
BRDA:128,5,0,0
BRDA:128,5,1,0
BRDA:128,6,0,0
BRDA:128,6,1,0
BRDA:132,7,0,0
BRDA:132,7,1,0
BRDA:132,8,0,0
BRDA:132,8,1,0
BRDA:152,9,0,0
BRDA:152,9,1,0
BRF:20
BRH:0
end_of_record
TN:
SF:app\components\HowItWorks.tsx
FN:3,HowItWorks
FN:35,(anonymous_2)
FNF:2
FNH:0
FNDA:0,HowItWorks
FNDA:0,(anonymous_2)
DA:3,0
DA:4,0
DA:36,0
LF:3
LH:0
BRF:0
BRH:0
end_of_record
TN:
SF:app\components\NewSellerBenefits.tsx
FN:5,NewSellerBenefits
FN:67,(anonymous_2)
FNF:2
FNH:0
FNDA:0,NewSellerBenefits
FNDA:0,(anonymous_2)
DA:3,0
DA:5,0
DA:6,0
DA:68,0
LF:4
LH:0
BRDA:71,0,0,0
BRDA:71,0,1,0
BRDA:73,1,0,0
BRDA:73,1,1,0
BRF:4
BRH:0
end_of_record
TN:
SF:app\components\NewSellerDeliveryNote.tsx
FN:3,NewSellerDeliveryNote
FNF:1
FNH:0
FNDA:0,NewSellerDeliveryNote
DA:3,0
LF:1
LH:0
BRF:0
BRH:0
end_of_record
TN:
SF:app\components\NewSellerFAQ.tsx
FN:5,NewSellerFAQ
FN:43,(anonymous_2)
FN:60,(anonymous_3)
FN:64,(anonymous_4)
FNF:4
FNH:0
FNDA:0,NewSellerFAQ
FNDA:0,(anonymous_2)
FNDA:0,(anonymous_3)
FNDA:0,(anonymous_4)
DA:3,0
DA:5,0
DA:6,0
DA:8,0
DA:43,0
DA:44,0
DA:61,0
DA:64,0
LF:8
LH:0
BRDA:44,0,0,0
BRDA:44,0,1,0
BRDA:68,1,0,0
BRDA:68,1,1,0
BRDA:71,2,0,0
BRF:5
BRH:0
end_of_record
TN:
SF:app\components\NewSellerHowItWorks.tsx
FN:3,NewSellerHowItWorks
FN:35,(anonymous_2)
FNF:2
FNH:0
FNDA:0,NewSellerHowItWorks
FNDA:0,(anonymous_2)
DA:3,0
DA:4,0
DA:36,0
LF:3
LH:0
BRF:0
BRH:0
end_of_record
TN:
SF:app\components\NewSellerPartialResult.tsx
FN:19,NewSellerPartialResult
FN:31,(anonymous_3)
FN:139,(anonymous_4)
FN:175,(anonymous_5)
FNF:4
FNH:0
FNDA:0,NewSellerPartialResult
FNDA:0,(anonymous_3)
FNDA:0,(anonymous_4)
FNDA:0,(anonymous_5)
DA:3,0
DA:19,0
DA:21,0
DA:22,0
DA:30,0
DA:31,0
DA:140,0
DA:176,0
LF:8
LH:0
BRDA:26,0,0,0
BRDA:26,0,1,0
BRDA:30,1,0,0
BRDA:30,1,1,0
BRDA:30,1,2,0
BRDA:31,2,0,0
BRDA:31,2,1,0
BRDA:43,3,0,0
BRDA:43,3,1,0
BRDA:46,4,0,0
BRDA:50,5,0,0
BRDA:61,6,0,0
BRDA:66,7,0,0
BRDA:83,8,0,0
BRDA:89,9,0,0
BRDA:127,10,0,0
BRDA:127,10,1,0
BRDA:127,11,0,0
BRDA:127,11,1,0
BRDA:139,12,0,0
BRDA:139,13,0,0
BRDA:139,13,1,0
BRDA:156,14,0,0
BRDA:156,14,1,0
BRDA:171,15,0,0
BRDA:171,15,1,0
BRDA:239,16,0,0
BRDA:239,16,1,0
BRDA:242,17,0,0
BRDA:242,17,1,0
BRDA:248,18,0,0
BRF:31
BRH:0
end_of_record
TN:
SF:app\components\PartialResult.tsx
FN:14,PartialResult
FN:17,(anonymous_3)
FN:34,(anonymous_4)
FN:44,(anonymous_5)
FN:48,(anonymous_6)
FN:134,(anonymous_7)
FN:145,(anonymous_8)
FNF:7
FNH:0
FNDA:0,PartialResult
FNDA:0,(anonymous_3)
FNDA:0,(anonymous_4)
FNDA:0,(anonymous_5)
FNDA:0,(anonymous_6)
FNDA:0,(anonymous_7)
FNDA:0,(anonymous_8)
DA:3,0
DA:4,0
DA:14,0
DA:15,0
DA:17,0
DA:19,0
DA:20,0
DA:27,0
DA:29,0
DA:30,0
DA:31,0
DA:32,0
DA:34,0
DA:35,0
DA:36,0
DA:37,0
DA:38,0
DA:40,0
DA:44,0
DA:48,0
DA:50,0
DA:51,0
DA:56,0
DA:135,0
DA:146,0
LF:25
LH:0
BRDA:14,0,0,0
BRDA:19,1,0,0
BRDA:19,1,1,0
BRDA:19,2,0,0
BRDA:19,2,1,0
BRDA:27,3,0,0
BRDA:27,3,1,0
BRDA:36,4,0,0
BRDA:36,4,1,0
BRDA:50,5,0,0
BRDA:50,5,1,0
BRDA:50,6,0,0
BRDA:50,6,1,0
BRDA:77,7,0,0
BRDA:77,7,1,0
BRDA:82,8,0,0
BRDA:82,8,1,0
BRDA:89,9,0,0
BRDA:89,9,1,0
BRDA:89,10,0,0
BRDA:89,10,1,0
BRDA:95,11,0,0
BRDA:106,12,0,0
BRDA:106,12,1,0
BRDA:106,13,0,0
BRDA:106,13,1,0
BRDA:108,14,0,0
BRDA:108,14,1,0
BRDA:125,15,0,0
BRDA:132,16,0,0
BRDA:132,16,1,0
BRDA:173,17,0,0
BRDA:173,17,1,0
BRF:33
BRH:0
end_of_record
TN:
SF:app\components\Recommendations.tsx
FN:3,Recommendations
FN:60,(anonymous_2)
FNF:2
FNH:0
FNDA:0,Recommendations
FNDA:0,(anonymous_2)
DA:3,0
DA:4,0
DA:61,0
LF:3
LH:0
BRF:0
BRH:0
end_of_record
TN:
SF:app\components\RepeatCTA.tsx
FN:11,RepeatCTA
FN:12,(anonymous_3)
FNF:2
FNH:0
FNDA:0,RepeatCTA
FNDA:0,(anonymous_3)
DA:3,0
DA:11,0
DA:12,0
DA:14,0
DA:15,0
DA:20,0
DA:23,0
LF:7
LH:0
BRDA:11,0,0,0
BRDA:11,1,0,0
BRDA:14,2,0,0
BRDA:14,2,1,0
BRDA:14,3,0,0
BRDA:14,3,1,0
BRDA:23,4,0,0
BRDA:23,4,1,0
BRDA:28,5,0,0
BRDA:28,5,1,0
BRDA:34,6,0,0
BRDA:34,6,1,0
BRDA:43,7,0,0
BRDA:43,7,1,0
BRDA:62,8,0,0
BRDA:62,8,1,0
BRDA:68,9,0,0
BRDA:68,9,1,0
BRDA:77,10,0,0
BRDA:77,10,1,0
BRF:20
BRH:0
end_of_record
TN:
SF:app\components\ReportDeliveryNote.tsx
FN:3,ReportDeliveryNote
FNF:1
FNH:0
FNDA:0,ReportDeliveryNote
DA:3,0
LF:1
LH:0
BRF:0
BRH:0
end_of_record
TN:
SF:app\components\StickyCTA.tsx
FN:11,StickyCTA
FN:14,(anonymous_3)
FN:15,(anonymous_4)
FN:27,(anonymous_5)
FN:30,(anonymous_6)
FNF:5
FNH:0
FNDA:0,StickyCTA
FNDA:0,(anonymous_3)
FNDA:0,(anonymous_4)
FNDA:0,(anonymous_5)
FNDA:0,(anonymous_6)
DA:3,0
DA:4,0
DA:11,0
DA:12,0
DA:14,0
DA:15,0
DA:16,0
DA:17,0
DA:18,0
DA:19,0
DA:20,0
DA:24,0
DA:25,0
DA:27,0
DA:30,0
DA:32,0
DA:33,0
DA:38,0
DA:41,0
LF:19
LH:0
BRDA:11,0,0,0
BRDA:17,1,0,0
BRDA:17,1,1,0
BRDA:32,2,0,0
BRDA:32,2,1,0
BRDA:32,3,0,0
BRDA:32,3,1,0
BRDA:41,4,0,0
BRDA:41,4,1,0
BRDA:50,5,0,0
BRDA:50,5,1,0
BRDA:57,6,0,0
BRDA:57,6,1,0
BRF:13
BRH:0
end_of_record
TN:
SF:app\components\Testimonials.tsx
FN:5,Testimonials
FN:49,(anonymous_2)
FNF:2
FNH:0
FNDA:0,Testimonials
FNDA:0,(anonymous_2)
DA:5,0
DA:6,0
DA:50,0
LF:3
LH:0
BRF:0
BRH:0
end_of_record
TN:
SF:app\components\TrustBar.tsx
FN:6,TrustBar
FN:10,(anonymous_2)
FN:16,(anonymous_3)
FN:26,(anonymous_4)
FNF:4
FNH:0
FNDA:0,TrustBar
FNDA:0,(anonymous_2)
FNDA:0,(anonymous_3)
FNDA:0,(anonymous_4)
DA:3,0
DA:6,0
DA:7,0
DA:8,0
DA:10,0
DA:11,0
DA:12,0
DA:13,0
DA:14,0
DA:16,0
DA:17,0
DA:18,0
DA:19,0
DA:20,0
DA:22,0
DA:26,0
LF:16
LH:0
BRDA:18,0,0,0
BRDA:18,0,1,0
BRF:2
BRH:0
end_of_record
TN:
SF:app\components\UsageCounter.tsx
FN:5,UsageCounter
FN:9,(anonymous_2)
FN:15,(anonymous_3)
FN:25,(anonymous_4)
FNF:4
FNH:0
FNDA:0,UsageCounter
FNDA:0,(anonymous_2)
FNDA:0,(anonymous_3)
FNDA:0,(anonymous_4)
DA:3,0
DA:5,0
DA:6,0
DA:7,0
DA:9,0
DA:10,0
DA:11,0
DA:12,0
DA:13,0
DA:15,0
DA:16,0
DA:17,0
DA:18,0
DA:19,0
DA:21,0
DA:25,0
LF:16
LH:0
BRDA:17,0,0,0
BRDA:17,0,1,0
BRF:2
BRH:0
end_of_record
TN:
SF:app\hooks\useCROChecks.ts
FN:5,useCROChecks
FN:6,(anonymous_2)
FN:55,(anonymous_3)
FN:83,(anonymous_4)
FNF:4
FNH:0
FNDA:0,useCROChecks
FNDA:0,(anonymous_2)
FNDA:0,(anonymous_3)
FNDA:0,(anonymous_4)
DA:3,0
DA:5,0
DA:6,0
DA:7,0
DA:9,0
DA:12,0
DA:55,0
DA:56,0
DA:57,0
DA:58,0
DA:63,0
DA:64,0
DA:65,0
DA:69,0
DA:70,0
DA:71,0
DA:75,0
DA:76,0
DA:77,0
DA:81,0
DA:82,0
DA:83,0
DA:84,0
DA:86,0
DA:88,0
LF:25
LH:0
BRDA:7,0,0,0
BRDA:7,0,1,0
BRDA:57,1,0,0
BRDA:57,1,1,0
BRDA:64,2,0,0
BRDA:64,2,1,0
BRDA:70,3,0,0
BRDA:70,3,1,0
BRDA:76,4,0,0
BRDA:76,4,1,0
BRDA:81,5,0,0
BRDA:81,5,1,0
BRF:12
BRH:0
end_of_record
TN:
SF:app\legal\privacy\page.tsx
FN:10,PrivacyPage
FNF:1
FNH:0
FNDA:0,PrivacyPage
DA:1,0
DA:2,0
DA:3,0
DA:5,0
DA:10,0
LF:5
LH:0
BRF:0
BRH:0
end_of_record
TN:
SF:app\legal\terms\page.tsx
FN:10,TermsPage
FNF:1
FNH:0
FNDA:0,TermsPage
DA:1,0
DA:2,0
DA:3,0
DA:5,0
DA:10,0
LF:5
LH:0
BRF:0
BRH:0
end_of_record
TN:
SF:app\tool\page.tsx
FN:27,ToolPage
FN:61,(anonymous_3)
FN:99,(anonymous_4)
FN:113,(anonymous_5)
FN:151,(anonymous_6)
FN:165,(anonymous_7)
FN:187,(anonymous_8)
FN:201,(anonymous_9)
FN:259,(anonymous_10)
FN:259,(anonymous_11)
FN:273,(anonymous_12)
FN:273,(anonymous_13)
FN:283,(anonymous_14)
FN:283,(anonymous_15)
FN:293,(anonymous_16)
FN:293,(anonymous_17)
FN:303,(anonymous_18)
FN:303,(anonymous_19)
FN:314,(anonymous_20)
FN:314,(anonymous_21)
FN:365,(anonymous_22)
FN:365,(anonymous_23)
FN:372,(anonymous_24)
FN:374,(anonymous_25)
FN:374,(anonymous_26)
FN:385,(anonymous_27)
FN:385,(anonymous_28)
FN:394,(anonymous_29)
FN:394,(anonymous_30)
FN:420,(anonymous_31)
FN:420,(anonymous_32)
FN:435,(anonymous_33)
FN:435,(anonymous_34)
FN:446,(anonymous_35)
FN:446,(anonymous_36)
FN:456,(anonymous_37)
FN:456,(anonymous_38)
FN:467,(anonymous_39)
FN:467,(anonymous_40)
FN:527,(anonymous_41)
FNF:40
FNH:0
FNDA:0,ToolPage
FNDA:0,(anonymous_3)
FNDA:0,(anonymous_4)
FNDA:0,(anonymous_5)
FNDA:0,(anonymous_6)
FNDA:0,(anonymous_7)
FNDA:0,(anonymous_8)
FNDA:0,(anonymous_9)
FNDA:0,(anonymous_10)
FNDA:0,(anonymous_11)
FNDA:0,(anonymous_12)
FNDA:0,(anonymous_13)
FNDA:0,(anonymous_14)
FNDA:0,(anonymous_15)
FNDA:0,(anonymous_16)
FNDA:0,(anonymous_17)
FNDA:0,(anonymous_18)
FNDA:0,(anonymous_19)
FNDA:0,(anonymous_20)
FNDA:0,(anonymous_21)
FNDA:0,(anonymous_22)
FNDA:0,(anonymous_23)
FNDA:0,(anonymous_24)
FNDA:0,(anonymous_25)
FNDA:0,(anonymous_26)
FNDA:0,(anonymous_27)
FNDA:0,(anonymous_28)
FNDA:0,(anonymous_29)
FNDA:0,(anonymous_30)
FNDA:0,(anonymous_31)
FNDA:0,(anonymous_32)
FNDA:0,(anonymous_33)
FNDA:0,(anonymous_34)
FNDA:0,(anonymous_35)
FNDA:0,(anonymous_36)
FNDA:0,(anonymous_37)
FNDA:0,(anonymous_38)
FNDA:0,(anonymous_39)
FNDA:0,(anonymous_40)
FNDA:0,(anonymous_41)
DA:3,0
DA:4,0
DA:5,0
DA:6,0
DA:7,0
DA:8,0
DA:9,0
DA:10,0
DA:11,0
DA:12,0
DA:13,0
DA:14,0
DA:15,0
DA:16,0
DA:17,0
DA:24,0
DA:27,0
DA:28,0
DA:29,0
DA:30,0
DA:31,0
DA:32,0
DA:33,0
DA:36,0
DA:46,0
DA:58,0
DA:59,0
DA:61,0
DA:62,0
DA:63,0
DA:64,0
DA:66,0
DA:67,0
DA:69,0
DA:75,0
DA:76,0
DA:77,0
DA:78,0
DA:80,0
DA:82,0
DA:85,0
DA:88,0
DA:89,0
DA:92,0
DA:93,0
DA:94,0
DA:97,0
DA:98,0
DA:99,0
DA:100,0
DA:101,0
DA:104,0
DA:106,0
DA:109,0
DA:113,0
DA:114,0
DA:115,0
DA:116,0
DA:118,0
DA:119,0
DA:121,0
DA:127,0
DA:128,0
DA:129,0
DA:130,0
DA:132,0
DA:134,0
DA:137,0
DA:140,0
DA:141,0
DA:144,0
DA:145,0
DA:146,0
DA:149,0
DA:150,0
DA:151,0
DA:152,0
DA:153,0
DA:156,0
DA:158,0
DA:161,0
DA:165,0
DA:166,0
DA:167,0
DA:168,0
DA:171,0
DA:172,0
DA:173,0
DA:185,0
DA:186,0
DA:187,0
DA:192,0
DA:195,0
DA:197,0
DA:201,0
DA:202,0
DA:203,0
DA:204,0
DA:205,0
DA:209,0
DA:219,0
DA:220,0
DA:221,0
DA:224,0
DA:227,0
DA:228,0
DA:232,0
DA:235,0
DA:236,0
DA:238,0
DA:259,0
DA:273,0
DA:283,0
DA:293,0
DA:303,0
DA:314,0
DA:365,0
DA:372,0
DA:374,0
DA:385,0
DA:394,0
DA:420,0
DA:435,0
DA:446,0
DA:456,0
DA:467,0
DA:500,0
DA:528,0
DA:529,0
DA:530,0
DA:531,0
DA:532,0
LF:132
LH:0
BRDA:75,0,0,0
BRDA:75,0,1,0
BRDA:77,1,0,0
BRDA:77,1,1,0
BRDA:80,2,0,0
BRDA:80,2,1,0
BRDA:88,3,0,0
BRDA:88,3,1,0
BRDA:88,4,0,0
BRDA:88,4,1,0
BRDA:97,5,0,0
BRDA:97,5,1,0
BRDA:100,6,0,0
BRDA:100,6,1,0
BRDA:127,7,0,0
BRDA:127,7,1,0
BRDA:129,8,0,0
BRDA:129,8,1,0
BRDA:132,9,0,0
BRDA:132,9,1,0
BRDA:140,10,0,0
BRDA:140,10,1,0
BRDA:140,11,0,0
BRDA:140,11,1,0
BRDA:149,12,0,0
BRDA:149,12,1,0
BRDA:152,13,0,0
BRDA:152,13,1,0
BRDA:166,14,0,0
BRDA:166,14,1,0
BRDA:166,15,0,0
BRDA:166,15,1,0
BRDA:185,16,0,0
BRDA:185,16,1,0
BRDA:204,17,0,0
BRDA:204,17,1,0
BRDA:219,18,0,0
BRDA:219,18,1,0
BRDA:221,19,0,0
BRDA:221,19,1,0
BRDA:227,20,0,0
BRDA:227,20,1,0
BRDA:228,21,0,0
BRDA:228,21,1,0
BRDA:258,22,0,0
BRDA:258,22,1,0
BRDA:272,23,0,0
BRDA:272,23,1,0
BRDA:273,24,0,0
BRDA:273,24,1,0
BRDA:282,25,0,0
BRDA:282,25,1,0
BRDA:292,26,0,0
BRDA:292,26,1,0
BRDA:302,27,0,0
BRDA:302,27,1,0
BRDA:313,28,0,0
BRDA:313,28,1,0
BRDA:321,29,0,0
BRDA:337,30,0,0
BRDA:337,30,1,0
BRDA:364,31,0,0
BRDA:364,31,1,0
BRDA:373,32,0,0
BRDA:373,32,1,0
BRDA:384,33,0,0
BRDA:384,33,1,0
BRDA:393,34,0,0
BRDA:393,34,1,0
BRDA:410,35,0,0
BRDA:410,35,1,0
BRDA:412,36,0,0
BRDA:412,36,1,0
BRDA:419,37,0,0
BRDA:419,37,1,0
BRDA:434,38,0,0
BRDA:434,38,1,0
BRDA:435,39,0,0
BRDA:435,39,1,0
BRDA:445,40,0,0
BRDA:445,40,1,0
BRDA:455,41,0,0
BRDA:455,41,1,0
BRDA:466,42,0,0
BRDA:466,42,1,0
BRDA:474,43,0,0
BRDA:490,44,0,0
BRDA:490,44,1,0
BRDA:538,45,0,0
BRDA:541,46,0,0
BRDA:544,47,0,0
BRDA:544,47,1,0
BRDA:547,48,0,0
BRDA:546,49,0,0
BRDA:546,49,1,0
BRF:95
BRH:0
end_of_record
TN:
SF:app\utils\validators.ts
FN:7,isValidEmail
FN:21,parseAsinOrUrl
FN:51,sanitizeInput
FNF:3
FNH:0
FNDA:0,isValidEmail
FNDA:0,parseAsinOrUrl
FNDA:0,sanitizeInput
DA:7,0
DA:8,0
DA:10,0
DA:11,0
DA:14,0
DA:15,0
DA:18,0
DA:21,0
DA:22,0
DA:24,0
DA:25,0
DA:29,0
DA:31,0
DA:32,0
DA:33,0
DA:37,0
DA:38,0
DA:43,0
DA:44,0
DA:45,0
DA:48,0
DA:51,0
DA:52,0
LF:23
LH:0
BRDA:10,0,0,0
BRDA:10,0,1,0
BRDA:14,1,0,0
BRDA:14,1,1,0
BRDA:24,2,0,0
BRDA:24,2,1,0
BRDA:29,3,0,0
BRDA:29,3,1,0
BRDA:29,4,0,0
BRDA:29,4,1,0
BRDA:32,5,0,0
BRDA:32,5,1,0
BRDA:37,6,0,0
BRDA:37,6,1,0
BRDA:44,7,0,0
BRDA:44,7,1,0
BRF:16
BRH:0
end_of_record
TN:
SF:components\Button.tsx
FN:11,Button
FNF:1
FNH:0
FNDA:0,Button
DA:11,0
DA:21,0
DA:23,0
DA:29,0
DA:35,0
LF:5
LH:0
BRDA:13,0,0,0
BRDA:14,1,0,0
BRDA:15,2,0,0
BRDA:16,3,0,0
BRDA:17,4,0,0
BRDA:35,5,0,0
BRDA:35,5,1,0
BRDA:40,6,0,0
BRDA:40,6,1,0
BRDA:44,7,0,0
BRDA:47,8,0,0
BRDA:72,9,0,0
BRDA:100,10,0,0
BRF:13
BRH:0
end_of_record
TN:
SF:components\CTAButton.tsx
FN:26,CTAButton
FN:95,StickyCTA
FN:98,(anonymous_6)
FN:99,(anonymous_7)
FN:104,(anonymous_8)
FNF:5
FNH:0
FNDA:0,CTAButton
FNDA:0,StickyCTA
FNDA:0,(anonymous_6)
FNDA:0,(anonymous_7)
FNDA:0,(anonymous_8)
DA:3,0
DA:4,0
DA:18,0
DA:24,0
DA:26,0
DA:37,0
DA:39,0
DA:45,0
DA:51,0
DA:53,0
DA:55,0
DA:83,0
DA:91,0
DA:95,0
DA:96,0
DA:98,0
DA:99,0
DA:100,0
DA:103,0
DA:104,0
DA:107,0
LF:21
LH:0
BRDA:27,0,0,0
BRDA:28,1,0,0
BRDA:29,2,0,0
BRDA:30,3,0,0
BRDA:33,4,0,0
BRDA:34,5,0,0
BRDA:35,6,0,0
BRDA:51,7,0,0
BRDA:51,7,1,0
BRDA:55,8,0,0
BRDA:55,8,1,0
BRDA:55,9,0,0
BRDA:55,9,1,0
BRDA:64,10,0,0
BRDA:64,10,1,0
BRDA:64,11,0,0
BRDA:64,11,1,0
BRDA:83,12,0,0
BRDA:83,12,1,0
BRDA:107,13,0,0
BRDA:107,13,1,0
BRF:21
BRH:0
end_of_record
TN:
SF:components\Card.tsx
FN:9,Card
FNF:1
FNH:0
FNDA:0,Card
DA:9,0
DA:14,0
LF:2
LH:0
BRDA:11,0,0,0
BRDA:12,1,0,0
BRF:2
BRH:0
end_of_record
TN:
SF:components\ChipsInput.tsx
FN:17,ChipsInput
FN:30,(anonymous_2)
FN:42,(anonymous_3)
FN:43,(anonymous_4)
FN:46,(anonymous_5)
FN:55,(anonymous_6)
FN:59,(anonymous_7)
FN:60,(anonymous_8)
FN:83,(anonymous_9)
FN:91,(anonymous_10)
FNF:10
FNH:0
FNDA:0,ChipsInput
FNDA:0,(anonymous_2)
FNDA:0,(anonymous_3)
FNDA:0,(anonymous_4)
FNDA:0,(anonymous_5)
FNDA:0,(anonymous_6)
FNDA:0,(anonymous_7)
FNDA:0,(anonymous_8)
FNDA:0,(anonymous_9)
FNDA:0,(anonymous_10)
DA:3,0
DA:4,0
DA:17,0
DA:27,0
DA:28,0
DA:30,0
DA:31,0
DA:32,0
DA:37,0
DA:38,0
DA:42,0
DA:43,0
DA:46,0
DA:47,0
DA:48,0
DA:49,0
DA:50,0
DA:51,0
DA:55,0
DA:56,0
DA:58,0
DA:59,0
DA:60,0
DA:61,0
DA:63,0
DA:84,0
DA:91,0
LF:27
LH:0
BRDA:19,0,0,0
BRDA:22,1,0,0
BRDA:24,2,0,0
BRDA:28,3,0,0
BRDA:28,3,1,0
BRDA:32,4,0,0
BRDA:32,4,1,0
BRDA:33,5,0,0
BRDA:33,5,1,0
BRDA:33,5,2,0
BRDA:47,6,0,0
BRDA:47,6,1,0
BRDA:50,7,0,0
BRDA:50,7,1,0
BRDA:50,8,0,0
BRDA:50,8,1,0
BRDA:50,8,2,0
BRDA:58,9,0,0
BRDA:58,9,1,0
BRDA:69,10,0,0
BRDA:79,11,0,0
BRDA:79,11,1,0
BRDA:102,12,0,0
BRDA:109,13,0,0
BRDA:109,13,1,0
BRDA:111,14,0,0
BRDA:111,14,1,0
BRDA:113,15,0,0
BRDA:113,15,1,0
BRDA:113,16,0,0
BRDA:113,16,1,0
BRDA:119,17,0,0
BRDA:119,17,1,0
BRDA:121,18,0,0
BRDA:121,18,1,0
BRDA:125,19,0,0
BRF:36
BRH:0
end_of_record
TN:
SF:components\ClientTestimonials.tsx
FN:50,ClientTestimonials
FN:56,(anonymous_3)
FN:84,(anonymous_4)
FN:88,(anonymous_5)
FN:89,(anonymous_6)
FNF:5
FNH:0
FNDA:0,ClientTestimonials
FNDA:0,(anonymous_3)
FNDA:0,(anonymous_4)
FNDA:0,(anonymous_5)
FNDA:0,(anonymous_6)
DA:3,0
DA:4,0
DA:19,0
DA:50,0
DA:54,0
DA:56,0
DA:57,0
DA:58,0
DA:60,0
DA:63,0
DA:64,0
DA:66,0
DA:68,0
DA:69,0
DA:72,0
DA:77,0
DA:85,0
DA:88,0
DA:89,0
LF:19
LH:0
BRDA:51,0,0,0
BRDA:52,1,0,0
BRDA:66,2,0,0
BRDA:66,2,1,0
BRDA:92,3,0,0
BRF:5
BRH:0
end_of_record
TN:
SF:components\Container.tsx
FN:8,Container
FNF:1
FNH:0
FNDA:0,Container
DA:8,0
LF:1
LH:0
BRDA:8,0,0,0
BRF:1
BRH:0
end_of_record
TN:
SF:components\EmailCapture.tsx
FN:10,EmailCapture
FN:14,(anonymous_2)
FN:81,(anonymous_3)
FNF:3
FNH:0
FNDA:0,EmailCapture
FNDA:0,(anonymous_2)
FNDA:0,(anonymous_3)
DA:3,0
DA:10,0
DA:11,0
DA:12,0
DA:14,0
DA:15,0
DA:16,0
DA:17,0
DA:18,0
DA:22,0
DA:81,0
LF:11
LH:0
BRDA:10,0,0,0
BRDA:16,1,0,0
BRDA:16,1,1,0
BRDA:22,2,0,0
BRDA:22,2,1,0
BRDA:91,3,0,0
BRDA:91,3,1,0
BRDA:94,4,0,0
BRDA:94,4,1,0
BRF:9
BRH:0
end_of_record
TN:
SF:components\FAQAccordion.tsx
FN:69,(anonymous_4)
FN:79,FAQAccordion
FN:121,(anonymous_6)
FNF:3
FNH:0
FNDA:0,(anonymous_4)
FNDA:0,FAQAccordion
FNDA:0,(anonymous_6)
DA:3,0
DA:4,0
DA:5,0
DA:6,0
DA:11,0
DA:13,0
DA:64,0
DA:69,0
DA:79,0
DA:122,0
LF:10
LH:0
BRF:0
BRH:0
end_of_record
TN:
SF:components\Footer.tsx
FN:5,Footer
FNF:1
FNH:0
FNDA:0,Footer
DA:1,0
DA:2,0
DA:3,0
DA:5,0
LF:4
LH:0
BRF:0
BRH:0
end_of_record
TN:
SF:components\FooterGlow.tsx
FN:7,FooterGlow
FNF:1
FNH:0
FNDA:0,FooterGlow
DA:7,0
LF:1
LH:0
BRF:0
BRH:0
end_of_record
TN:
SF:components\FormField.tsx
FN:8,FormField
FNF:1
FNH:0
FNDA:0,FormField
DA:8,0
LF:1
LH:0
BRDA:8,0,0,0
BRF:1
BRH:0
end_of_record
TN:
SF:components\Header.tsx
FN:8,Header
FNF:1
FNH:0
FNDA:0,Header
DA:3,0
DA:4,0
DA:5,0
DA:8,0
LF:4
LH:0
BRF:0
BRH:0
end_of_record
TN:
SF:components\Hero.tsx
FN:13,Hero
FN:18,(anonymous_3)
FN:40,(anonymous_4)
FN:79,(anonymous_5)
FNF:4
FNH:0
FNDA:0,Hero
FNDA:0,(anonymous_3)
FNDA:0,(anonymous_4)
FNDA:0,(anonymous_5)
DA:3,0
DA:4,0
DA:6,0
DA:7,0
DA:13,0
DA:14,0
DA:15,0
DA:16,0
DA:18,0
DA:19,0
DA:20,0
DA:21,0
DA:23,0
DA:25,0
DA:26,0
DA:27,0
DA:28,0
DA:32,0
DA:33,0
DA:40,0
DA:42,0
DA:43,0
DA:80,0
DA:81,0
LF:24
LH:0
BRDA:25,0,0,0
BRDA:25,0,1,0
BRDA:26,1,0,0
BRDA:26,1,1,0
BRDA:32,2,0,0
BRDA:32,2,1,0
BRDA:32,3,0,0
BRDA:32,3,1,0
BRDA:81,4,0,0
BRDA:81,4,1,0
BRDA:85,5,0,0
BRDA:85,5,1,0
BRDA:87,6,0,0
BRDA:87,6,1,0
BRDA:88,7,0,0
BRDA:88,7,1,0
BRDA:107,8,0,0
BRF:17
BRH:0
end_of_record
TN:
SF:components\HowItWorksSection.tsx
FN:33,HowItWorksSection
FN:69,(anonymous_3)
FNF:2
FNH:0
FNDA:0,HowItWorksSection
FNDA:0,(anonymous_3)
DA:3,0
DA:5,0
DA:33,0
DA:70,0
LF:4
LH:0
BRF:0
BRH:0
end_of_record
TN:
SF:components\Input.tsx
FN:10,(anonymous_1)
FNF:1
FNH:0
FNDA:0,(anonymous_1)
DA:1,0
DA:9,0
DA:11,0
DA:53,0
DA:55,0
LF:5
LH:0
BRDA:10,0,0,0
BRDA:11,1,0,0
BRDA:11,1,1,0
BRDA:15,2,0,0
BRDA:28,3,0,0
BRDA:28,3,1,0
BRDA:30,4,0,0
BRDA:30,4,1,0
BRDA:32,5,0,0
BRDA:32,5,1,0
BRDA:32,6,0,0
BRDA:32,6,1,0
BRDA:37,7,0,0
BRDA:37,7,1,0
BRDA:43,8,0,0
BRF:15
BRH:0
end_of_record
TN:
SF:components\ListingPackCard.tsx
FN:31,ListingPackCard
FN:32,(anonymous_3)
FN:38,(anonymous_4)
FN:45,(anonymous_5)
FN:50,(anonymous_6)
FN:59,(anonymous_7)
FN:127,(anonymous_8)
FN:144,(anonymous_9)
FN:182,(anonymous_10)
FN:200,(anonymous_11)
FN:209,(anonymous_12)
FN:226,(anonymous_13)
FN:250,(anonymous_14)
FN:263,(anonymous_15)
FN:276,(anonymous_16)
FN:290,(anonymous_17)
FN:293,(anonymous_18)
FNF:17
FNH:0
FNDA:0,ListingPackCard
FNDA:0,(anonymous_3)
FNDA:0,(anonymous_4)
FNDA:0,(anonymous_5)
FNDA:0,(anonymous_6)
FNDA:0,(anonymous_7)
FNDA:0,(anonymous_8)
FNDA:0,(anonymous_9)
FNDA:0,(anonymous_10)
FNDA:0,(anonymous_11)
FNDA:0,(anonymous_12)
FNDA:0,(anonymous_13)
FNDA:0,(anonymous_14)
FNDA:0,(anonymous_15)
FNDA:0,(anonymous_16)
FNDA:0,(anonymous_17)
FNDA:0,(anonymous_18)
DA:3,0
DA:4,0
DA:5,0
DA:31,0
DA:32,0
DA:33,0
DA:34,0
DA:35,0
DA:38,0
DA:39,0
DA:45,0
DA:46,0
DA:50,0
DA:51,0
DA:59,0
DA:80,0
DA:81,0
DA:82,0
DA:83,0
DA:84,0
DA:85,0
DA:86,0
DA:87,0
DA:88,0
DA:128,0
DA:145,0
DA:182,0
DA:201,0
DA:209,0
DA:226,0
DA:251,0
DA:264,0
DA:277,0
DA:291,0
DA:293,0
LF:35
LH:0
BRDA:33,0,0,0
BRDA:33,0,1,0
BRDA:34,1,0,0
BRDA:34,1,1,0
BRDA:39,2,0,0
BRDA:39,2,1,0
BRDA:56,3,0,0
BRDA:56,3,1,0
BRDA:59,4,0,0
BRDA:59,4,1,0
BRDA:62,5,0,0
BRDA:62,5,1,0
BRDA:65,6,0,0
BRDA:65,6,1,0
BRDA:66,7,0,0
BRDA:66,7,1,0
BRDA:67,8,0,0
BRDA:67,8,1,0
BRDA:70,9,0,0
BRDA:70,9,1,0
BRDA:71,10,0,0
BRDA:71,10,1,0
BRDA:72,11,0,0
BRDA:72,11,1,0
BRDA:73,12,0,0
BRDA:73,12,1,0
BRDA:74,13,0,0
BRDA:74,13,1,0
BRDA:75,14,0,0
BRDA:75,14,1,0
BRDA:123,15,0,0
BRDA:123,15,1,0
BRDA:140,16,0,0
BRDA:140,16,1,0
BRDA:159,17,0,0
BRF:35
BRH:0
end_of_record
TN:
SF:components\ModeToggle.tsx
FN:8,ModeToggle
FN:13,(anonymous_2)
FN:23,(anonymous_3)
FNF:3
FNH:0
FNDA:0,ModeToggle
FNDA:0,(anonymous_2)
FNDA:0,(anonymous_3)
DA:8,0
DA:13,0
DA:23,0
LF:3
LH:0
BRDA:15,0,0,0
BRDA:15,0,1,0
BRDA:25,1,0,0
BRDA:25,1,1,0
BRF:4
BRH:0
end_of_record
TN:
SF:components\NewSellerHero.tsx
FN:28,NewSellerHero
FN:57,(anonymous_3)
FN:63,(anonymous_4)
FN:70,(anonymous_5)
FN:83,(anonymous_6)
FN:143,(anonymous_7)
FN:168,(anonymous_8)
FN:168,(anonymous_9)
FN:238,(anonymous_10)
FN:249,(anonymous_11)
FN:271,(anonymous_12)
FN:296,(anonymous_13)
FN:327,(anonymous_14)
FN:350,(anonymous_15)
FN:370,(anonymous_16)
FN:393,(anonymous_17)
FN:418,(anonymous_18)
FN:442,(anonymous_19)
FN:464,(anonymous_20)
FN:488,(anonymous_21)
FN:503,(anonymous_22)
FN:520,(anonymous_23)
FN:535,(anonymous_24)
FN:550,(anonymous_25)
FNF:24
FNH:0
FNDA:0,NewSellerHero
FNDA:0,(anonymous_3)
FNDA:0,(anonymous_4)
FNDA:0,(anonymous_5)
FNDA:0,(anonymous_6)
FNDA:0,(anonymous_7)
FNDA:0,(anonymous_8)
FNDA:0,(anonymous_9)
FNDA:0,(anonymous_10)
FNDA:0,(anonymous_11)
FNDA:0,(anonymous_12)
FNDA:0,(anonymous_13)
FNDA:0,(anonymous_14)
FNDA:0,(anonymous_15)
FNDA:0,(anonymous_16)
FNDA:0,(anonymous_17)
FNDA:0,(anonymous_18)
FNDA:0,(anonymous_19)
FNDA:0,(anonymous_20)
FNDA:0,(anonymous_21)
FNDA:0,(anonymous_22)
FNDA:0,(anonymous_23)
FNDA:0,(anonymous_24)
FNDA:0,(anonymous_25)
DA:3,0
DA:4,0
DA:6,0
DA:28,0
DA:29,0
DA:30,0
DA:31,0
DA:32,0
DA:35,0
DA:36,0
DA:37,0
DA:38,0
DA:41,0
DA:42,0
DA:43,0
DA:44,0
DA:45,0
DA:46,0
DA:47,0
DA:48,0
DA:49,0
DA:52,0
DA:53,0
DA:57,0
DA:58,0
DA:59,0
DA:63,0
DA:64,0
DA:65,0
DA:70,0
DA:71,0
DA:73,0
DA:75,0
DA:77,0
DA:79,0
DA:83,0
DA:84,0
DA:85,0
DA:86,0
DA:88,0
DA:89,0
DA:90,0
DA:91,0
DA:92,0
DA:93,0
DA:97,0
DA:98,0
DA:120,0
DA:121,0
DA:122,0
DA:123,0
DA:124,0
DA:125,0
DA:127,0
DA:128,0
DA:129,0
DA:135,0
DA:136,0
DA:143,0
DA:144,0
DA:145,0
DA:146,0
DA:147,0
DA:154,0
DA:156,0
DA:157,0
DA:158,0
DA:159,0
DA:163,0
DA:164,0
DA:165,0
DA:168,0
DA:169,0
DA:170,0
DA:171,0
DA:175,0
DA:176,0
DA:182,0
DA:199,0
DA:202,0
DA:238,0
DA:249,0
DA:272,0
DA:273,0
DA:297,0
DA:328,0
DA:329,0
DA:351,0
DA:352,0
DA:371,0
DA:372,0
DA:394,0
DA:395,0
DA:419,0
DA:420,0
DA:443,0
DA:444,0
DA:464,0
DA:488,0
DA:503,0
DA:520,0
DA:535,0
DA:550,0
LF:103
LH:0
BRDA:28,0,0,0
BRDA:58,1,0,0
BRDA:58,1,1,0
BRDA:64,2,0,0
BRDA:64,2,1,0
BRDA:71,3,0,0
BRDA:71,3,1,0
BRDA:71,3,2,0
BRDA:71,3,3,0
BRDA:73,4,0,0
BRDA:73,4,1,0
BRDA:75,5,0,0
BRDA:75,5,1,0
BRDA:89,6,0,0
BRDA:89,6,1,0
BRDA:90,7,0,0
BRDA:90,7,1,0
BRDA:120,8,0,0
BRDA:120,8,1,0
BRDA:122,9,0,0
BRDA:122,9,1,0
BRDA:135,10,0,0
BRDA:135,10,1,0
BRDA:135,11,0,0
BRDA:135,11,1,0
BRDA:145,12,0,0
BRDA:145,12,1,0
BRDA:163,13,0,0
BRDA:163,13,1,0
BRDA:163,14,0,0
BRDA:163,14,1,0
BRDA:163,14,2,0
BRDA:163,14,3,0
BRDA:169,15,0,0
BRDA:169,15,1,0
BRDA:175,16,0,0
BRDA:175,16,1,0
BRDA:175,17,0,0
BRDA:175,17,1,0
BRDA:240,18,0,0
BRDA:240,18,1,0
BRDA:251,19,0,0
BRDA:251,19,1,0
BRDA:262,20,0,0
BRDA:273,21,0,0
BRDA:273,21,1,0
BRDA:275,22,0,0
BRDA:275,22,1,0
BRDA:275,23,0,0
BRDA:275,23,1,0
BRDA:276,24,0,0
BRDA:276,24,1,0
BRDA:278,25,0,0
BRDA:278,25,1,0
BRDA:282,26,0,0
BRDA:282,26,1,0
BRDA:282,27,0,0
BRDA:282,27,1,0
BRDA:287,28,0,0
BRDA:287,28,1,0
BRDA:300,29,0,0
BRDA:300,29,1,0
BRDA:313,30,0,0
BRDA:329,31,0,0
BRDA:329,31,1,0
BRDA:333,32,0,0
BRDA:333,32,1,0
BRDA:352,33,0,0
BRDA:352,33,1,0
BRDA:372,34,0,0
BRDA:372,34,1,0
BRDA:376,35,0,0
BRDA:376,35,1,0
BRDA:395,36,0,0
BRDA:395,36,1,0
BRDA:406,37,0,0
BRDA:420,38,0,0
BRDA:420,38,1,0
BRDA:425,39,0,0
BRDA:425,39,1,0
BRDA:444,40,0,0
BRDA:444,40,1,0
BRDA:448,41,0,0
BRDA:448,41,1,0
BRDA:474,42,0,0
BRDA:568,43,0,0
BRDA:568,43,1,0
BRDA:577,44,0,0
BRDA:582,45,0,0
BRDA:582,45,1,0
BRDA:598,46,0,0
BRDA:606,47,0,0
BRDA:606,47,1,0
BRDA:612,48,0,0
BRDA:612,48,1,0
BRDA:612,49,0,0
BRDA:612,49,1,0
BRF:97
BRH:0
end_of_record
TN:
SF:components\Section.tsx
FN:8,Section
FNF:1
FNH:0
FNDA:0,Section
DA:8,0
LF:1
LH:0
BRDA:8,0,0,0
BRF:1
BRH:0
end_of_record
TN:
SF:components\Select.tsx
FN:17,(anonymous_1)
FN:48,(anonymous_2)
FNF:2
FNH:0
FNDA:0,(anonymous_1)
FNDA:0,(anonymous_2)
DA:1,0
DA:16,0
DA:18,0
DA:49,0
DA:71,0
DA:73,0
LF:6
LH:0
BRDA:17,0,0,0
BRDA:18,1,0,0
BRDA:18,1,1,0
BRDA:22,2,0,0
BRDA:35,3,0,0
BRDA:35,3,1,0
BRDA:37,4,0,0
BRDA:37,4,1,0
BRDA:39,5,0,0
BRDA:39,5,1,0
BRDA:39,6,0,0
BRDA:39,6,1,0
BRDA:43,7,0,0
BRDA:55,8,0,0
BRDA:55,8,1,0
BRDA:61,9,0,0
BRF:16
BRH:0
end_of_record
TN:
SF:components\StickyTabs.tsx
FN:13,StickyTabs
FN:15,(anonymous_3)
FN:26,(anonymous_4)
FN:46,(anonymous_5)
FN:58,(anonymous_6)
FN:92,(anonymous_7)
FN:104,(anonymous_8)
FN:141,(anonymous_9)
FN:153,(anonymous_10)
FNF:9
FNH:0
FNDA:0,StickyTabs
FNDA:0,(anonymous_3)
FNDA:0,(anonymous_4)
FNDA:0,(anonymous_5)
FNDA:0,(anonymous_6)
FNDA:0,(anonymous_7)
FNDA:0,(anonymous_8)
FNDA:0,(anonymous_9)
FNDA:0,(anonymous_10)
DA:4,0
DA:5,0
DA:13,0
DA:15,0
DA:17,0
DA:23,0
DA:26,0
DA:28,0
DA:29,0
DA:34,0
DA:46,0
DA:58,0
DA:92,0
DA:104,0
DA:141,0
DA:153,0
LF:16
LH:0
BRDA:28,0,0,0
BRDA:28,0,1,0
BRDA:28,1,0,0
BRDA:28,1,1,0
BRDA:48,2,0,0
BRDA:48,2,1,0
BRDA:60,3,0,0
BRDA:60,3,1,0
BRDA:94,4,0,0
BRDA:94,4,1,0
BRDA:106,5,0,0
BRDA:106,5,1,0
BRDA:127,6,0,0
BRDA:127,6,1,0
BRDA:143,7,0,0
BRDA:143,7,1,0
BRDA:155,8,0,0
BRDA:155,8,1,0
BRF:18
BRH:0
end_of_record
TN:
SF:components\SummaryCard.tsx
FN:9,SummaryCard
FN:10,(anonymous_3)
FN:16,(anonymous_4)
FN:52,(anonymous_5)
FN:69,(anonymous_6)
FN:86,(anonymous_7)
FNF:6
FNH:0
FNDA:0,SummaryCard
FNDA:0,(anonymous_3)
FNDA:0,(anonymous_4)
FNDA:0,(anonymous_5)
FNDA:0,(anonymous_6)
FNDA:0,(anonymous_7)
DA:1,0
DA:2,0
DA:9,0
DA:10,0
DA:11,0
DA:12,0
DA:13,0
DA:16,0
DA:17,0
DA:53,0
DA:70,0
DA:87,0
LF:12
LH:0
BRDA:11,0,0,0
BRDA:11,0,1,0
BRDA:12,1,0,0
BRDA:12,1,1,0
BRDA:17,2,0,0
BRDA:17,2,1,0
BRDA:48,3,0,0
BRDA:48,3,1,0
BRDA:65,4,0,0
BRDA:65,4,1,0
BRDA:82,5,0,0
BRDA:82,5,1,0
BRDA:82,5,2,0
BRDA:100,6,0,0
BRF:14
BRH:0
end_of_record
TN:
SF:components\Tabs.tsx
FN:17,Tabs
FN:20,(anonymous_2)
FN:25,(anonymous_3)
FN:32,(anonymous_4)
FN:37,(anonymous_5)
FNF:5
FNH:0
FNDA:0,Tabs
FNDA:0,(anonymous_2)
FNDA:0,(anonymous_3)
FNDA:0,(anonymous_4)
FNDA:0,(anonymous_5)
DA:3,0
DA:17,0
DA:18,0
DA:20,0
DA:21,0
DA:22,0
DA:25,0
DA:33,0
DA:34,0
DA:37,0
LF:10
LH:0
BRDA:18,0,0,0
BRDA:18,0,1,0
BRDA:39,1,0,0
BRDA:39,1,1,0
BRDA:43,2,0,0
BRDA:43,2,1,0
BRF:6
BRH:0
end_of_record
TN:
SF:components\TestimonialsCarousel.tsx
FN:110,TestimonialsCarousel
FN:133,(anonymous_6)
FN:136,(anonymous_7)
FN:140,(anonymous_8)
FN:191,(anonymous_9)
FN:221,(anonymous_10)
FNF:6
FNH:0
FNDA:0,TestimonialsCarousel
FNDA:0,(anonymous_6)
FNDA:0,(anonymous_7)
FNDA:0,(anonymous_8)
FNDA:0,(anonymous_9)
FNDA:0,(anonymous_10)
DA:3,0
DA:4,0
DA:5,0
DA:6,0
DA:7,0
DA:8,0
DA:10,0
DA:110,0
DA:117,0
DA:133,0
DA:134,0
DA:136,0
DA:137,0
DA:140,0
DA:141,0
DA:148,0
DA:192,0
DA:222,0
LF:18
LH:0
BRDA:111,0,0,0
BRDA:112,1,0,0
BRDA:113,2,0,0
BRDA:114,3,0,0
BRDA:134,4,0,0
BRDA:134,4,1,0
BRDA:221,5,0,0
BRDA:221,5,1,0
BRDA:237,6,0,0
BRDA:270,7,0,0
BRDA:281,8,0,0
BRF:11
BRH:0
end_of_record
TN:
SF:components\TrustSection.tsx
FN:3,TrustSection
FN:44,(anonymous_2)
FNF:2
FNH:0
FNDA:0,TrustSection
FNDA:0,(anonymous_2)
DA:3,0
DA:4,0
DA:45,0
LF:3
LH:0
BRF:0
BRH:0
end_of_record
TN:
SF:components\ui\accordion.tsx
FNF:0
FNH:0
DA:3,0
DA:4,0
DA:5,0
DA:7,0
DA:9,0
DA:21,0
DA:41,0
DA:56,0
DA:58,0
LF:9
LH:0
BRF:0
BRH:0
end_of_record
TN:
SF:components\ui\avatar.tsx
FNF:0
FNH:0
DA:3,0
DA:4,0
DA:6,0
DA:21,0
DA:33,0
DA:48,0
DA:50,0
LF:7
LH:0
BRF:0
BRH:0
end_of_record
TN:
SF:lib\ai.ts
FN:11,getOpenAIClient
FN:27,analyzeExistingSeller
FN:51,getGrade
FN:193,analyzeNewSeller
FN:414,suggestKeywords
FN:452,suggestTitle
FN:492,parseAIResponse
FN:495,(anonymous_13)
FN:524,(anonymous_14)
FN:530,(anonymous_15)
FN:553,(anonymous_16)
FNF:11
FNH:0
FNDA:0,getOpenAIClient
FNDA:0,analyzeExistingSeller
FNDA:0,getGrade
FNDA:0,analyzeNewSeller
FNDA:0,suggestKeywords
FNDA:0,suggestTitle
FNDA:0,parseAIResponse
FNDA:0,(anonymous_13)
FNDA:0,(anonymous_14)
FNDA:0,(anonymous_15)
FNDA:0,(anonymous_16)
DA:1,0
DA:5,0
DA:6,0
DA:12,0
DA:13,0
DA:14,0
DA:15,0
DA:19,0
DA:20,0
DA:23,0
DA:27,0
DA:29,0
DA:30,0
DA:31,0
DA:32,0
DA:33,0
DA:41,0
DA:42,0
DA:44,0
DA:48,0
DA:52,0
DA:53,0
DA:54,0
DA:56,0
DA:159,0
DA:160,0
DA:167,0
DA:168,0
DA:171,0
DA:172,0
DA:174,0
DA:175,0
DA:177,0
DA:180,0
DA:181,0
DA:182,0
DA:184,0
DA:187,0
DA:188,0
DA:193,0
DA:195,0
DA:196,0
DA:197,0
DA:198,0
DA:205,0
DA:206,0
DA:208,0
DA:212,0
DA:214,0
DA:376,0
DA:377,0
DA:384,0
DA:385,0
DA:387,0
DA:390,0
DA:391,0
DA:392,0
DA:394,0
DA:395,0
DA:397,0
DA:399,0
DA:401,0
DA:402,0
DA:403,0
DA:405,0
DA:408,0
DA:409,0
DA:414,0
DA:415,0
DA:429,0
DA:430,0
DA:437,0
DA:438,0
DA:440,0
DA:441,0
DA:443,0
DA:446,0
DA:447,0
DA:452,0
DA:453,0
DA:469,0
DA:470,0
DA:477,0
DA:478,0
DA:480,0
DA:481,0
DA:483,0
DA:486,0
DA:487,0
DA:493,0
DA:495,0
DA:498,0
DA:499,0
DA:506,0
DA:507,0
DA:508,0
DA:509,0
DA:510,0
DA:511,0
DA:516,0
DA:518,0
DA:519,0
DA:521,0
DA:522,0
DA:524,0
DA:525,0
DA:526,0
DA:527,0
DA:530,0
DA:531,0
DA:532,0
DA:533,0
DA:537,0
DA:538,0
DA:539,0
DA:540,0
DA:542,0
DA:545,0
DA:549,0
DA:550,0
DA:552,0
DA:553,0
DA:554,0
DA:555,0
DA:556,0
DA:557,0
DA:558,0
DA:559,0
DA:560,0
DA:561,0
DA:562,0
DA:563,0
DA:564,0
DA:571,0
DA:572,0
DA:573,0
DA:574,0
DA:578,0
DA:579,0
DA:580,0
DA:581,0
DA:584,0
LF:142
LH:0
BRDA:12,0,0,0
BRDA:12,0,1,0
BRDA:27,1,0,0
BRDA:30,2,0,0
BRDA:30,2,1,0
BRDA:34,3,0,0
BRDA:34,3,1,0
BRDA:52,4,0,0
BRDA:52,4,1,0
BRDA:53,5,0,0
BRDA:53,5,1,0
BRDA:58,6,0,0
BRDA:58,6,1,0
BRDA:73,7,0,0
BRDA:73,7,1,0
BRDA:74,8,0,0
BRDA:74,8,1,0
BRDA:77,9,0,0
BRDA:77,9,1,0
BRDA:82,10,0,0
BRDA:82,10,1,0
BRDA:83,11,0,0
BRDA:83,11,1,0
BRDA:84,12,0,0
BRDA:84,12,1,0
BRDA:85,13,0,0
BRDA:85,13,1,0
BRDA:86,14,0,0
BRDA:86,14,1,0
BRDA:87,15,0,0
BRDA:87,15,1,0
BRDA:88,16,0,0
BRDA:88,16,1,0
BRDA:89,17,0,0
BRDA:89,17,1,0
BRDA:90,18,0,0
BRDA:90,18,1,0
BRDA:91,19,0,0
BRDA:91,19,1,0
BRDA:96,20,0,0
BRDA:96,20,1,0
BRDA:113,21,0,0
BRDA:113,21,1,0
BRDA:117,22,0,0
BRDA:117,22,1,0
BRDA:154,23,0,0
BRDA:154,23,1,0
BRDA:168,24,0,0
BRDA:168,24,1,0
BRDA:174,25,0,0
BRDA:174,25,1,0
BRDA:174,26,0,0
BRDA:174,26,1,0
BRDA:181,27,0,0
BRDA:181,27,1,0
BRDA:181,28,0,0
BRDA:181,28,1,0
BRDA:196,29,0,0
BRDA:196,29,1,0
BRDA:199,30,0,0
BRDA:199,30,1,0
BRDA:216,31,0,0
BRDA:216,31,1,0
BRDA:221,32,0,0
BRDA:221,32,1,0
BRDA:222,33,0,0
BRDA:222,33,1,0
BRDA:223,34,0,0
BRDA:223,34,1,0
BRDA:224,35,0,0
BRDA:224,35,1,0
BRDA:225,36,0,0
BRDA:225,36,1,0
BRDA:226,37,0,0
BRDA:226,37,1,0
BRDA:227,38,0,0
BRDA:227,38,1,0
BRDA:228,39,0,0
BRDA:228,39,1,0
BRDA:229,40,0,0
BRDA:229,40,1,0
BRDA:230,41,0,0
BRDA:230,41,1,0
BRDA:232,42,0,0
BRDA:232,42,1,0
BRDA:236,43,0,0
BRDA:236,43,1,0
BRDA:239,44,0,0
BRDA:239,44,1,0
BRDA:244,45,0,0
BRDA:244,45,1,0
BRDA:245,46,0,0
BRDA:245,46,1,0
BRDA:248,47,0,0
BRDA:248,47,1,0
BRDA:249,48,0,0
BRDA:249,48,1,0
BRDA:250,49,0,0
BRDA:250,49,1,0
BRDA:251,50,0,0
BRDA:251,50,1,0
BRDA:254,51,0,0
BRDA:254,51,1,0
BRDA:255,52,0,0
BRDA:255,52,1,0
BRDA:256,53,0,0
BRDA:256,53,1,0
BRDA:257,54,0,0
BRDA:257,54,1,0
BRDA:258,55,0,0
BRDA:258,55,1,0
BRDA:259,56,0,0
BRDA:259,56,1,0
BRDA:260,57,0,0
BRDA:260,57,1,0
BRDA:263,58,0,0
BRDA:263,58,1,0
BRDA:268,59,0,0
BRDA:268,59,1,0
BRDA:269,60,0,0
BRDA:269,60,1,0
BRDA:270,61,0,0
BRDA:270,61,1,0
BRDA:271,62,0,0
BRDA:271,62,1,0
BRDA:272,63,0,0
BRDA:272,63,1,0
BRDA:273,64,0,0
BRDA:273,64,1,0
BRDA:274,65,0,0
BRDA:274,65,1,0
BRDA:275,66,0,0
BRDA:275,66,1,0
BRDA:276,67,0,0
BRDA:276,67,1,0
BRDA:371,68,0,0
BRDA:371,68,1,0
BRDA:385,69,0,0
BRDA:385,69,1,0
BRDA:394,70,0,0
BRDA:394,70,1,0
BRDA:394,71,0,0
BRDA:394,71,1,0
BRDA:402,72,0,0
BRDA:402,72,1,0
BRDA:402,73,0,0
BRDA:402,73,1,0
BRDA:438,74,0,0
BRDA:438,74,1,0
BRDA:478,75,0,0
BRDA:478,75,1,0
BRDA:508,76,0,0
BRDA:508,76,1,0
BRDA:516,77,0,0
BRDA:516,77,1,0
BRDA:527,78,0,0
BRDA:527,78,1,0
BRDA:533,79,0,0
BRDA:533,79,1,0
BRDA:537,80,0,0
BRDA:537,80,1,0
BRDA:539,81,0,0
BRDA:539,81,1,0
BRDA:554,82,0,0
BRDA:554,82,1,0
BRDA:554,83,0,0
BRDA:554,83,1,0
BRDA:554,83,2,0
BRDA:556,84,0,0
BRDA:556,84,1,0
BRDA:556,85,0,0
BRDA:556,85,1,0
BRDA:556,85,2,0
BRDA:558,86,0,0
BRDA:558,86,1,0
BRDA:558,87,0,0
BRDA:558,87,1,0
BRDA:558,87,2,0
BRDA:560,88,0,0
BRDA:560,88,1,0
BRDA:560,89,0,0
BRDA:560,89,1,0
BRDA:561,90,0,0
BRDA:561,90,1,0
BRDA:563,91,0,0
BRDA:563,91,1,0
BRDA:571,92,0,0
BRDA:571,92,1,0
BRDA:578,93,0,0
BRDA:578,93,1,0
BRDA:586,94,0,0
BRDA:586,94,1,0
BRDA:607,95,0,0
BRDA:607,95,1,0
BRDA:608,96,0,0
BRDA:608,96,1,0
BRDA:609,97,0,0
BRDA:609,97,1,0
BRDA:610,98,0,0
BRDA:610,98,1,0
BRDA:611,99,0,0
BRDA:611,99,1,0
BRDA:612,100,0,0
BRDA:612,100,1,0
BRF:204
BRH:0
end_of_record
TN:
SF:lib\amazon-scraper.ts
FN:28,extractASIN
FN:54,scrapeAmazonProduct
FN:61,isValidProductImage
FN:75,(anonymous_9)
FN:106,scrapeAmazonProductCheerio
FN:119,(anonymous_11)
FN:120,(anonymous_12)
FN:295,(anonymous_13)
FN:318,(anonymous_14)
FN:423,(anonymous_15)
FN:443,(anonymous_16)
FN:460,(anonymous_17)
FN:476,(anonymous_18)
FN:495,(anonymous_19)
FN:533,scrapeProduct
FN:551,checkScrapingRateLimit
FN:562,(anonymous_22)
FNF:17
FNH:0
FNDA:0,extractASIN
FNDA:0,scrapeAmazonProduct
FNDA:0,isValidProductImage
FNDA:0,(anonymous_9)
FNDA:0,scrapeAmazonProductCheerio
FNDA:0,(anonymous_11)
FNDA:0,(anonymous_12)
FNDA:0,(anonymous_13)
FNDA:0,(anonymous_14)
FNDA:0,(anonymous_15)
FNDA:0,(anonymous_16)
FNDA:0,(anonymous_17)
FNDA:0,(anonymous_18)
FNDA:0,(anonymous_19)
FNDA:0,scrapeProduct
FNDA:0,checkScrapingRateLimit
FNDA:0,(anonymous_22)
DA:28,0
DA:30,0
DA:31,0
DA:35,0
DA:43,0
DA:44,0
DA:45,0
DA:46,0
DA:50,0
DA:54,0
DA:56,0
DA:63,0
DA:66,0
DA:75,0
DA:76,0
DA:79,0
DA:82,0
DA:86,0
DA:89,0
DA:92,0
DA:95,0
DA:98,0
DA:102,0
DA:106,0
DA:107,0
DA:108,0
DA:114,0
DA:115,0
DA:116,0
DA:119,0
DA:120,0
DA:123,0
DA:134,0
DA:136,0
DA:138,0
DA:139,0
DA:144,0
DA:151,0
DA:154,0
DA:157,0
DA:164,0
DA:165,0
DA:166,0
DA:167,0
DA:168,0
DA:169,0
DA:170,0
DA:175,0
DA:193,0
DA:199,0
DA:200,0
DA:201,0
DA:202,0
DA:203,0
DA:208,0
DA:214,0
DA:215,0
DA:216,0
DA:217,0
DA:218,0
DA:223,0
DA:229,0
DA:230,0
DA:231,0
DA:232,0
DA:234,0
DA:236,0
DA:237,0
DA:238,0
DA:239,0
DA:242,0
DA:247,0
DA:248,0
DA:249,0
DA:250,0
DA:255,0
DA:261,0
DA:262,0
DA:263,0
DA:264,0
DA:265,0
DA:266,0
DA:267,0
DA:268,0
DA:274,0
DA:275,0
DA:276,0
DA:277,0
DA:282,0
DA:292,0
DA:293,0
DA:294,0
DA:295,0
DA:296,0
DA:297,0
DA:298,0
DA:299,0
DA:300,0
DA:304,0
DA:309,0
DA:310,0
DA:318,0
DA:319,0
DA:320,0
DA:326,0
DA:327,0
DA:335,0
DA:336,0
DA:337,0
DA:338,0
DA:339,0
DA:341,0
DA:348,0
DA:349,0
DA:350,0
DA:351,0
DA:358,0
DA:359,0
DA:362,0
DA:363,0
DA:364,0
DA:365,0
DA:367,0
DA:368,0
DA:369,0
DA:370,0
DA:376,0
DA:377,0
DA:378,0
DA:379,0
DA:384,0
DA:387,0
DA:393,0
DA:394,0
DA:395,0
DA:396,0
DA:397,0
DA:402,0
DA:405,0
DA:423,0
DA:425,0
DA:426,0
DA:427,0
DA:428,0
DA:434,0
DA:435,0
DA:438,0
DA:439,0
DA:440,0
DA:441,0
DA:443,0
DA:444,0
DA:445,0
DA:446,0
DA:447,0
DA:448,0
DA:455,0
DA:456,0
DA:457,0
DA:458,0
DA:460,0
DA:461,0
DA:462,0
DA:463,0
DA:464,0
DA:465,0
DA:473,0
DA:476,0
DA:477,0
DA:478,0
DA:479,0
DA:480,0
DA:481,0
DA:484,0
DA:487,0
DA:495,0
DA:496,0
DA:503,0
DA:504,0
DA:511,0
DA:512,0
DA:513,0
DA:519,0
DA:520,0
DA:523,0
DA:524,0
DA:533,0
DA:534,0
DA:536,0
DA:537,0
DA:544,0
DA:545,0
DA:549,0
DA:551,0
DA:552,0
DA:553,0
DA:555,0
DA:556,0
DA:559,0
DA:562,0
DA:563,0
DA:566,0
DA:567,0
DA:571,0
DA:572,0
LF:205
LH:0
BRDA:30,0,0,0
BRDA:30,0,1,0
BRDA:45,1,0,0
BRDA:45,1,1,0
BRDA:63,2,0,0
BRDA:63,2,1,0
BRDA:63,3,0,0
BRDA:63,3,1,0
BRDA:79,4,0,0
BRDA:79,4,1,0
BRDA:82,5,0,0
BRDA:82,5,1,0
BRDA:82,5,2,0
BRDA:86,6,0,0
BRDA:86,6,1,0
BRDA:89,7,0,0
BRDA:89,7,1,0
BRDA:95,8,0,0
BRDA:95,8,1,0
BRDA:98,9,0,0
BRDA:98,9,1,0
BRDA:98,9,2,0
BRDA:107,10,0,0
BRDA:107,10,1,0
BRDA:107,11,0,0
BRDA:107,11,1,0
BRDA:136,12,0,0
BRDA:136,12,1,0
BRDA:138,13,0,0
BRDA:138,13,1,0
BRDA:167,14,0,0
BRDA:167,14,1,0
BRDA:201,15,0,0
BRDA:201,15,1,0
BRDA:216,16,0,0
BRDA:216,16,1,0
BRDA:231,17,0,0
BRDA:231,17,1,0
BRDA:232,18,0,0
BRDA:232,18,1,0
BRDA:238,19,0,0
BRDA:238,19,1,0
BRDA:247,20,0,0
BRDA:247,20,1,0
BRDA:249,21,0,0
BRDA:249,21,1,0
BRDA:263,22,0,0
BRDA:263,22,1,0
BRDA:266,23,0,0
BRDA:266,23,1,0
BRDA:274,24,0,0
BRDA:274,24,1,0
BRDA:276,25,0,0
BRDA:276,25,1,0
BRDA:294,26,0,0
BRDA:294,26,1,0
BRDA:294,27,0,0
BRDA:294,27,1,0
BRDA:297,28,0,0
BRDA:297,28,1,0
BRDA:299,29,0,0
BRDA:299,29,1,0
BRDA:299,30,0,0
BRDA:299,30,1,0
BRDA:299,30,2,0
BRDA:304,31,0,0
BRDA:304,31,1,0
BRDA:309,32,0,0
BRDA:309,32,1,0
BRDA:319,33,0,0
BRDA:319,33,1,0
BRDA:337,34,0,0
BRDA:337,34,1,0
BRDA:339,35,0,0
BRDA:339,35,1,0
BRDA:339,36,0,0
BRDA:339,36,1,0
BRDA:339,36,2,0
BRDA:348,37,0,0
BRDA:348,37,1,0
BRDA:348,38,0,0
BRDA:348,38,1,0
BRDA:358,39,0,0
BRDA:358,39,1,0
BRDA:362,40,0,0
BRDA:362,40,1,0
BRDA:364,41,0,0
BRDA:364,41,1,0
BRDA:368,42,0,0
BRDA:368,42,1,0
BRDA:368,43,0,0
BRDA:368,43,1,0
BRDA:368,43,2,0
BRDA:376,44,0,0
BRDA:376,44,1,0
BRDA:377,45,0,0
BRDA:377,45,1,0
BRDA:384,46,0,0
BRDA:384,46,1,0
BRDA:395,47,0,0
BRDA:395,47,1,0
BRDA:427,48,0,0
BRDA:427,48,1,0
BRDA:427,49,0,0
BRDA:427,49,1,0
BRDA:434,50,0,0
BRDA:434,50,1,0
BRDA:439,51,0,0
BRDA:439,51,1,0
BRDA:441,52,0,0
BRDA:441,52,1,0
BRDA:445,53,0,0
BRDA:445,53,1,0
BRDA:447,54,0,0
BRDA:447,54,1,0
BRDA:456,55,0,0
BRDA:456,55,1,0
BRDA:458,56,0,0
BRDA:458,56,1,0
BRDA:462,57,0,0
BRDA:462,57,1,0
BRDA:464,58,0,0
BRDA:464,58,1,0
BRDA:479,59,0,0
BRDA:479,59,1,0
BRDA:479,60,0,0
BRDA:479,60,1,0
BRDA:480,61,0,0
BRDA:480,61,1,0
BRDA:480,62,0,0
BRDA:480,62,1,0
BRDA:495,63,0,0
BRDA:495,63,1,0
BRDA:503,64,0,0
BRDA:503,64,1,0
BRDA:511,65,0,0
BRDA:511,65,1,0
BRDA:527,66,0,0
BRDA:527,66,1,0
BRDA:536,67,0,0
BRDA:536,67,1,0
BRDA:551,68,0,0
BRDA:551,69,0,0
BRDA:555,70,0,0
BRDA:555,70,1,0
BRDA:566,71,0,0
BRDA:566,71,1,0
BRF:147
BRH:0
end_of_record
TN:
SF:lib\constants.ts
FNF:0
FNH:0
DA:5,0
DA:11,0
DA:18,0
DA:26,0
DA:35,0
LF:5
LH:0
BRF:0
BRH:0
end_of_record
TN:
SF:lib\copy.ts
FNF:0
FNH:0
DA:1,0
LF:1
LH:0
BRF:0
BRH:0
end_of_record
TN:
SF:lib\database.ts
FN:5,getClientIP
FN:24,checkRateLimit
FN:44,createLead
FN:94,updateLeadEmail
FN:120,createAuditReport
FN:165,getReport
FN:201,getReportsByEmail
FN:230,getLatestReport
FN:265,trackEvent
FN:300,markReportEmailSent
FNF:10
FNH:0
FNDA:0,getClientIP
FNDA:0,checkRateLimit
FNDA:0,createLead
FNDA:0,updateLeadEmail
FNDA:0,createAuditReport
FNDA:0,getReport
FNDA:0,getReportsByEmail
FNDA:0,getLatestReport
FNDA:0,trackEvent
FNDA:0,markReportEmailSent
DA:1,0
DA:5,0
DA:6,0
DA:7,0
DA:8,0
DA:10,0
DA:11,0
DA:13,0
DA:14,0
DA:16,0
DA:17,0
DA:20,0
DA:24,0
DA:25,0
DA:26,0
DA:31,0
DA:32,0
DA:33,0
DA:36,0
DA:38,0
DA:39,0
DA:44,0
DA:49,0
DA:50,0
DA:61,0
DA:62,0
DA:63,0
DA:64,0
DA:65,0
DA:67,0
DA:68,0
DA:69,0
DA:70,0
DA:71,0
DA:72,0
DA:75,0
DA:81,0
DA:82,0
DA:83,0
DA:86,0
DA:88,0
DA:89,0
DA:94,0
DA:95,0
DA:96,0
DA:107,0
DA:108,0
DA:109,0
DA:112,0
DA:114,0
DA:115,0
DA:120,0
DA:129,0
DA:130,0
DA:140,0
DA:141,0
DA:142,0
DA:146,0
DA:152,0
DA:153,0
DA:154,0
DA:157,0
DA:159,0
DA:160,0
DA:165,0
DA:166,0
DA:167,0
DA:188,0
DA:189,0
DA:190,0
DA:193,0
DA:195,0
DA:196,0
DA:201,0
DA:202,0
DA:203,0
DA:217,0
DA:218,0
DA:219,0
DA:222,0
DA:224,0
DA:225,0
DA:230,0
DA:231,0
DA:232,0
DA:252,0
DA:253,0
DA:254,0
DA:257,0
DA:259,0
DA:260,0
DA:265,0
DA:272,0
DA:273,0
DA:280,0
DA:281,0
DA:282,0
DA:283,0
DA:286,0
DA:290,0
DA:291,0
DA:294,0
DA:300,0
DA:301,0
DA:302,0
DA:310,0
DA:311,0
DA:312,0
DA:315,0
DA:317,0
DA:318,0
LF:111
LH:0
BRDA:10,0,0,0
BRDA:10,0,1,0
BRDA:13,1,0,0
BRDA:13,1,1,0
BRDA:16,2,0,0
BRDA:16,2,1,0
BRDA:31,3,0,0
BRDA:31,3,1,0
BRDA:56,4,0,0
BRDA:56,4,1,0
BRDA:57,5,0,0
BRDA:57,5,1,0
BRDA:61,6,0,0
BRDA:61,6,1,0
BRDA:81,7,0,0
BRDA:81,7,1,0
BRDA:107,8,0,0
BRDA:107,8,1,0
BRDA:127,9,0,0
BRDA:140,10,0,0
BRDA:140,10,1,0
BRDA:152,11,0,0
BRDA:152,11,1,0
BRDA:188,12,0,0
BRDA:188,12,1,0
BRDA:217,13,0,0
BRDA:217,13,1,0
BRDA:222,14,0,0
BRDA:222,14,1,0
BRDA:252,15,0,0
BRDA:252,15,1,0
BRDA:257,16,0,0
BRDA:257,16,1,0
BRDA:257,17,0,0
BRDA:257,17,1,0
BRDA:280,18,0,0
BRDA:280,18,1,0
BRDA:282,19,0,0
BRDA:282,19,1,0
BRDA:283,20,0,0
BRDA:283,20,1,0
BRDA:290,21,0,0
BRDA:290,21,1,0
BRDA:310,22,0,0
BRDA:310,22,1,0
BRF:45
BRH:0
end_of_record
TN:
SF:lib\email.ts
FN:6,getResendClient
FN:67,sendWelcomeEmail
FN:285,sendReportEmail
FNF:3
FNH:0
FNDA:0,getResendClient
FNDA:0,sendWelcomeEmail
FNDA:0,sendReportEmail
DA:1,0
DA:2,0
DA:3,0
DA:7,0
DA:8,0
DA:9,0
DA:12,0
DA:14,0
DA:15,0
DA:67,0
DA:68,0
DA:69,0
DA:72,0
DA:73,0
DA:76,0
DA:77,0
DA:78,0
DA:79,0
DA:80,0
DA:91,0
DA:94,0
DA:131,0
DA:133,0
DA:134,0
DA:135,0
DA:137,0
DA:138,0
DA:139,0
DA:141,0
DA:142,0
DA:143,0
DA:145,0
DA:153,0
DA:154,0
DA:159,0
DA:161,0
DA:162,0
DA:163,0
DA:164,0
DA:165,0
DA:166,0
DA:176,0
DA:177,0
DA:178,0
DA:186,0
DA:187,0
DA:188,0
DA:190,0
DA:191,0
DA:249,0
DA:250,0
DA:251,0
DA:252,0
DA:258,0
DA:259,0
DA:262,0
DA:263,0
DA:265,0
DA:266,0
DA:267,0
DA:269,0
DA:270,0
DA:271,0
DA:274,0
DA:275,0
DA:277,0
DA:278,0
DA:279,0
DA:280,0
DA:281,0
DA:285,0
DA:286,0
DA:288,0
DA:290,0
DA:291,0
DA:345,0
DA:346,0
DA:347,0
DA:350,0
DA:352,0
DA:353,0
LF:81
LH:0
BRDA:77,0,0,0
BRDA:77,0,1,0
BRDA:77,1,0,0
BRDA:77,1,1,0
BRDA:94,2,0,0
BRDA:94,2,1,0
BRDA:146,3,0,0
BRDA:146,3,1,0
BRDA:147,4,0,0
BRDA:147,4,1,0
BRDA:164,5,0,0
BRDA:164,5,1,0
BRDA:165,6,0,0
BRDA:165,6,1,0
BRDA:194,7,0,0
BRDA:194,7,1,0
BRDA:204,8,0,0
BRDA:204,8,1,0
BRDA:249,9,0,0
BRDA:249,9,1,0
BRDA:269,10,0,0
BRDA:269,10,1,0
BRDA:280,11,0,0
BRDA:280,11,1,0
BRDA:294,12,0,0
BRDA:294,12,1,0
BRDA:302,13,0,0
BRDA:302,13,1,0
BRDA:315,14,0,0
BRDA:315,14,1,0
BRDA:345,15,0,0
BRDA:345,15,1,0
BRF:32
BRH:0
end_of_record
TN:
SF:lib\env.ts
FN:24,(anonymous_6)
FN:34,requireEnv
FN:49,getEnv
FN:58,validateRequiredEnv
FN:97,(anonymous_10)
FN:98,(anonymous_11)
FN:101,(anonymous_12)
FN:102,(anonymous_13)
FN:103,(anonymous_14)
FN:106,(anonymous_15)
FN:107,(anonymous_16)
FN:108,(anonymous_17)
FNF:12
FNH:0
FNDA:0,(anonymous_6)
FNDA:0,requireEnv
FNDA:0,getEnv
FNDA:0,validateRequiredEnv
FNDA:0,(anonymous_10)
FNDA:0,(anonymous_11)
FNDA:0,(anonymous_12)
FNDA:0,(anonymous_13)
FNDA:0,(anonymous_14)
FNDA:0,(anonymous_15)
FNDA:0,(anonymous_16)
FNDA:0,(anonymous_17)
DA:25,0
DA:26,0
DA:35,0
DA:37,0
DA:38,0
DA:43,0
DA:50,0
DA:51,0
DA:58,0
DA:59,0
DA:61,0
DA:62,0
DA:64,0
DA:65,0
DA:68,0
DA:69,0
DA:70,0
DA:73,0
DA:74,0
DA:75,0
DA:78,0
DA:81,0
DA:82,0
DA:87,0
DA:88,0
DA:95,0
DA:97,0
DA:98,0
DA:101,0
DA:102,0
DA:103,0
DA:106,0
DA:107,0
DA:108,0
DA:112,0
LF:35
LH:0
BRDA:37,0,0,0
BRDA:37,0,1,0
BRDA:37,1,0,0
BRDA:37,1,1,0
BRDA:51,2,0,0
BRDA:51,2,1,0
BRDA:58,3,0,0
BRDA:62,4,0,0
BRDA:62,4,1,0
BRDA:68,5,0,0
BRDA:68,5,1,0
BRDA:69,6,0,0
BRDA:69,6,1,0
BRDA:73,7,0,0
BRDA:73,7,1,0
BRDA:74,8,0,0
BRDA:74,8,1,0
BRDA:81,9,0,0
BRDA:81,9,1,0
BRDA:101,10,0,0
BRDA:101,10,1,0
BRDA:102,11,0,0
BRDA:102,11,1,0
BRF:23
BRH:0
end_of_record
TN:
SF:lib\idq-evaluator.ts
FN:55,evaluateIdqWithAI
FN:81,(anonymous_4)
FN:89,(anonymous_5)
FN:95,(anonymous_6)
FN:97,(anonymous_7)
FN:110,(anonymous_8)
FN:117,(anonymous_9)
FN:169,evaluateIdq
FN:184,(anonymous_11)
FN:192,(anonymous_12)
FN:198,(anonymous_13)
FN:200,(anonymous_14)
FN:224,(anonymous_15)
FN:234,(anonymous_16)
FN:235,(anonymous_17)
FN:241,(anonymous_18)
FN:290,extractBrandFromHtml
FN:306,extractTitleFromHtml
FN:311,extractBulletsFromHtml
FN:325,extractDescriptionFromHtml
FN:344,checkAplusFromHtml
FN:351,(anonymous_24)
FN:354,checkPremiumAplusFromHtml
FN:361,(anonymous_26)
FN:364,checkMainImageFromHtml
FN:371,(anonymous_28)
FN:374,countImagesFromHtml
FN:382,(anonymous_30)
FN:390,extractReviewCountFromHtml
FN:409,extractRatingFromHtml
FN:421,extractAttributeLabelsFromHtml
FN:429,(anonymous_34)
FNF:32
FNH:0
FNDA:0,evaluateIdqWithAI
FNDA:0,(anonymous_4)
FNDA:0,(anonymous_5)
FNDA:0,(anonymous_6)
FNDA:0,(anonymous_7)
FNDA:0,(anonymous_8)
FNDA:0,(anonymous_9)
FNDA:0,evaluateIdq
FNDA:0,(anonymous_11)
FNDA:0,(anonymous_12)
FNDA:0,(anonymous_13)
FNDA:0,(anonymous_14)
FNDA:0,(anonymous_15)
FNDA:0,(anonymous_16)
FNDA:0,(anonymous_17)
FNDA:0,(anonymous_18)
FNDA:0,extractBrandFromHtml
FNDA:0,extractTitleFromHtml
FNDA:0,extractBulletsFromHtml
FNDA:0,extractDescriptionFromHtml
FNDA:0,checkAplusFromHtml
FNDA:0,(anonymous_24)
FNDA:0,checkPremiumAplusFromHtml
FNDA:0,(anonymous_26)
FNDA:0,checkMainImageFromHtml
FNDA:0,(anonymous_28)
FNDA:0,countImagesFromHtml
FNDA:0,(anonymous_30)
FNDA:0,extractReviewCountFromHtml
FNDA:0,extractRatingFromHtml
FNDA:0,extractAttributeLabelsFromHtml
FNDA:0,(anonymous_34)
DA:55,0
DA:56,0
DA:58,0
DA:60,0
DA:61,0
DA:62,0
DA:64,0
DA:68,0
DA:78,0
DA:81,0
DA:82,0
DA:89,0
DA:90,0
DA:91,0
DA:92,0
DA:95,0
DA:96,0
DA:97,0
DA:102,0
DA:110,0
DA:117,0
DA:118,0
DA:119,0
DA:122,0
DA:123,0
DA:124,0
DA:127,0
DA:128,0
DA:129,0
DA:130,0
DA:131,0
DA:132,0
DA:133,0
DA:134,0
DA:135,0
DA:136,0
DA:138,0
DA:162,0
DA:164,0
DA:169,0
DA:171,0
DA:181,0
DA:184,0
DA:185,0
DA:192,0
DA:193,0
DA:194,0
DA:195,0
DA:198,0
DA:199,0
DA:200,0
DA:204,0
DA:205,0
DA:206,0
DA:207,0
DA:208,0
DA:209,0
DA:210,0
DA:211,0
DA:212,0
DA:213,0
DA:216,0
DA:224,0
DA:231,0
DA:232,0
DA:233,0
DA:234,0
DA:235,0
DA:237,0
DA:241,0
DA:242,0
DA:243,0
DA:246,0
DA:247,0
DA:248,0
DA:251,0
DA:252,0
DA:253,0
DA:254,0
DA:255,0
DA:256,0
DA:257,0
DA:258,0
DA:259,0
DA:260,0
DA:261,0
DA:262,0
DA:265,0
DA:291,0
DA:297,0
DA:298,0
DA:299,0
DA:300,0
DA:303,0
DA:307,0
DA:308,0
DA:312,0
DA:313,0
DA:316,0
DA:317,0
DA:318,0
DA:319,0
DA:322,0
DA:326,0
DA:331,0
DA:332,0
DA:333,0
DA:335,0
DA:336,0
DA:337,0
DA:341,0
DA:345,0
DA:351,0
DA:355,0
DA:361,0
DA:365,0
DA:371,0
DA:375,0
DA:381,0
DA:382,0
DA:383,0
DA:384,0
DA:387,0
DA:391,0
DA:396,0
DA:397,0
DA:398,0
DA:399,0
DA:400,0
DA:401,0
DA:402,0
DA:406,0
DA:410,0
DA:411,0
DA:412,0
DA:413,0
DA:414,0
DA:415,0
DA:418,0
DA:422,0
DA:423,0
DA:429,0
DA:431,0
DA:432,0
DA:433,0
DA:434,0
DA:439,0
LF:147
LH:0
BRDA:55,0,0,0
BRDA:60,1,0,0
BRDA:60,1,1,0
BRDA:69,2,0,0
BRDA:69,2,1,0
BRDA:70,3,0,0
BRDA:70,3,1,0
BRDA:71,4,0,0
BRDA:71,4,1,0
BRDA:72,5,0,0
BRDA:72,5,1,0
BRDA:73,6,0,0
BRDA:73,6,1,0
BRDA:74,7,0,0
BRDA:74,7,1,0
BRDA:75,8,0,0
BRDA:75,8,1,0
BRDA:103,9,0,0
BRDA:103,9,1,0
BRDA:104,10,0,0
BRDA:104,10,1,0
BRDA:104,11,0,0
BRDA:104,11,1,0
BRDA:104,11,2,0
BRDA:105,12,0,0
BRDA:105,12,1,0
BRDA:105,13,0,0
BRDA:105,13,1,0
BRDA:105,13,2,0
BRDA:106,14,0,0
BRDA:106,14,1,0
BRDA:106,15,0,0
BRDA:106,15,1,0
BRDA:107,16,0,0
BRDA:107,16,1,0
BRDA:107,17,0,0
BRDA:107,17,1,0
BRDA:108,18,0,0
BRDA:108,18,1,0
BRDA:108,19,0,0
BRDA:108,19,1,0
BRDA:109,20,0,0
BRDA:109,20,1,0
BRDA:109,21,0,0
BRDA:109,21,1,0
BRDA:110,22,0,0
BRDA:110,22,1,0
BRDA:110,23,0,0
BRDA:110,23,1,0
BRDA:110,23,2,0
BRDA:110,23,3,0
BRDA:110,23,4,0
BRDA:112,24,0,0
BRDA:112,24,1,0
BRDA:112,25,0,0
BRDA:112,25,1,0
BRDA:113,26,0,0
BRDA:113,26,1,0
BRDA:113,27,0,0
BRDA:113,27,1,0
BRDA:113,27,2,0
BRDA:123,28,0,0
BRDA:123,28,1,0
BRDA:123,29,0,0
BRDA:123,29,1,0
BRDA:124,30,0,0
BRDA:124,30,1,0
BRDA:124,31,0,0
BRDA:124,31,1,0
BRDA:127,32,0,0
BRDA:127,32,1,0
BRDA:128,33,0,0
BRDA:128,33,1,0
BRDA:128,34,0,0
BRDA:128,34,1,0
BRDA:128,34,2,0
BRDA:129,35,0,0
BRDA:129,35,1,0
BRDA:129,36,0,0
BRDA:129,36,1,0
BRDA:130,37,0,0
BRDA:130,37,1,0
BRDA:130,38,0,0
BRDA:130,38,1,0
BRDA:131,39,0,0
BRDA:131,39,1,0
BRDA:131,40,0,0
BRDA:131,40,1,0
BRDA:132,41,0,0
BRDA:132,41,1,0
BRDA:133,42,0,0
BRDA:133,42,1,0
BRDA:133,43,0,0
BRDA:133,43,1,0
BRDA:134,44,0,0
BRDA:134,44,1,0
BRDA:134,45,0,0
BRDA:134,45,1,0
BRDA:135,46,0,0
BRDA:135,46,1,0
BRDA:136,47,0,0
BRDA:136,47,1,0
BRDA:151,48,0,0
BRDA:151,48,1,0
BRDA:152,49,0,0
BRDA:152,49,1,0
BRDA:169,50,0,0
BRDA:172,51,0,0
BRDA:172,51,1,0
BRDA:173,52,0,0
BRDA:173,52,1,0
BRDA:174,53,0,0
BRDA:174,53,1,0
BRDA:175,54,0,0
BRDA:175,54,1,0
BRDA:176,55,0,0
BRDA:176,55,1,0
BRDA:177,56,0,0
BRDA:177,56,1,0
BRDA:178,57,0,0
BRDA:178,57,1,0
BRDA:217,58,0,0
BRDA:217,58,1,0
BRDA:218,59,0,0
BRDA:218,59,1,0
BRDA:218,60,0,0
BRDA:218,60,1,0
BRDA:218,60,2,0
BRDA:219,61,0,0
BRDA:219,61,1,0
BRDA:219,62,0,0
BRDA:219,62,1,0
BRDA:220,63,0,0
BRDA:220,63,1,0
BRDA:221,64,0,0
BRDA:221,64,1,0
BRDA:221,65,0,0
BRDA:221,65,1,0
BRDA:222,66,0,0
BRDA:222,66,1,0
BRDA:223,67,0,0
BRDA:223,67,1,0
BRDA:224,68,0,0
BRDA:224,68,1,0
BRDA:224,69,0,0
BRDA:224,69,1,0
BRDA:224,69,2,0
BRDA:224,69,3,0
BRDA:226,70,0,0
BRDA:226,70,1,0
BRDA:227,71,0,0
BRDA:227,71,1,0
BRDA:227,72,0,0
BRDA:227,72,1,0
BRDA:231,73,0,0
BRDA:231,73,1,0
BRDA:237,74,0,0
BRDA:237,74,1,0
BRDA:242,75,0,0
BRDA:242,75,1,0
BRDA:247,76,0,0
BRDA:247,76,1,0
BRDA:247,77,0,0
BRDA:247,77,1,0
BRDA:248,78,0,0
BRDA:248,78,1,0
BRDA:248,79,0,0
BRDA:248,79,1,0
BRDA:251,80,0,0
BRDA:251,80,1,0
BRDA:252,81,0,0
BRDA:252,81,1,0
BRDA:252,82,0,0
BRDA:252,82,1,0
BRDA:252,82,2,0
BRDA:253,83,0,0
BRDA:253,83,1,0
BRDA:253,84,0,0
BRDA:253,84,1,0
BRDA:254,85,0,0
BRDA:254,85,1,0
BRDA:255,86,0,0
BRDA:255,86,1,0
BRDA:255,87,0,0
BRDA:255,87,1,0
BRDA:256,88,0,0
BRDA:256,88,1,0
BRDA:257,89,0,0
BRDA:257,89,1,0
BRDA:258,90,0,0
BRDA:258,90,1,0
BRDA:258,91,0,0
BRDA:258,91,1,0
BRDA:259,92,0,0
BRDA:259,92,1,0
BRDA:260,93,0,0
BRDA:260,93,1,0
BRDA:261,94,0,0
BRDA:261,94,1,0
BRDA:261,95,0,0
BRDA:261,95,1,0
BRDA:299,96,0,0
BRDA:299,96,1,0
BRDA:299,97,0,0
BRDA:299,97,1,0
BRDA:308,98,0,0
BRDA:308,98,1,0
BRDA:318,99,0,0
BRDA:318,99,1,0
BRDA:318,100,0,0
BRDA:318,100,1,0
BRDA:333,101,0,0
BRDA:333,101,1,0
BRDA:333,102,0,0
BRDA:333,102,1,0
BRDA:336,103,0,0
BRDA:336,103,1,0
BRDA:384,104,0,0
BRDA:384,104,1,0
BRDA:398,105,0,0
BRDA:398,105,1,0
BRDA:398,106,0,0
BRDA:398,106,1,0
BRDA:401,107,0,0
BRDA:401,107,1,0
BRDA:411,108,0,0
BRDA:411,108,1,0
BRDA:411,109,0,0
BRDA:411,109,1,0
BRDA:414,110,0,0
BRDA:414,110,1,0
BRDA:433,111,0,0
BRDA:433,111,1,0
BRDA:433,112,0,0
BRDA:433,112,1,0
BRDA:433,112,2,0
BRF:236
BRH:0
end_of_record
TN:
SF:lib\pdf.ts
FN:49,generateAuditReportPDF
FN:150,(anonymous_8)
FN:171,(anonymous_9)
FN:200,(anonymous_10)
FN:245,(anonymous_11)
FN:283,(anonymous_12)
FN:321,(anonymous_13)
FN:359,(anonymous_14)
FN:397,(anonymous_15)
FN:441,(anonymous_16)
FN:524,generateListingPackPDF
FN:589,(anonymous_18)
FN:619,(anonymous_19)
FN:651,(anonymous_20)
FN:657,(anonymous_21)
FN:670,(anonymous_22)
FN:711,generatePDF
FN:719,downloadPDF
FN:723,getPDFBlob
FNF:19
FNH:0
FNDA:0,generateAuditReportPDF
FNDA:0,(anonymous_8)
FNDA:0,(anonymous_9)
FNDA:0,(anonymous_10)
FNDA:0,(anonymous_11)
FNDA:0,(anonymous_12)
FNDA:0,(anonymous_13)
FNDA:0,(anonymous_14)
FNDA:0,(anonymous_15)
FNDA:0,(anonymous_16)
FNDA:0,generateListingPackPDF
FNDA:0,(anonymous_18)
FNDA:0,(anonymous_19)
FNDA:0,(anonymous_20)
FNDA:0,(anonymous_21)
FNDA:0,(anonymous_22)
FNDA:0,generatePDF
FNDA:0,downloadPDF
FNDA:0,getPDFBlob
DA:1,0
DA:49,0
DA:50,0
DA:53,0
DA:61,0
DA:62,0
DA:63,0
DA:65,0
DA:66,0
DA:67,0
DA:70,0
DA:71,0
DA:72,0
DA:75,0
DA:76,0
DA:78,0
DA:81,0
DA:82,0
DA:83,0
DA:84,0
DA:85,0
DA:86,0
DA:87,0
DA:88,0
DA:91,0
DA:93,0
DA:94,0
DA:96,0
DA:97,0
DA:98,0
DA:99,0
DA:101,0
DA:103,0
DA:104,0
DA:105,0
DA:106,0
DA:109,0
DA:110,0
DA:111,0
DA:112,0
DA:113,0
DA:114,0
DA:115,0
DA:116,0
DA:120,0
DA:121,0
DA:123,0
DA:124,0
DA:125,0
DA:128,0
DA:129,0
DA:130,0
DA:131,0
DA:134,0
DA:135,0
DA:136,0
DA:137,0
DA:138,0
DA:139,0
DA:142,0
DA:143,0
DA:144,0
DA:145,0
DA:146,0
DA:148,0
DA:149,0
DA:150,0
DA:151,0
DA:152,0
DA:153,0
DA:155,0
DA:156,0
DA:158,0
DA:163,0
DA:164,0
DA:165,0
DA:166,0
DA:167,0
DA:169,0
DA:170,0
DA:171,0
DA:172,0
DA:173,0
DA:174,0
DA:177,0
DA:178,0
DA:179,0
DA:180,0
DA:181,0
DA:183,0
DA:187,0
DA:188,0
DA:189,0
DA:190,0
DA:193,0
DA:194,0
DA:195,0
DA:196,0
DA:198,0
DA:199,0
DA:200,0
DA:201,0
DA:202,0
DA:203,0
DA:206,0
DA:207,0
DA:208,0
DA:209,0
DA:210,0
DA:212,0
DA:216,0
DA:217,0
DA:218,0
DA:219,0
DA:222,0
DA:223,0
DA:224,0
DA:225,0
DA:228,0
DA:229,0
DA:230,0
DA:231,0
DA:234,0
DA:235,0
DA:236,0
DA:237,0
DA:239,0
DA:240,0
DA:241,0
DA:242,0
DA:243,0
DA:244,0
DA:245,0
DA:246,0
DA:247,0
DA:248,0
DA:249,0
DA:251,0
DA:254,0
DA:255,0
DA:256,0
DA:259,0
DA:260,0
DA:262,0
DA:266,0
DA:267,0
DA:268,0
DA:269,0
DA:272,0
DA:273,0
DA:274,0
DA:275,0
DA:277,0
DA:278,0
DA:279,0
DA:280,0
DA:281,0
DA:282,0
DA:283,0
DA:284,0
DA:285,0
DA:286,0
DA:287,0
DA:289,0
DA:292,0
DA:293,0
DA:294,0
DA:297,0
DA:298,0
DA:300,0
DA:304,0
DA:305,0
DA:306,0
DA:307,0
DA:310,0
DA:311,0
DA:312,0
DA:313,0
DA:315,0
DA:316,0
DA:317,0
DA:318,0
DA:319,0
DA:320,0
DA:321,0
DA:322,0
DA:323,0
DA:324,0
DA:325,0
DA:327,0
DA:330,0
DA:331,0
DA:332,0
DA:335,0
DA:336,0
DA:338,0
DA:342,0
DA:343,0
DA:344,0
DA:345,0
DA:348,0
DA:349,0
DA:350,0
DA:351,0
DA:353,0
DA:354,0
DA:355,0
DA:356,0
DA:357,0
DA:358,0
DA:359,0
DA:360,0
DA:361,0
DA:362,0
DA:363,0
DA:365,0
DA:368,0
DA:369,0
DA:370,0
DA:373,0
DA:374,0
DA:376,0
DA:380,0
DA:381,0
DA:382,0
DA:383,0
DA:386,0
DA:387,0
DA:388,0
DA:389,0
DA:391,0
DA:392,0
DA:393,0
DA:394,0
DA:395,0
DA:396,0
DA:397,0
DA:398,0
DA:399,0
DA:400,0
DA:401,0
DA:403,0
DA:406,0
DA:407,0
DA:408,0
DA:411,0
DA:412,0
DA:414,0
DA:418,0
DA:419,0
DA:420,0
DA:421,0
DA:424,0
DA:425,0
DA:426,0
DA:427,0
DA:429,0
DA:430,0
DA:431,0
DA:432,0
DA:433,0
DA:436,0
DA:437,0
DA:438,0
DA:439,0
DA:440,0
DA:441,0
DA:442,0
DA:443,0
DA:444,0
DA:446,0
DA:447,0
DA:449,0
DA:452,0
DA:453,0
DA:454,0
DA:455,0
DA:456,0
DA:459,0
DA:460,0
DA:461,0
DA:462,0
DA:463,0
DA:468,0
DA:469,0
DA:470,0
DA:471,0
DA:474,0
DA:475,0
DA:476,0
DA:477,0
DA:479,0
DA:480,0
DA:482,0
DA:483,0
DA:484,0
DA:486,0
DA:487,0
DA:488,0
DA:490,0
DA:491,0
DA:492,0
DA:494,0
DA:495,0
DA:496,0
DA:498,0
DA:499,0
DA:500,0
DA:506,0
DA:507,0
DA:508,0
DA:511,0
DA:512,0
DA:513,0
DA:514,0
DA:515,0
DA:516,0
DA:517,0
DA:518,0
DA:519,0
DA:521,0
DA:524,0
DA:525,0
DA:528,0
DA:536,0
DA:537,0
DA:538,0
DA:540,0
DA:541,0
DA:542,0
DA:545,0
DA:546,0
DA:547,0
DA:550,0
DA:551,0
DA:553,0
DA:556,0
DA:557,0
DA:558,0
DA:559,0
DA:560,0
DA:561,0
DA:564,0
DA:565,0
DA:566,0
DA:569,0
DA:570,0
DA:571,0
DA:574,0
DA:577,0
DA:578,0
DA:579,0
DA:580,0
DA:581,0
DA:583,0
DA:584,0
DA:587,0
DA:588,0
DA:589,0
DA:590,0
DA:591,0
DA:592,0
DA:593,0
DA:595,0
DA:598,0
DA:599,0
DA:600,0
DA:602,0
DA:606,0
DA:607,0
DA:608,0
DA:609,0
DA:612,0
DA:613,0
DA:614,0
DA:615,0
DA:617,0
DA:618,0
DA:619,0
DA:620,0
DA:621,0
DA:622,0
DA:625,0
DA:626,0
DA:627,0
DA:628,0
DA:629,0
DA:631,0
DA:635,0
DA:636,0
DA:637,0
DA:638,0
DA:641,0
DA:642,0
DA:643,0
DA:644,0
DA:646,0
DA:647,0
DA:650,0
DA:651,0
DA:652,0
DA:653,0
DA:654,0
DA:657,0
DA:658,0
DA:659,0
DA:660,0
DA:661,0
DA:663,0
DA:664,0
DA:665,0
DA:666,0
DA:668,0
DA:669,0
DA:670,0
DA:671,0
DA:672,0
DA:673,0
DA:674,0
DA:676,0
DA:679,0
DA:680,0
DA:681,0
DA:684,0
DA:685,0
DA:687,0
DA:693,0
DA:694,0
DA:695,0
DA:698,0
DA:699,0
DA:700,0
DA:701,0
DA:702,0
DA:703,0
DA:704,0
DA:705,0
DA:706,0
DA:708,0
DA:711,0
DA:712,0
DA:713,0
DA:715,0
DA:719,0
DA:720,0
DA:723,0
DA:724,0
LF:447
LH:0
BRDA:55,0,0,0
BRDA:55,0,1,0
BRDA:85,1,0,0
BRDA:85,1,1,0
BRDA:91,2,0,0
BRDA:91,2,1,0
BRDA:103,3,0,0
BRDA:103,3,1,0
BRDA:103,4,0,0
BRDA:103,4,1,0
BRDA:112,5,0,0
BRDA:112,5,1,0
BRDA:113,6,0,0
BRDA:113,6,1,0
BRDA:120,7,0,0
BRDA:120,7,1,0
BRDA:123,8,0,0
BRDA:123,8,1,0
BRDA:142,9,0,0
BRDA:142,9,1,0
BRDA:142,10,0,0
BRDA:142,10,1,0
BRDA:151,11,0,0
BRDA:151,11,1,0
BRDA:163,12,0,0
BRDA:163,12,1,0
BRDA:163,13,0,0
BRDA:163,13,1,0
BRDA:172,14,0,0
BRDA:172,14,1,0
BRDA:187,15,0,0
BRDA:187,15,1,0
BRDA:187,16,0,0
BRDA:187,16,1,0
BRDA:188,17,0,0
BRDA:188,17,1,0
BRDA:201,18,0,0
BRDA:201,18,1,0
BRDA:216,19,0,0
BRDA:216,19,1,0
BRDA:216,20,0,0
BRDA:216,20,1,0
BRDA:216,20,2,0
BRDA:217,21,0,0
BRDA:217,21,1,0
BRDA:228,22,0,0
BRDA:228,22,1,0
BRDA:229,23,0,0
BRDA:229,23,1,0
BRDA:242,24,0,0
BRDA:242,24,1,0
BRDA:246,25,0,0
BRDA:246,25,1,0
BRDA:254,26,0,0
BRDA:254,26,1,0
BRDA:266,27,0,0
BRDA:266,27,1,0
BRDA:267,28,0,0
BRDA:267,28,1,0
BRDA:280,29,0,0
BRDA:280,29,1,0
BRDA:284,30,0,0
BRDA:284,30,1,0
BRDA:292,31,0,0
BRDA:292,31,1,0
BRDA:304,32,0,0
BRDA:304,32,1,0
BRDA:305,33,0,0
BRDA:305,33,1,0
BRDA:318,34,0,0
BRDA:318,34,1,0
BRDA:322,35,0,0
BRDA:322,35,1,0
BRDA:330,36,0,0
BRDA:330,36,1,0
BRDA:342,37,0,0
BRDA:342,37,1,0
BRDA:343,38,0,0
BRDA:343,38,1,0
BRDA:356,39,0,0
BRDA:356,39,1,0
BRDA:360,40,0,0
BRDA:360,40,1,0
BRDA:368,41,0,0
BRDA:368,41,1,0
BRDA:380,42,0,0
BRDA:380,42,1,0
BRDA:381,43,0,0
BRDA:381,43,1,0
BRDA:394,44,0,0
BRDA:394,44,1,0
BRDA:398,45,0,0
BRDA:398,45,1,0
BRDA:406,46,0,0
BRDA:406,46,1,0
BRDA:418,47,0,0
BRDA:418,47,1,0
BRDA:419,48,0,0
BRDA:419,48,1,0
BRDA:429,49,0,0
BRDA:429,49,1,0
BRDA:436,50,0,0
BRDA:436,50,1,0
BRDA:436,51,0,0
BRDA:436,51,1,0
BRDA:442,52,0,0
BRDA:442,52,1,0
BRDA:452,53,0,0
BRDA:452,53,1,0
BRDA:459,54,0,0
BRDA:459,54,1,0
BRDA:468,55,0,0
BRDA:468,55,1,0
BRDA:469,56,0,0
BRDA:469,56,1,0
BRDA:482,57,0,0
BRDA:482,57,1,0
BRDA:486,58,0,0
BRDA:486,58,1,0
BRDA:490,59,0,0
BRDA:490,59,1,0
BRDA:494,60,0,0
BRDA:494,60,1,0
BRDA:498,61,0,0
BRDA:498,61,1,0
BRDA:506,62,0,0
BRDA:506,62,1,0
BRDA:564,63,0,0
BRDA:564,63,1,0
BRDA:569,64,0,0
BRDA:569,64,1,0
BRDA:577,65,0,0
BRDA:577,65,1,0
BRDA:590,66,0,0
BRDA:590,66,1,0
BRDA:598,67,0,0
BRDA:598,67,1,0
BRDA:606,68,0,0
BRDA:606,68,1,0
BRDA:606,69,0,0
BRDA:606,69,1,0
BRDA:607,70,0,0
BRDA:607,70,1,0
BRDA:620,71,0,0
BRDA:620,71,1,0
BRDA:635,72,0,0
BRDA:635,72,1,0
BRDA:636,73,0,0
BRDA:636,73,1,0
BRDA:650,74,0,0
BRDA:650,74,1,0
BRDA:652,75,0,0
BRDA:652,75,1,0
BRDA:666,76,0,0
BRDA:666,76,1,0
BRDA:671,77,0,0
BRDA:671,77,1,0
BRDA:679,78,0,0
BRDA:679,78,1,0
BRDA:693,79,0,0
BRDA:693,79,1,0
BRDA:712,80,0,0
BRDA:712,80,1,0
BRF:163
BRH:0
end_of_record
TN:
SF:lib\product-scraper.ts
FN:28,scrapeProductPage
FN:37,(anonymous_2)
FN:38,(anonymous_3)
FN:111,extractRawContent
FN:126,extractHeadings
FN:141,extractParagraphs
FN:157,extractTitle
FN:176,extractDescription
FN:195,extractPrice
FN:216,extractImages
FN:254,extractFeatures
FN:277,extractCategory
FN:293,extractBrand
FN:309,extractAvailability
FN:327,extractRating
FN:343,extractReviewCount
FNF:16
FNH:0
FNDA:0,scrapeProductPage
FNDA:0,(anonymous_2)
FNDA:0,(anonymous_3)
FNDA:0,extractRawContent
FNDA:0,extractHeadings
FNDA:0,extractParagraphs
FNDA:0,extractTitle
FNDA:0,extractDescription
FNDA:0,extractPrice
FNDA:0,extractImages
FNDA:0,extractFeatures
FNDA:0,extractCategory
FNDA:0,extractBrand
FNDA:0,extractAvailability
FNDA:0,extractRating
FNDA:0,extractReviewCount
DA:28,0
DA:29,0
DA:30,0
DA:33,0
DA:34,0
DA:37,0
DA:38,0
DA:41,0
DA:52,0
DA:54,0
DA:55,0
DA:61,0
DA:64,0
DA:65,0
DA:66,0
DA:69,0
DA:82,0
DA:91,0
DA:99,0
DA:102,0
DA:103,0
DA:113,0
DA:114,0
DA:117,0
DA:120,0
DA:123,0
DA:127,0
DA:128,0
DA:131,0
DA:132,0
DA:133,0
DA:134,0
DA:138,0
DA:142,0
DA:143,0
DA:146,0
DA:147,0
DA:148,0
DA:149,0
DA:153,0
DA:159,0
DA:167,0
DA:168,0
DA:169,0
DA:170,0
DA:173,0
DA:178,0
DA:186,0
DA:187,0
DA:188,0
DA:189,0
DA:192,0
DA:197,0
DA:207,0
DA:208,0
DA:209,0
DA:210,0
DA:213,0
DA:217,0
DA:220,0
DA:226,0
DA:228,0
DA:229,0
DA:232,0
DA:233,0
DA:234,0
DA:235,0
DA:236,0
DA:240,0
DA:246,0
DA:251,0
DA:255,0
DA:258,0
DA:264,0
DA:266,0
DA:267,0
DA:268,0
DA:269,0
DA:274,0
DA:278,0
DA:284,0
DA:285,0
DA:286,0
DA:287,0
DA:290,0
DA:294,0
DA:300,0
DA:301,0
DA:302,0
DA:303,0
DA:306,0
DA:310,0
DA:318,0
DA:319,0
DA:320,0
DA:321,0
DA:324,0
DA:328,0
DA:334,0
DA:335,0
DA:336,0
DA:337,0
DA:340,0
DA:344,0
DA:350,0
DA:351,0
DA:352,0
DA:353,0
DA:356,0
LF:109
LH:0
BRDA:54,0,0,0
BRDA:54,0,1,0
BRDA:92,1,0,0
BRDA:92,1,1,0
BRDA:93,2,0,0
BRDA:93,2,1,0
BRDA:94,3,0,0
BRDA:94,3,1,0
BRDA:95,4,0,0
BRDA:95,4,1,0
BRDA:96,5,0,0
BRDA:96,5,1,0
BRDA:105,6,0,0
BRDA:105,6,1,0
BRDA:133,7,0,0
BRDA:133,7,1,0
BRDA:133,8,0,0
BRDA:133,8,1,0
BRDA:133,8,2,0
BRDA:148,9,0,0
BRDA:148,9,1,0
BRDA:148,10,0,0
BRDA:148,10,1,0
BRDA:148,10,2,0
BRDA:169,11,0,0
BRDA:169,11,1,0
BRDA:169,12,0,0
BRDA:169,12,1,0
BRDA:188,13,0,0
BRDA:188,13,1,0
BRDA:188,14,0,0
BRDA:188,14,1,0
BRDA:209,15,0,0
BRDA:209,15,1,0
BRDA:209,16,0,0
BRDA:209,16,1,0
BRDA:232,17,0,0
BRDA:232,17,1,0
BRDA:234,18,0,0
BRDA:234,18,1,0
BRDA:240,19,0,0
BRDA:240,19,1,0
BRDA:240,20,0,0
BRDA:240,20,1,0
BRDA:240,20,2,0
BRDA:240,20,3,0
BRDA:240,20,4,0
BRDA:240,20,5,0
BRDA:268,21,0,0
BRDA:268,21,1,0
BRDA:268,22,0,0
BRDA:268,22,1,0
BRDA:268,22,2,0
BRDA:268,22,3,0
BRDA:286,23,0,0
BRDA:286,23,1,0
BRDA:286,24,0,0
BRDA:286,24,1,0
BRDA:302,25,0,0
BRDA:302,25,1,0
BRDA:302,26,0,0
BRDA:302,26,1,0
BRDA:320,27,0,0
BRDA:320,27,1,0
BRDA:320,28,0,0
BRDA:320,28,1,0
BRDA:336,29,0,0
BRDA:336,29,1,0
BRDA:336,30,0,0
BRDA:336,30,1,0
BRDA:352,31,0,0
BRDA:352,31,1,0
BRDA:352,32,0,0
BRDA:352,32,1,0
BRF:74
BRH:0
end_of_record
TN:
SF:lib\supabase.ts
FNF:0
FNH:0
DA:1,0
DA:2,0
DA:4,0
DA:5,0
DA:6,0
DA:8,0
DA:9,0
DA:13,0
DA:16,0
DA:143,0
LF:10
LH:0
BRDA:8,0,0,0
BRDA:8,0,1,0
BRDA:8,1,0,0
BRDA:8,1,1,0
BRDA:16,2,0,0
BRDA:16,2,1,0
BRF:6
BRH:0
end_of_record
TN:
SF:lib\utils.ts
FN:4,cn
FNF:1
FNH:1
FNDA:9,cn
DA:1,1
DA:2,1
DA:4,9
DA:5,9
LF:4
LH:4
BRF:0
BRH:0
end_of_record
TN:
SF:lib\validation.ts
FN:12,(anonymous_14)
FN:84,(anonymous_15)
FNF:2
FNH:2
FNDA:37,(anonymous_14)
FNDA:11,(anonymous_15)
DA:1,2
DA:4,10
DA:5,6
DA:6,2
DA:9,20
DA:14,37
DA:15,37
DA:18,18
DA:19,18
DA:20,9
DA:22,9
DA:27,5
DA:33,2
DA:34,2
DA:37,7
DA:39,7
DA:44,7
DA:47,4
DA:54,17
DA:63,11
DA:84,11
LF:21
LH:21
BRDA:15,0,0,19
BRDA:15,0,1,18
BRDA:20,1,0,9
BRDA:20,1,1,8
BRDA:84,2,0,11
BRDA:84,2,1,8
BRDA:84,2,2,7
BRF:7
BRH:7
end_of_record
